<?xml version="1.0" encoding="UTF-8"?>
<testsuites>
  <testsuite name="" tests="135" assertions="231" errors="28" warnings="0" failures="20" skipped="0" time="0.046932">
    <testsuite name="Unit" tests="135" assertions="231" errors="28" warnings="0" failures="20" skipped="0" time="0.046932">
      <testsuite name="ShortcodesPageTest" file="/workspace/FoodBank-Manager/tests/Unit/AAAShortcodesPageTest.php" tests="6" assertions="12" errors="1" warnings="0" failures="0" skipped="0" time="0.007414">
        <testcase name="testDiscoverShortcodesMetadata" class="ShortcodesPageTest" classname="ShortcodesPageTest" file="/workspace/FoodBank-Manager/tests/Unit/AAAShortcodesPageTest.php" line="37" assertions="3" time="0.004281"/>
        <testcase name="testCapabilityRequired" class="ShortcodesPageTest" classname="ShortcodesPageTest" file="/workspace/FoodBank-Manager/tests/Unit/AAAShortcodesPageTest.php" line="48" assertions="0" time="0.000872">
          <error type="FbmDieException">ShortcodesPageTest::testCapabilityRequired
FbmDieException: You do not have permission to access this page.

/workspace/FoodBank-Manager/tests/Support/WPStubs.php:128
/workspace/FoodBank-Manager/includes/Admin/ShortcodesPage.php:23
/workspace/FoodBank-Manager/tests/Unit/AAAShortcodesPageTest.php:51</error>
        </testcase>
        <testcase name="testInvalidNonceBlocksPreview" class="ShortcodesPageTest" classname="ShortcodesPageTest" file="/workspace/FoodBank-Manager/tests/Unit/AAAShortcodesPageTest.php" line="56" assertions="1" time="0.000534"/>
        <testcase name="testUnknownShortcodeRejected" class="ShortcodesPageTest" classname="ShortcodesPageTest" file="/workspace/FoodBank-Manager/tests/Unit/AAAShortcodesPageTest.php" line="65" assertions="2" time="0.000747"/>
        <testcase name="testAttributeSanitizer" class="ShortcodesPageTest" classname="ShortcodesPageTest" file="/workspace/FoodBank-Manager/tests/Unit/AAAShortcodesPageTest.php" line="78" assertions="4" time="0.000505"/>
        <testcase name="testPreviewFiltersHtml" class="ShortcodesPageTest" classname="ShortcodesPageTest" file="/workspace/FoodBank-Manager/tests/Unit/AAAShortcodesPageTest.php" line="101" assertions="2" time="0.000474"/>
      </testsuite>
      <testsuite name="DiagnosticsPageTest" file="/workspace/FoodBank-Manager/tests/Unit/Admin/DiagnosticsPageTest.php" tests="7" assertions="10" errors="0" warnings="0" failures="5" skipped="0" time="0.006372">
        <testcase name="testSendTestEmailSuccess" class="DiagnosticsPageTest" classname="DiagnosticsPageTest" file="/workspace/FoodBank-Manager/tests/Unit/Admin/DiagnosticsPageTest.php" line="93" assertions="1" time="0.002349">
          <failure type="PHPUnit\Framework\ExpectationFailedException">DiagnosticsPageTest::testSendTestEmailSuccess
Failed asserting that '' contains "notice=sent".

/workspace/FoodBank-Manager/tests/Unit/Admin/DiagnosticsPageTest.php:103</failure>
        </testcase>
        <testcase name="testSendTestEmailFailure" class="DiagnosticsPageTest" classname="DiagnosticsPageTest" file="/workspace/FoodBank-Manager/tests/Unit/Admin/DiagnosticsPageTest.php" line="106" assertions="1" time="0.000078">
          <failure type="PHPUnit\Framework\ExpectationFailedException">DiagnosticsPageTest::testSendTestEmailFailure
Failed asserting that '' contains "notice=error".

/workspace/FoodBank-Manager/tests/Unit/Admin/DiagnosticsPageTest.php:117</failure>
        </testcase>
        <testcase name="testTemplateRendersCrypto" class="DiagnosticsPageTest" classname="DiagnosticsPageTest" file="/workspace/FoodBank-Manager/tests/Unit/Admin/DiagnosticsPageTest.php" line="120" assertions="3" time="0.001677"/>
        <testcase name="testCronTableShowsOverdue" class="DiagnosticsPageTest" classname="DiagnosticsPageTest" file="/workspace/FoodBank-Manager/tests/Unit/Admin/DiagnosticsPageTest.php" line="138" assertions="2" time="0.000483"/>
        <testcase name="testRetentionRunOutputsSummary" class="DiagnosticsPageTest" classname="DiagnosticsPageTest" file="/workspace/FoodBank-Manager/tests/Unit/Admin/DiagnosticsPageTest.php" line="170" assertions="1" time="0.000534">
          <failure type="PHPUnit\Framework\ExpectationFailedException">DiagnosticsPageTest::testRetentionRunOutputsSummary
Failed asserting that '&lt;div class="wrap fbm-admin"&gt;\n
\n
&lt;!-- fbm-render admin:diagnostics pass=3 --&gt;\n
    &lt;h1&gt;Diagnostics&lt;/h1&gt;\n
                &lt;span class="fbm-badge fbm-badge--warn"&gt;RenderOnce duplicates&lt;/span&gt;\n
                      &lt;h2&gt;Crypto&lt;/h2&gt;\n
    &lt;ul&gt;\n
        &lt;li&gt;⚠️ key&lt;/li&gt;\n
        &lt;li&gt;sodium: polyfill&lt;/li&gt;\n
    &lt;/ul&gt;\n
    &lt;h2&gt;SMTP&lt;/h2&gt;\n
    &lt;p&gt;Transport: wp_mail&lt;/p&gt;\n
    &lt;form method="post" action=""&gt;\n
        &lt;input type="hidden" name="_fbm_nonce" value="8e9554b8b06e8cc92774a0af765aefb19bba0abb34c54cb86bcb9fef1d6be75c" /&gt;        &lt;input type="hidden" name="fbm_action" value="mail_test" /&gt;\n
        &lt;p&gt;&lt;button type="submit" class="button"&gt;Send test email&lt;/button&gt;&lt;/p&gt;\n
    &lt;/form&gt;\n
    &lt;h2&gt;Environment&lt;/h2&gt;\n
    &lt;ul&gt;\n
        &lt;li&gt;PHP 8.4.12&lt;/li&gt;\n
        &lt;li&gt;WP 6.5.0&lt;/li&gt;\n
        &lt;li&gt;FBM 0.0.0-dev&lt;/li&gt;\n
        &lt;li&gt;Last successful FBM boot (plugins_loaded): not recorded&lt;/li&gt;\n
        &lt;li&gt;Admin notices rendered this request: 0&lt;/li&gt;\n
    &lt;/ul&gt;\n
    &lt;h2&gt;Install Health&lt;/h2&gt;\n
    &lt;p&gt;Only one copy of the plugin should remain installed under foodbank-manager/.&lt;/p&gt;\n
    &lt;p&gt;Canonical slug: foodbank-manager/foodbank-manager.php&lt;/p&gt;\n
    &lt;p&gt;Duplicate copies: 0&lt;/p&gt;\n
                &lt;h2&gt;Quick Checks&lt;/h2&gt;\n
    &lt;table class="widefat"&gt;\n
        &lt;thead&gt;\n
            &lt;tr&gt;\n
                &lt;th&gt;Check&lt;/th&gt;\n
                &lt;th&gt;Value&lt;/th&gt;\n
                &lt;th&gt;Status&lt;/th&gt;\n
            &lt;/tr&gt;\n
        &lt;/thead&gt;\n
        &lt;tbody&gt;\n
                        &lt;tr&gt;\n
                &lt;td&gt;Menu parents registered&lt;/td&gt;\n
                &lt;td&gt;0&lt;/td&gt;\n
                &lt;td&gt;⚠️&lt;/td&gt;\n
            &lt;/tr&gt;\n
                    &lt;/tbody&gt;\n
    &lt;/table&gt;\n
        &lt;h2&gt;Render counts (this request)&lt;/h2&gt;\n
    &lt;table class="widefat"&gt;\n
        &lt;thead&gt;\n
            &lt;tr&gt;\n
                &lt;th&gt;Screen&lt;/th&gt;\n
                &lt;th&gt;Count&lt;/th&gt;\n
            &lt;/tr&gt;\n
        &lt;/thead&gt;\n
        &lt;tbody&gt;\n
                        &lt;tr&gt;\n
                &lt;td&gt;admin:shortcodes&lt;/td&gt;\n
                &lt;td&gt;2&lt;/td&gt;\n
            &lt;/tr&gt;\n
                        &lt;tr&gt;\n
                &lt;td&gt;admin:diagnostics&lt;/td&gt;\n
                &lt;td&gt;2&lt;/td&gt;\n
            &lt;/tr&gt;\n
                    &lt;/tbody&gt;\n
    &lt;/table&gt;\n
        &lt;p&gt;Duplicates: admin:shortcodes, admin:diagnostics&lt;/p&gt;\n
              &lt;h2&gt;Menu Visibility&lt;/h2&gt;\n
      &lt;p&gt;FBM caps held by current user: &lt;strong&gt;9 / 10&lt;/strong&gt;&lt;/p&gt;\n
      &lt;form method="post" action=""&gt;\n
          &lt;input type="hidden" name="fbm_action" value="fbm_repair_caps" /&gt;\n
          &lt;input type="hidden" name="_wpnonce" value="4ac1cd57f6520b68e63b8f67784306d4fb98cb6926b03f0776d0657c2126bf61" /&gt;          &lt;button type="submit" class="button"&gt;Repair caps&lt;/button&gt;      &lt;/form&gt;\n
    &lt;h2&gt;Cron Health&lt;/h2&gt;\n
        &lt;form method="post" action="" style="display:inline-block;margin-right:1em;"&gt;\n
        &lt;input type="hidden" name="fbm_action" value="fbm_retention_run" /&gt;\n
        &lt;input type="hidden" name="_wpnonce" value="f7f8ced5ad127f28efb23d793a086d908470e09e13f660d4c755416fba2faf79" /&gt;        &lt;button type="submit" class="button"&gt;Run now&lt;/button&gt;\n
    &lt;/form&gt;\n
    &lt;form method="post" action="" style="display:inline-block;"&gt;\n
        &lt;input type="hidden" name="fbm_action" value="fbm_retention_dry_run" /&gt;\n
        &lt;input type="hidden" name="_wpnonce" value="8fdfd529be9ac4d9a7c34a1de13d8f80df7f14ee71a20def841c07f6c9ea6d6d" /&gt;        &lt;button type="submit" class="button"&gt;Dry-run&lt;/button&gt;\n
    &lt;/form&gt;\n
            &lt;table class="widefat"&gt;\n
        &lt;thead&gt;\n
            &lt;tr&gt;\n
                &lt;th&gt;Event&lt;/th&gt;\n
                &lt;th&gt;Schedule&lt;/th&gt;\n
                &lt;th&gt;Last run&lt;/th&gt;\n
                &lt;th&gt;Next run&lt;/th&gt;\n
                &lt;th&gt;Status&lt;/th&gt;\n
            &lt;/tr&gt;\n
        &lt;/thead&gt;\n
        &lt;tbody&gt;\n
                        &lt;tr&gt;\n
                &lt;td&gt;fbm_retention_tick&lt;/td&gt;\n
                &lt;td&gt;&lt;/td&gt;\n
                &lt;td&gt;&amp;mdash;&lt;/td&gt;\n
                &lt;td&gt;&amp;mdash;&lt;/td&gt;\n
                &lt;td&gt;✅&lt;/td&gt;\n
            &lt;/tr&gt;\n
                    &lt;/tbody&gt;\n
    &lt;/table&gt;\n
&lt;/div&gt;\n
' contains "applications".

/workspace/FoodBank-Manager/tests/Unit/Admin/DiagnosticsPageTest.php:198</failure>
        </testcase>
        <testcase name="testRetentionDryRunOutputsSummary" class="DiagnosticsPageTest" classname="DiagnosticsPageTest" file="/workspace/FoodBank-Manager/tests/Unit/Admin/DiagnosticsPageTest.php" line="201" assertions="1" time="0.000581">
          <failure type="PHPUnit\Framework\ExpectationFailedException">DiagnosticsPageTest::testRetentionDryRunOutputsSummary
Failed asserting that '&lt;div class="wrap fbm-admin"&gt;\n
\n
&lt;!-- fbm-render admin:diagnostics pass=4 --&gt;\n
    &lt;h1&gt;Diagnostics&lt;/h1&gt;\n
                &lt;span class="fbm-badge fbm-badge--warn"&gt;RenderOnce duplicates&lt;/span&gt;\n
                      &lt;h2&gt;Crypto&lt;/h2&gt;\n
    &lt;ul&gt;\n
        &lt;li&gt;⚠️ key&lt;/li&gt;\n
        &lt;li&gt;sodium: polyfill&lt;/li&gt;\n
    &lt;/ul&gt;\n
    &lt;h2&gt;SMTP&lt;/h2&gt;\n
    &lt;p&gt;Transport: wp_mail&lt;/p&gt;\n
    &lt;form method="post" action=""&gt;\n
        &lt;input type="hidden" name="_fbm_nonce" value="8e9554b8b06e8cc92774a0af765aefb19bba0abb34c54cb86bcb9fef1d6be75c" /&gt;        &lt;input type="hidden" name="fbm_action" value="mail_test" /&gt;\n
        &lt;p&gt;&lt;button type="submit" class="button"&gt;Send test email&lt;/button&gt;&lt;/p&gt;\n
    &lt;/form&gt;\n
    &lt;h2&gt;Environment&lt;/h2&gt;\n
    &lt;ul&gt;\n
        &lt;li&gt;PHP 8.4.12&lt;/li&gt;\n
        &lt;li&gt;WP 6.5.0&lt;/li&gt;\n
        &lt;li&gt;FBM 0.0.0-dev&lt;/li&gt;\n
        &lt;li&gt;Last successful FBM boot (plugins_loaded): not recorded&lt;/li&gt;\n
        &lt;li&gt;Admin notices rendered this request: 0&lt;/li&gt;\n
    &lt;/ul&gt;\n
    &lt;h2&gt;Install Health&lt;/h2&gt;\n
    &lt;p&gt;Only one copy of the plugin should remain installed under foodbank-manager/.&lt;/p&gt;\n
    &lt;p&gt;Canonical slug: foodbank-manager/foodbank-manager.php&lt;/p&gt;\n
    &lt;p&gt;Duplicate copies: 0&lt;/p&gt;\n
                &lt;h2&gt;Quick Checks&lt;/h2&gt;\n
    &lt;table class="widefat"&gt;\n
        &lt;thead&gt;\n
            &lt;tr&gt;\n
                &lt;th&gt;Check&lt;/th&gt;\n
                &lt;th&gt;Value&lt;/th&gt;\n
                &lt;th&gt;Status&lt;/th&gt;\n
            &lt;/tr&gt;\n
        &lt;/thead&gt;\n
        &lt;tbody&gt;\n
                        &lt;tr&gt;\n
                &lt;td&gt;Menu parents registered&lt;/td&gt;\n
                &lt;td&gt;0&lt;/td&gt;\n
                &lt;td&gt;⚠️&lt;/td&gt;\n
            &lt;/tr&gt;\n
                    &lt;/tbody&gt;\n
    &lt;/table&gt;\n
        &lt;h2&gt;Render counts (this request)&lt;/h2&gt;\n
    &lt;table class="widefat"&gt;\n
        &lt;thead&gt;\n
            &lt;tr&gt;\n
                &lt;th&gt;Screen&lt;/th&gt;\n
                &lt;th&gt;Count&lt;/th&gt;\n
            &lt;/tr&gt;\n
        &lt;/thead&gt;\n
        &lt;tbody&gt;\n
                        &lt;tr&gt;\n
                &lt;td&gt;admin:shortcodes&lt;/td&gt;\n
                &lt;td&gt;2&lt;/td&gt;\n
            &lt;/tr&gt;\n
                        &lt;tr&gt;\n
                &lt;td&gt;admin:diagnostics&lt;/td&gt;\n
                &lt;td&gt;3&lt;/td&gt;\n
            &lt;/tr&gt;\n
                    &lt;/tbody&gt;\n
    &lt;/table&gt;\n
        &lt;p&gt;Duplicates: admin:shortcodes, admin:diagnostics&lt;/p&gt;\n
              &lt;h2&gt;Menu Visibility&lt;/h2&gt;\n
      &lt;p&gt;FBM caps held by current user: &lt;strong&gt;9 / 10&lt;/strong&gt;&lt;/p&gt;\n
      &lt;form method="post" action=""&gt;\n
          &lt;input type="hidden" name="fbm_action" value="fbm_repair_caps" /&gt;\n
          &lt;input type="hidden" name="_wpnonce" value="4ac1cd57f6520b68e63b8f67784306d4fb98cb6926b03f0776d0657c2126bf61" /&gt;          &lt;button type="submit" class="button"&gt;Repair caps&lt;/button&gt;      &lt;/form&gt;\n
    &lt;h2&gt;Cron Health&lt;/h2&gt;\n
        &lt;form method="post" action="" style="display:inline-block;margin-right:1em;"&gt;\n
        &lt;input type="hidden" name="fbm_action" value="fbm_retention_run" /&gt;\n
        &lt;input type="hidden" name="_wpnonce" value="f7f8ced5ad127f28efb23d793a086d908470e09e13f660d4c755416fba2faf79" /&gt;        &lt;button type="submit" class="button"&gt;Run now&lt;/button&gt;\n
    &lt;/form&gt;\n
    &lt;form method="post" action="" style="display:inline-block;"&gt;\n
        &lt;input type="hidden" name="fbm_action" value="fbm_retention_dry_run" /&gt;\n
        &lt;input type="hidden" name="_wpnonce" value="8fdfd529be9ac4d9a7c34a1de13d8f80df7f14ee71a20def841c07f6c9ea6d6d" /&gt;        &lt;button type="submit" class="button"&gt;Dry-run&lt;/button&gt;\n
    &lt;/form&gt;\n
            &lt;table class="widefat"&gt;\n
        &lt;thead&gt;\n
            &lt;tr&gt;\n
                &lt;th&gt;Event&lt;/th&gt;\n
                &lt;th&gt;Schedule&lt;/th&gt;\n
                &lt;th&gt;Last run&lt;/th&gt;\n
                &lt;th&gt;Next run&lt;/th&gt;\n
                &lt;th&gt;Status&lt;/th&gt;\n
            &lt;/tr&gt;\n
        &lt;/thead&gt;\n
        &lt;tbody&gt;\n
                        &lt;tr&gt;\n
                &lt;td&gt;fbm_retention_tick&lt;/td&gt;\n
                &lt;td&gt;&lt;/td&gt;\n
                &lt;td&gt;&amp;mdash;&lt;/td&gt;\n
                &lt;td&gt;&amp;mdash;&lt;/td&gt;\n
                &lt;td&gt;✅&lt;/td&gt;\n
            &lt;/tr&gt;\n
                    &lt;/tbody&gt;\n
    &lt;/table&gt;\n
&lt;/div&gt;\n
' contains "applications".

/workspace/FoodBank-Manager/tests/Unit/Admin/DiagnosticsPageTest.php:229</failure>
        </testcase>
        <testcase name="testRepairCapsActionEnsuresCaps" class="DiagnosticsPageTest" classname="DiagnosticsPageTest" file="/workspace/FoodBank-Manager/tests/Unit/Admin/DiagnosticsPageTest.php" line="232" assertions="1" time="0.000670">
          <failure type="PHPUnit\Framework\ExpectationFailedException">DiagnosticsPageTest::testRepairCapsActionEnsuresCaps
Failed asserting that false is true.

/workspace/FoodBank-Manager/tests/Unit/Admin/DiagnosticsPageTest.php:238</failure>
          <system-out>&lt;div class="wrap fbm-admin"&gt;

&lt;!-- fbm-render admin:diagnostics pass=5 --&gt;
    &lt;h1&gt;Diagnostics&lt;/h1&gt;
                &lt;span class="fbm-badge fbm-badge--warn"&gt;RenderOnce duplicates&lt;/span&gt;
                      &lt;h2&gt;Crypto&lt;/h2&gt;
    &lt;ul&gt;
        &lt;li&gt;⚠️ key&lt;/li&gt;
        &lt;li&gt;sodium: polyfill&lt;/li&gt;
    &lt;/ul&gt;
    &lt;h2&gt;SMTP&lt;/h2&gt;
    &lt;p&gt;Transport: wp_mail&lt;/p&gt;
    &lt;form method="post" action=""&gt;
        &lt;input type="hidden" name="_fbm_nonce" value="8e9554b8b06e8cc92774a0af765aefb19bba0abb34c54cb86bcb9fef1d6be75c" /&gt;        &lt;input type="hidden" name="fbm_action" value="mail_test" /&gt;
        &lt;p&gt;&lt;button type="submit" class="button"&gt;Send test email&lt;/button&gt;&lt;/p&gt;
    &lt;/form&gt;
    &lt;h2&gt;Environment&lt;/h2&gt;
    &lt;ul&gt;
        &lt;li&gt;PHP 8.4.12&lt;/li&gt;
        &lt;li&gt;WP 6.5.0&lt;/li&gt;
        &lt;li&gt;FBM 0.0.0-dev&lt;/li&gt;
        &lt;li&gt;Last successful FBM boot (plugins_loaded): not recorded&lt;/li&gt;
        &lt;li&gt;Admin notices rendered this request: 0&lt;/li&gt;
    &lt;/ul&gt;
    &lt;h2&gt;Install Health&lt;/h2&gt;
    &lt;p&gt;Only one copy of the plugin should remain installed under foodbank-manager/.&lt;/p&gt;
    &lt;p&gt;Canonical slug: foodbank-manager/foodbank-manager.php&lt;/p&gt;
    &lt;p&gt;Duplicate copies: 0&lt;/p&gt;
                &lt;h2&gt;Quick Checks&lt;/h2&gt;
    &lt;table class="widefat"&gt;
        &lt;thead&gt;
            &lt;tr&gt;
                &lt;th&gt;Check&lt;/th&gt;
                &lt;th&gt;Value&lt;/th&gt;
                &lt;th&gt;Status&lt;/th&gt;
            &lt;/tr&gt;
        &lt;/thead&gt;
        &lt;tbody&gt;
                        &lt;tr&gt;
                &lt;td&gt;Menu parents registered&lt;/td&gt;
                &lt;td&gt;0&lt;/td&gt;
                &lt;td&gt;⚠️&lt;/td&gt;
            &lt;/tr&gt;
                    &lt;/tbody&gt;
    &lt;/table&gt;
        &lt;h2&gt;Render counts (this request)&lt;/h2&gt;
    &lt;table class="widefat"&gt;
        &lt;thead&gt;
            &lt;tr&gt;
                &lt;th&gt;Screen&lt;/th&gt;
                &lt;th&gt;Count&lt;/th&gt;
            &lt;/tr&gt;
        &lt;/thead&gt;
        &lt;tbody&gt;
                        &lt;tr&gt;
                &lt;td&gt;admin:shortcodes&lt;/td&gt;
                &lt;td&gt;2&lt;/td&gt;
            &lt;/tr&gt;
                        &lt;tr&gt;
                &lt;td&gt;admin:diagnostics&lt;/td&gt;
                &lt;td&gt;4&lt;/td&gt;
            &lt;/tr&gt;
                    &lt;/tbody&gt;
    &lt;/table&gt;
        &lt;p&gt;Duplicates: admin:shortcodes, admin:diagnostics&lt;/p&gt;
              &lt;h2&gt;Menu Visibility&lt;/h2&gt;
      &lt;p&gt;FBM caps held by current user: &lt;strong&gt;9 / 10&lt;/strong&gt;&lt;/p&gt;
      &lt;form method="post" action=""&gt;
          &lt;input type="hidden" name="fbm_action" value="fbm_repair_caps" /&gt;
          &lt;input type="hidden" name="_wpnonce" value="4ac1cd57f6520b68e63b8f67784306d4fb98cb6926b03f0776d0657c2126bf61" /&gt;          &lt;button type="submit" class="button"&gt;Repair caps&lt;/button&gt;      &lt;/form&gt;
    &lt;h2&gt;Cron Health&lt;/h2&gt;
        &lt;form method="post" action="" style="display:inline-block;margin-right:1em;"&gt;
        &lt;input type="hidden" name="fbm_action" value="fbm_retention_run" /&gt;
        &lt;input type="hidden" name="_wpnonce" value="f7f8ced5ad127f28efb23d793a086d908470e09e13f660d4c755416fba2faf79" /&gt;        &lt;button type="submit" class="button"&gt;Run now&lt;/button&gt;
    &lt;/form&gt;
    &lt;form method="post" action="" style="display:inline-block;"&gt;
        &lt;input type="hidden" name="fbm_action" value="fbm_retention_dry_run" /&gt;
        &lt;input type="hidden" name="_wpnonce" value="8fdfd529be9ac4d9a7c34a1de13d8f80df7f14ee71a20def841c07f6c9ea6d6d" /&gt;        &lt;button type="submit" class="button"&gt;Dry-run&lt;/button&gt;
    &lt;/form&gt;
            &lt;table class="widefat"&gt;
        &lt;thead&gt;
            &lt;tr&gt;
                &lt;th&gt;Event&lt;/th&gt;
                &lt;th&gt;Schedule&lt;/th&gt;
                &lt;th&gt;Last run&lt;/th&gt;
                &lt;th&gt;Next run&lt;/th&gt;
                &lt;th&gt;Status&lt;/th&gt;
            &lt;/tr&gt;
        &lt;/thead&gt;
        &lt;tbody&gt;
                        &lt;tr&gt;
                &lt;td&gt;fbm_retention_tick&lt;/td&gt;
                &lt;td&gt;&lt;/td&gt;
                &lt;td&gt;&amp;mdash;&lt;/td&gt;
                &lt;td&gt;&amp;mdash;&lt;/td&gt;
                &lt;td&gt;✅&lt;/td&gt;
            &lt;/tr&gt;
                    &lt;/tbody&gt;
    &lt;/table&gt;
&lt;/div&gt;
</system-out>
        </testcase>
      </testsuite>
      <testsuite name="EntryPageTest" file="/workspace/FoodBank-Manager/tests/Unit/Admin/EntryPageTest.php" tests="5" assertions="0" errors="5" warnings="0" failures="0" skipped="0" time="0.000000">
        <testcase name="testViewMasksEmailWithoutCapability" class="EntryPageTest" classname="EntryPageTest" file="/workspace/FoodBank-Manager/tests/Unit/Admin/EntryPageTest.php" line="28" assertions="0" time="0.000000">
          <error type="PHPUnit\Framework\Exception">EntryPageTest::testViewMasksEmailWithoutCapability
PHPUnit\Framework\Exception: Fatal error: Uncaught FbmDieException: You do not have permission to access this page. in /workspace/FoodBank-Manager/tests/Support/WPStubs.php:128
Stack trace:
#0 /workspace/FoodBank-Manager/templates/admin/diagnostics.php(13): wp_die('You do not have...')
#1 Standard input code(578): require_once('/workspace/Food...')
#2 {main}
  thrown in /workspace/FoodBank-Manager/tests/Support/WPStubs.php on line 128</error>
        </testcase>
        <testcase name="testUnmaskShowsPlaintextWithCapability" class="EntryPageTest" classname="EntryPageTest" file="/workspace/FoodBank-Manager/tests/Unit/Admin/EntryPageTest.php" line="44" assertions="0" time="0.000000">
          <error type="PHPUnit\Framework\Exception">EntryPageTest::testUnmaskShowsPlaintextWithCapability
PHPUnit\Framework\Exception: Fatal error: Uncaught FbmDieException: You do not have permission to access this page. in /workspace/FoodBank-Manager/tests/Support/WPStubs.php:128
Stack trace:
#0 /workspace/FoodBank-Manager/templates/admin/diagnostics.php(13): wp_die('You do not have...')
#1 Standard input code(578): require_once('/workspace/Food...')
#2 {main}
  thrown in /workspace/FoodBank-Manager/tests/Support/WPStubs.php on line 128</error>
        </testcase>
        <testcase name="testUnmaskDeniedWithoutNonce" class="EntryPageTest" classname="EntryPageTest" file="/workspace/FoodBank-Manager/tests/Unit/Admin/EntryPageTest.php" line="70" assertions="0" time="0.000000">
          <error type="PHPUnit\Framework\Exception">EntryPageTest::testUnmaskDeniedWithoutNonce
PHPUnit\Framework\Exception: Fatal error: Uncaught FbmDieException: You do not have permission to access this page. in /workspace/FoodBank-Manager/tests/Support/WPStubs.php:128
Stack trace:
#0 /workspace/FoodBank-Manager/templates/admin/diagnostics.php(13): wp_die('You do not have...')
#1 Standard input code(578): require_once('/workspace/Food...')
#2 {main}
  thrown in /workspace/FoodBank-Manager/tests/Support/WPStubs.php on line 128</error>
        </testcase>
        <testcase name="testPdfDeniedWithoutNonce" class="EntryPageTest" classname="EntryPageTest" file="/workspace/FoodBank-Manager/tests/Unit/Admin/EntryPageTest.php" line="86" assertions="0" time="0.000000">
          <error type="PHPUnit\Framework\Exception">EntryPageTest::testPdfDeniedWithoutNonce
PHPUnit\Framework\Exception: Fatal error: Uncaught FbmDieException: You do not have permission to access this page. in /workspace/FoodBank-Manager/tests/Support/WPStubs.php:128
Stack trace:
#0 /workspace/FoodBank-Manager/templates/admin/diagnostics.php(13): wp_die('You do not have...')
#1 Standard input code(578): require_once('/workspace/Food...')
#2 {main}
  thrown in /workspace/FoodBank-Manager/tests/Support/WPStubs.php on line 128</error>
        </testcase>
        <testcase name="testPdfExportHandlesEngines" class="EntryPageTest" classname="EntryPageTest" file="/workspace/FoodBank-Manager/tests/Unit/Admin/EntryPageTest.php" line="101" assertions="0" time="0.000000">
          <error type="PHPUnit\Framework\Exception">EntryPageTest::testPdfExportHandlesEngines
PHPUnit\Framework\Exception: Fatal error: Uncaught FbmDieException: You do not have permission to access this page. in /workspace/FoodBank-Manager/tests/Support/WPStubs.php:128
Stack trace:
#0 /workspace/FoodBank-Manager/templates/admin/diagnostics.php(13): wp_die('You do not have...')
#1 Standard input code(578): require_once('/workspace/Food...')
#2 {main}
  thrown in /workspace/FoodBank-Manager/tests/Support/WPStubs.php on line 128</error>
        </testcase>
      </testsuite>
      <testsuite name="GDPRPageTest" file="/workspace/FoodBank-Manager/tests/Unit/Admin/GDPRPageTest.php" tests="4" assertions="2" errors="2" warnings="0" failures="0" skipped="0" time="0.001151">
        <testcase name="testSearchPreview" class="GDPRPageTest" classname="GDPRPageTest" file="/workspace/FoodBank-Manager/tests/Unit/Admin/GDPRPageTest.php" line="35" assertions="1" time="0.000590"/>
        <testcase name="testExportRequiresNonce" class="GDPRPageTest" classname="GDPRPageTest" file="/workspace/FoodBank-Manager/tests/Unit/Admin/GDPRPageTest.php" line="45" assertions="1" time="0.000352"/>
        <testcase name="testMaskedByDefault" class="GDPRPageTest" classname="GDPRPageTest" file="/workspace/FoodBank-Manager/tests/Unit/Admin/GDPRPageTest.php" line="54" assertions="0" time="0.000101">
          <error type="Error">GDPRPageTest::testMaskedByDefault
Error: Call to undefined method FoodBankManager\Attendance\AttendanceRepo::find_by_application_id()

/workspace/FoodBank-Manager/includes/Admin/GDPRPage.php:76
/workspace/FoodBank-Manager/includes/Admin/GDPRPage.php:46
/workspace/FoodBank-Manager/tests/Unit/Admin/GDPRPageTest.php:61</error>
        </testcase>
        <testcase name="testUnmaskedWithCapability" class="GDPRPageTest" classname="GDPRPageTest" file="/workspace/FoodBank-Manager/tests/Unit/Admin/GDPRPageTest.php" line="68" assertions="0" time="0.000108">
          <error type="Error">GDPRPageTest::testUnmaskedWithCapability
Error: Call to undefined method FoodBankManager\Attendance\AttendanceRepo::find_by_application_id()

/workspace/FoodBank-Manager/includes/Admin/GDPRPage.php:76
/workspace/FoodBank-Manager/includes/Admin/GDPRPage.php:46
/workspace/FoodBank-Manager/tests/Unit/Admin/GDPRPageTest.php:77</error>
        </testcase>
      </testsuite>
      <testsuite name="AdminTemplatesTest" file="/workspace/FoodBank-Manager/tests/Unit/AdminTemplatesTest.php" tests="1" assertions="1" errors="0" warnings="0" failures="0" skipped="0" time="0.000069">
        <testcase name="testSettingsTemplateWrapped" class="AdminTemplatesTest" classname="AdminTemplatesTest" file="/workspace/FoodBank-Manager/tests/Unit/AdminTemplatesTest.php" line="8" assertions="1" time="0.000069"/>
      </testsuite>
      <testsuite name="AssetsTest" file="/workspace/FoodBank-Manager/tests/Unit/AssetsTest.php" tests="2" assertions="4" errors="0" warnings="0" failures="1" skipped="0" time="0.001100">
        <testcase name="testThemeCssContainsVariables" class="AssetsTest" classname="AssetsTest" file="/workspace/FoodBank-Manager/tests/Unit/AssetsTest.php" line="23" assertions="1" time="0.000695">
          <failure type="PHPUnit\Framework\ExpectationFailedException">AssetsTest::testThemeCssContainsVariables
Failed asserting that ':root{--fbm-primary:#3b82f6;--fbm-density:comfortable;--fbm-font:system-ui, sans-serif;--fbm-dark:0;}' contains "--fbm-primary:#010203".

/workspace/FoodBank-Manager/tests/Unit/AssetsTest.php:39</failure>
        </testcase>
        <testcase name="testAdminCssOnlyEnqueuedOnFbmScreens" class="AssetsTest" classname="AssetsTest" file="/workspace/FoodBank-Manager/tests/Unit/AssetsTest.php" line="46" assertions="3" time="0.000405"/>
      </testsuite>
      <testsuite name="AttendancePolicyTest" file="/workspace/FoodBank-Manager/tests/Unit/AttendancePolicyTest.php" tests="1" assertions="3" errors="0" warnings="0" failures="0" skipped="0" time="0.000998">
        <testcase name="testBreachWithinDays" class="AttendancePolicyTest" classname="AttendancePolicyTest" file="/workspace/FoodBank-Manager/tests/Unit/AttendancePolicyTest.php" line="8" assertions="3" time="0.000998"/>
      </testsuite>
      <testsuite name="AttendanceRepoCountsTest" file="/workspace/FoodBank-Manager/tests/Unit/AttendanceRepoCountsTest.php" tests="1" assertions="0" errors="1" warnings="0" failures="0" skipped="0" time="0.000109">
        <testcase name="testCountsReturnInts" class="AttendanceRepoCountsTest" classname="AttendanceRepoCountsTest" file="/workspace/FoodBank-Manager/tests/Unit/AttendanceRepoCountsTest.php" line="14" assertions="0" time="0.000109">
          <error type="Error">AttendanceRepoCountsTest::testCountsReturnInts
Error: Class "FBM\Tests\Support\WPDBStub" not found

/workspace/FoodBank-Manager/tests/Unit/AttendanceRepoCountsTest.php:11</error>
        </testcase>
      </testsuite>
      <testsuite name="AttendanceRepoDailyCountsTest" file="/workspace/FoodBank-Manager/tests/Unit/AttendanceRepoDailyCountsTest.php" tests="1" assertions="0" errors="1" warnings="0" failures="0" skipped="0" time="0.000058">
        <testcase name="testCountsLength" class="AttendanceRepoDailyCountsTest" classname="AttendanceRepoDailyCountsTest" file="/workspace/FoodBank-Manager/tests/Unit/AttendanceRepoDailyCountsTest.php" line="14" assertions="0" time="0.000058">
          <error type="Error">AttendanceRepoDailyCountsTest::testCountsLength
Error: Class "FBM\Tests\Support\WPDBStub" not found

/workspace/FoodBank-Manager/tests/Unit/AttendanceRepoDailyCountsTest.php:11</error>
        </testcase>
      </testsuite>
      <testsuite name="AttendanceRepoFilterTest" file="/workspace/FoodBank-Manager/tests/Unit/AttendanceRepoFilterTest.php" tests="1" assertions="0" errors="1" warnings="0" failures="0" skipped="0" time="0.000065">
        <testcase name="testFiltersPrepared" class="AttendanceRepoFilterTest" classname="AttendanceRepoFilterTest" file="/workspace/FoodBank-Manager/tests/Unit/AttendanceRepoFilterTest.php" line="14" assertions="0" time="0.000065">
          <error type="Error">AttendanceRepoFilterTest::testFiltersPrepared
Error: Class "FBM\Tests\Support\WPDBStub" not found

/workspace/FoodBank-Manager/tests/Unit/AttendanceRepoFilterTest.php:11</error>
        </testcase>
      </testsuite>
      <testsuite name="AttendanceRepoTest" file="/workspace/FoodBank-Manager/tests/Unit/AttendanceRepoTest.php" tests="1" assertions="0" errors="1" warnings="0" failures="0" skipped="0" time="0.000085">
        <testcase name="testPeopleSummaryExcludesVoidedByDefault" class="AttendanceRepoTest" classname="AttendanceRepoTest" file="/workspace/FoodBank-Manager/tests/Unit/AttendanceRepoTest.php" line="9" assertions="0" time="0.000085">
          <error type="Error">AttendanceRepoTest::testPeopleSummaryExcludesVoidedByDefault
Error: Class "FBM\Tests\Support\WPDBStub" not found

/workspace/FoodBank-Manager/tests/Unit/AttendanceRepoTest.php:11</error>
        </testcase>
      </testsuite>
      <testsuite name="AuditTest" file="/workspace/FoodBank-Manager/tests/Unit/AuditTest.php" tests="1" assertions="0" errors="1" warnings="0" failures="0" skipped="0" time="0.000063">
        <testcase name="testLogInsertsRow" class="AuditTest" classname="AuditTest" file="/workspace/FoodBank-Manager/tests/Unit/AuditTest.php" line="9" assertions="0" time="0.000063">
          <error type="Error">AuditTest::testLogInsertsRow
Error: Class "FBM\Tests\Support\WPDBStub" not found

/workspace/FoodBank-Manager/tests/Unit/AuditTest.php:11</error>
        </testcase>
      </testsuite>
      <testsuite name="CapabilitiesTest" file="/workspace/FoodBank-Manager/tests/Unit/Auth/CapabilitiesTest.php" tests="1" assertions="1" errors="0" warnings="0" failures="1" skipped="0" time="0.000186">
        <testcase name="testEnsureForAdminAddsAllCaps" class="CapabilitiesTest" classname="CapabilitiesTest" file="/workspace/FoodBank-Manager/tests/Unit/Auth/CapabilitiesTest.php" line="8" assertions="1" time="0.000186">
          <failure type="PHPUnit\Framework\ExpectationFailedException">CapabilitiesTest::testEnsureForAdminAddsAllCaps
Failed asserting that an array has the key 'fb_manage_dashboard'.

/workspace/FoodBank-Manager/tests/Unit/Auth/CapabilitiesTest.php:15</failure>
        </testcase>
      </testsuite>
      <testsuite name="FoodBankManager\Tests\Unit\CapabilitiesResolverTest" file="/workspace/FoodBank-Manager/tests/Unit/CapabilitiesResolverTest.php" tests="3" assertions="21" errors="1" warnings="0" failures="0" skipped="0" time="0.000747">
        <testcase name="testGrantAdmins" class="FoodBankManager\Tests\Unit\CapabilitiesResolverTest" classname="FoodBankManager.Tests.Unit.CapabilitiesResolverTest" file="/workspace/FoodBank-Manager/tests/Unit/CapabilitiesResolverTest.php" line="10" assertions="20" time="0.000416"/>
        <testcase name="testUserOverridesApply" class="FoodBankManager\Tests\Unit\CapabilitiesResolverTest" classname="FoodBankManager.Tests.Unit.CapabilitiesResolverTest" file="/workspace/FoodBank-Manager/tests/Unit/CapabilitiesResolverTest.php" line="21" assertions="0" time="0.000277">
          <error type="PHPUnit\Framework\Error\Warning">FoodBankManager\Tests\Unit\CapabilitiesResolverTest::testUserOverridesApply
Undefined array key "fb_manage_dashboard"

/workspace/FoodBank-Manager/tests/Unit/CapabilitiesResolverTest.php:28</error>
        </testcase>
        <testcase name="testUnknownCapsIgnored" class="FoodBankManager\Tests\Unit\CapabilitiesResolverTest" classname="FoodBankManager.Tests.Unit.CapabilitiesResolverTest" file="/workspace/FoodBank-Manager/tests/Unit/CapabilitiesResolverTest.php" line="33" assertions="1" time="0.000055"/>
      </testsuite>
      <testsuite name="RetentionConfigTest" file="/workspace/FoodBank-Manager/tests/Unit/Core/RetentionConfigTest.php" tests="4" assertions="6" errors="0" warnings="0" failures="1" skipped="0" time="0.000827">
        <testcase name="testNullYieldsDefaults" class="RetentionConfigTest" classname="RetentionConfigTest" file="/workspace/FoodBank-Manager/tests/Unit/Core/RetentionConfigTest.php" line="9" assertions="1" time="0.000303"/>
        <testcase name="testJsonStringIsParsed" class="RetentionConfigTest" classname="RetentionConfigTest" file="/workspace/FoodBank-Manager/tests/Unit/Core/RetentionConfigTest.php" line="15" assertions="2" time="0.000044"/>
        <testcase name="testInvalidPolicyAndNegativeDaysAreCorrected" class="RetentionConfigTest" classname="RetentionConfigTest" file="/workspace/FoodBank-Manager/tests/Unit/Core/RetentionConfigTest.php" line="23" assertions="2" time="0.000021"/>
        <testcase name="testMailLogKeyIsMapped" class="RetentionConfigTest" classname="RetentionConfigTest" file="/workspace/FoodBank-Manager/tests/Unit/Core/RetentionConfigTest.php" line="31" assertions="1" time="0.000459">
          <failure type="PHPUnit\Framework\ExpectationFailedException">RetentionConfigTest::testMailLogKeyIsMapped
Failed asserting that two strings are identical.
--- Expected
+++ Actual
@@ @@
-'anonymise'
+'delete'

/workspace/FoodBank-Manager/tests/Unit/Core/RetentionConfigTest.php:35</failure>
        </testcase>
      </testsuite>
      <testsuite name="RetentionTest" file="/workspace/FoodBank-Manager/tests/Unit/Core/RetentionTest.php" tests="2" assertions="1" errors="1" warnings="0" failures="1" skipped="0" time="0.000505">
        <testcase name="testRunProcessesAndLimits" class="RetentionTest" classname="RetentionTest" file="/workspace/FoodBank-Manager/tests/Unit/Core/RetentionTest.php" line="76" assertions="1" time="0.000271">
          <failure type="PHPUnit\Framework\ExpectationFailedException">RetentionTest::testRunProcessesAndLimits
Failed asserting that 0 is identical to 200.

/workspace/FoodBank-Manager/tests/Unit/Core/RetentionTest.php:79</failure>
        </testcase>
        <testcase name="testDryRunDoesNotWrite" class="RetentionTest" classname="RetentionTest" file="/workspace/FoodBank-Manager/tests/Unit/Core/RetentionTest.php" line="88" assertions="0" time="0.000234">
          <error type="PHPUnit\Framework\Error\Warning">RetentionTest::testDryRunDoesNotWrite
Undefined array key "fbm_retention_tick_last_run"

/workspace/FoodBank-Manager/tests/Unit/Core/RetentionTest.php:91</error>
        </testcase>
      </testsuite>
      <testsuite name="TraceTest" file="/workspace/FoodBank-Manager/tests/Unit/Core/TraceTest.php" tests="2" assertions="2" errors="0" warnings="0" failures="0" skipped="0" time="0.000164">
        <testcase name="testCountsIncrement" class="TraceTest" classname="TraceTest" file="/workspace/FoodBank-Manager/tests/Unit/Core/TraceTest.php" line="8" assertions="1" time="0.000101">
          <system-out>
&lt;!-- fbm-render count-test pass=1 --&gt;

&lt;!-- fbm-render count-test pass=2 --&gt;
</system-out>
        </testcase>
        <testcase name="testMarkOutputsComment" class="TraceTest" classname="TraceTest" file="/workspace/FoodBank-Manager/tests/Unit/Core/TraceTest.php" line="15" assertions="1" time="0.000063"/>
      </testsuite>
      <testsuite name="CssSanitizerTest" file="/workspace/FoodBank-Manager/tests/Unit/CssSanitizerTest.php" tests="1" assertions="1" errors="0" warnings="0" failures="0" skipped="0" time="0.000446">
        <testcase name="testStripsForbidden" class="CssSanitizerTest" classname="CssSanitizerTest" file="/workspace/FoodBank-Manager/tests/Unit/CssSanitizerTest.php" line="8" assertions="1" time="0.000446"/>
      </testsuite>
      <testsuite name="CsvExporterTest" file="/workspace/FoodBank-Manager/tests/Unit/CsvExporterTest.php" tests="3" assertions="0" errors="3" warnings="0" failures="0" skipped="0" time="0.000461">
        <testcase name="testStreamListMasksSensitiveByDefault" class="CsvExporterTest" classname="CsvExporterTest" file="/workspace/FoodBank-Manager/tests/Unit/CsvExporterTest.php" line="14" assertions="0" time="0.000209">
          <error type="PHPUnit\Framework\Error\Warning">CsvExporterTest::testStreamListMasksSensitiveByDefault
Cannot modify header information - headers already sent by (output started at /workspace/FoodBank-Manager/tests/Unit/AAAShortcodesPageTest.php:9)

/workspace/FoodBank-Manager/tests/Unit/CsvExporterTest.php:10</error>
        </testcase>
        <testcase name="testStreamListUnmaskedWhenAllowed" class="CsvExporterTest" classname="CsvExporterTest" file="/workspace/FoodBank-Manager/tests/Unit/CsvExporterTest.php" line="37" assertions="0" time="0.000040">
          <error type="PHPUnit\Framework\Error\Warning">CsvExporterTest::testStreamListUnmaskedWhenAllowed
Cannot modify header information - headers already sent by (output started at /workspace/FoodBank-Manager/tests/Unit/AAAShortcodesPageTest.php:9)

/workspace/FoodBank-Manager/tests/Unit/CsvExporterTest.php:10</error>
        </testcase>
        <testcase name="testStreamListEmptyRowsOutputsOnlyBom" class="CsvExporterTest" classname="CsvExporterTest" file="/workspace/FoodBank-Manager/tests/Unit/CsvExporterTest.php" line="67" assertions="0" time="0.000212">
          <error type="PHPUnit\Framework\Error\Warning">CsvExporterTest::testStreamListEmptyRowsOutputsOnlyBom
Cannot modify header information - headers already sent by (output started at /workspace/FoodBank-Manager/tests/Unit/AAAShortcodesPageTest.php:9)

/workspace/FoodBank-Manager/tests/Unit/CsvExporterTest.php:10</error>
        </testcase>
      </testsuite>
      <testsuite name="DashboardCsvTest" file="/workspace/FoodBank-Manager/tests/Unit/DashboardCsvTest.php" tests="1" assertions="2" errors="0" warnings="0" failures="0" skipped="0" time="0.000492">
        <testcase name="testBomAndHeaders" class="DashboardCsvTest" classname="DashboardCsvTest" file="/workspace/FoodBank-Manager/tests/Unit/DashboardCsvTest.php" line="8" assertions="2" time="0.000492">
          <system-out>
Deprecated: fputcsv(): the $escape parameter must be provided as its default value will change in /workspace/FoodBank-Manager/includes/Exports/DashboardCsv.php on line 31

Deprecated: fputcsv(): the $escape parameter must be provided as its default value will change in /workspace/FoodBank-Manager/includes/Exports/DashboardCsv.php on line 34

Deprecated: fputcsv(): the $escape parameter must be provided as its default value will change in /workspace/FoodBank-Manager/includes/Exports/DashboardCsv.php on line 34

Deprecated: fputcsv(): the $escape parameter must be provided as its default value will change in /workspace/FoodBank-Manager/includes/Exports/DashboardCsv.php on line 34

Deprecated: fputcsv(): the $escape parameter must be provided as its default value will change in /workspace/FoodBank-Manager/includes/Exports/DashboardCsv.php on line 34

Deprecated: fputcsv(): the $escape parameter must be provided as its default value will change in /workspace/FoodBank-Manager/includes/Exports/DashboardCsv.php on line 34

Deprecated: fputcsv(): the $escape parameter must be provided as its default value will change in /workspace/FoodBank-Manager/includes/Exports/DashboardCsv.php on line 34

Deprecated: fputcsv(): the $escape parameter must be provided as its default value will change in /workspace/FoodBank-Manager/includes/Exports/DashboardCsv.php on line 37

Deprecated: fputcsv(): the $escape parameter must be provided as its default value will change in /workspace/FoodBank-Manager/includes/Exports/DashboardCsv.php on line 38

Deprecated: fputcsv(): the $escape parameter must be provided as its default value will change in /workspace/FoodBank-Manager/includes/Exports/DashboardCsv.php on line 42
</system-out>
        </testcase>
      </testsuite>
      <testsuite name="DashboardDeltaTest" file="/workspace/FoodBank-Manager/tests/Unit/DashboardDeltaTest.php" tests="1" assertions="3" errors="0" warnings="0" failures="0" skipped="0" time="0.000943">
        <testcase name="testDeltaMath" class="DashboardDeltaTest" classname="DashboardDeltaTest" file="/workspace/FoodBank-Manager/tests/Unit/DashboardDeltaTest.php" line="8" assertions="3" time="0.000943"/>
      </testsuite>
      <testsuite name="DashboardExportControllerTest" file="/workspace/FoodBank-Manager/tests/Unit/DashboardExportControllerTest.php" tests="1" assertions="0" errors="1" warnings="0" failures="0" skipped="0" time="0.000000">
        <testcase name="testNonceRequired" class="DashboardExportControllerTest" classname="DashboardExportControllerTest" file="/workspace/FoodBank-Manager/tests/Unit/DashboardExportControllerTest.php" line="8" assertions="0" time="0.000000">
          <error type="PHPUnit\Framework\Exception">DashboardExportControllerTest::testNonceRequired
PHPUnit\Framework\Exception: Fatal error: Uncaught FbmDieException: You do not have permission to access this page. in /workspace/FoodBank-Manager/tests/Support/WPStubs.php:128
Stack trace:
#0 /workspace/FoodBank-Manager/templates/admin/diagnostics.php(13): wp_die('You do not have...')
#1 Standard input code(578): require_once('/workspace/Food...')
#2 {main}
  thrown in /workspace/FoodBank-Manager/tests/Support/WPStubs.php on line 128</error>
        </testcase>
      </testsuite>
      <testsuite name="FoodBankManagerTest\DashboardShortcodeTest" file="/workspace/FoodBank-Manager/tests/Unit/DashboardShortcodeTest.php" tests="4" assertions="8" errors="0" warnings="0" failures="1" skipped="0" time="0.001998">
        <testcase name="testSanitizePeriod" class="FoodBankManagerTest\DashboardShortcodeTest" classname="FoodBankManagerTest.DashboardShortcodeTest" file="/workspace/FoodBank-Manager/tests/Unit/DashboardShortcodeTest.php" line="16" assertions="1" time="0.000142"/>
        <testcase name="testSanitizeTypeAndEvent" class="FoodBankManagerTest\DashboardShortcodeTest" classname="FoodBankManagerTest.DashboardShortcodeTest" file="/workspace/FoodBank-Manager/tests/Unit/DashboardShortcodeTest.php" line="21" assertions="4" time="0.000066"/>
        <testcase name="testUnauthorizedGated" class="FoodBankManagerTest\DashboardShortcodeTest" classname="FoodBankManagerTest.DashboardShortcodeTest" file="/workspace/FoodBank-Manager/tests/Unit/DashboardShortcodeTest.php" line="29" assertions="1" time="0.001150">
          <failure type="PHPUnit\Framework\ExpectationFailedException">FoodBankManagerTest\DashboardShortcodeTest::testUnauthorizedGated
Failed asserting that two strings are identical.
--- Expected
+++ Actual
@@ @@
-'&lt;div class="fbm-no-permission"&gt;You do not have permission to view the dashboard.&lt;/div&gt;'
+'&lt;div class="fbm-dashboard fbm-loading" aria-busy="true"&gt;
+&lt;form class="fbm-filter-row" method="get" aria-label="Dashboard filters"&gt;
+	&lt;div class="fbm-field"&gt;
+		&lt;label for="fbm_type"&gt;Type&lt;/label&gt;
+		&lt;select id="fbm_type" name="fbm_type"&gt;
+			&lt;option value="all"&gt;All&lt;/option&gt;
+			&lt;option value="in_person"&gt;In person&lt;/option&gt;
+			&lt;option value="delivery"&gt;Delivery&lt;/option&gt;
+		&lt;/select&gt;
+	&lt;/div&gt;
+	&lt;div class="fbm-field"&gt;
+		&lt;label for="fbm_event"&gt;Event&lt;/label&gt;
+		&lt;input id="fbm_event" type="text" name="fbm_event" value="" /&gt;
+	&lt;/div&gt;
+	&lt;div class="fbm-field"&gt;
+		&lt;input id="fbm_policy_only" type="checkbox" name="fbm_policy_only" value="1"  /&gt;
+		&lt;label for="fbm_policy_only"&gt;Policy only&lt;/label&gt;
+	&lt;/div&gt;
+	&lt;button type="submit"&gt;Apply&lt;/button&gt;
+	&lt;a class="fbm-download" href="https://example.test/wp-admin/admin-post.php?action=fbm_dash_export&amp;period=7d&amp;event=&amp;type=all&amp;policy_only=0&amp;_wpnonce=e959576d781be466d2fd983bcab4f6910d8a736b5f0de47f0fc858df8b1d8a57"&gt;Download CSV&lt;/a&gt;
+&lt;/form&gt;
+&lt;div class="fbm-results-count" aria-live="polite"&gt;
+0 results&lt;/div&gt;
+&lt;div class="fbm-dashboard-grid"&gt;
+&lt;div class="fbm-card fbm-empty"&gt;No data for selected filters.&lt;/div&gt;
+&lt;/div&gt;
+&lt;div class="fbm-empty"&gt;No trend data.&lt;/div&gt;
+&lt;div class="fbm-dashboard-meta"&gt;
+&lt;span class="fbm-updated"&gt;
+Last updated 2025-09-08 12:07:50&lt;/span&gt;
+&lt;a class="fbm-refresh" href=""&gt;Refresh&lt;/a&gt;
+&lt;/div&gt;
+&lt;/div&gt;
+'

/workspace/FoodBank-Manager/tests/Unit/DashboardShortcodeTest.php:33</failure>
        </testcase>
        <testcase name="testSafeHtmlOutput" class="FoodBankManagerTest\DashboardShortcodeTest" classname="FoodBankManagerTest.DashboardShortcodeTest" file="/workspace/FoodBank-Manager/tests/Unit/DashboardShortcodeTest.php" line="36" assertions="2" time="0.000641"/>
      </testsuite>
      <testsuite name="DatabasePageTest" file="/workspace/FoodBank-Manager/tests/Unit/DatabasePageTest.php" tests="4" assertions="14" errors="0" warnings="0" failures="1" skipped="0" time="0.001307">
        <testcase name="testFilterSanitizationAndWhitelist" class="DatabasePageTest" classname="DatabasePageTest" file="/workspace/FoodBank-Manager/tests/Unit/DatabasePageTest.php" line="22" assertions="1" time="0.001125">
          <failure type="PHPUnit\Framework\ExpectationFailedException">DatabasePageTest::testFilterSanitizationAndWhitelist
Failed asserting that two strings are identical.
--- Expected
+++ Actual
@@ @@
-'hello'
+'&lt;b&gt;hello&lt;/b&gt;'

/workspace/FoodBank-Manager/tests/Unit/DatabasePageTest.php:38
/workspace/FoodBank-Manager/vendor/bin/phpunit:122</failure>
        </testcase>
        <testcase name="testValidOrderbyMapping" class="DatabasePageTest" classname="DatabasePageTest" file="/workspace/FoodBank-Manager/tests/Unit/DatabasePageTest.php" line="50" assertions="2" time="0.000053"/>
        <testcase name="testDefaultFilters" class="DatabasePageTest" classname="DatabasePageTest" file="/workspace/FoodBank-Manager/tests/Unit/DatabasePageTest.php" line="62" assertions="10" time="0.000072"/>
        <testcase name="testExportRequiresNonce" class="DatabasePageTest" classname="DatabasePageTest" file="/workspace/FoodBank-Manager/tests/Unit/DatabasePageTest.php" line="77" assertions="1" time="0.000057"/>
      </testsuite>
      <testsuite name="EmailsPageTest" file="/workspace/FoodBank-Manager/tests/Unit/EmailsPageTest.php" tests="11" assertions="17" errors="0" warnings="0" failures="2" skipped="0" time="0.003850">
        <testcase name="testCapabilityRequired" class="EmailsPageTest" classname="EmailsPageTest" file="/workspace/FoodBank-Manager/tests/Unit/EmailsPageTest.php" line="26" assertions="1" time="0.000729"/>
        <testcase name="testListRenders" class="EmailsPageTest" classname="EmailsPageTest" file="/workspace/FoodBank-Manager/tests/Unit/EmailsPageTest.php" line="32" assertions="2" time="0.000647"/>
        <testcase name="testSaveMissingNonceBlocked" class="EmailsPageTest" classname="EmailsPageTest" file="/workspace/FoodBank-Manager/tests/Unit/EmailsPageTest.php" line="40" assertions="1" time="0.000165"/>
        <testcase name="testSaveRequiresCapability" class="EmailsPageTest" classname="EmailsPageTest" file="/workspace/FoodBank-Manager/tests/Unit/EmailsPageTest.php" line="52" assertions="1" time="0.000085"/>
        <testcase name="testSuccessfulSaveSanitizes" class="EmailsPageTest" classname="EmailsPageTest" file="/workspace/FoodBank-Manager/tests/Unit/EmailsPageTest.php" line="66" assertions="1" time="0.000894">
          <failure type="PHPUnit\Framework\ExpectationFailedException">EmailsPageTest::testSuccessfulSaveSanitizes
Failed asserting that two strings are identical.
--- Expected
+++ Actual
@@ @@
-'redirect'
+'bad nonce'

/workspace/FoodBank-Manager/tests/Unit/EmailsPageTest.php:80
/workspace/FoodBank-Manager/vendor/bin/phpunit:122</failure>
        </testcase>
        <testcase name="testPreviewMissingNonceBlocked" class="EmailsPageTest" classname="EmailsPageTest" file="/workspace/FoodBank-Manager/tests/Unit/EmailsPageTest.php" line="90" assertions="1" time="0.000129"/>
        <testcase name="testPreviewRequiresCapability" class="EmailsPageTest" classname="EmailsPageTest" file="/workspace/FoodBank-Manager/tests/Unit/EmailsPageTest.php" line="106" assertions="1" time="0.000069"/>
        <testcase name="testPreviewSubstitutesTokens" class="EmailsPageTest" classname="EmailsPageTest" file="/workspace/FoodBank-Manager/tests/Unit/EmailsPageTest.php" line="118" assertions="1" time="0.000413">
          <failure type="PHPUnit\Framework\ExpectationFailedException">EmailsPageTest::testPreviewSubstitutesTokens
Failed asserting that two strings are identical.
--- Expected
+++ Actual
@@ @@
-'json'
+''

/workspace/FoodBank-Manager/tests/Unit/EmailsPageTest.php:132
/workspace/FoodBank-Manager/vendor/bin/phpunit:122</failure>
        </testcase>
        <testcase name="testResetMissingNonceBlocked" class="EmailsPageTest" classname="EmailsPageTest" file="/workspace/FoodBank-Manager/tests/Unit/EmailsPageTest.php" line="142" assertions="1" time="0.000078"/>
        <testcase name="testResetRequiresCapability" class="EmailsPageTest" classname="EmailsPageTest" file="/workspace/FoodBank-Manager/tests/Unit/EmailsPageTest.php" line="152" assertions="1" time="0.000099"/>
        <testcase name="testResetRestoresDefaults" class="EmailsPageTest" classname="EmailsPageTest" file="/workspace/FoodBank-Manager/tests/Unit/EmailsPageTest.php" line="164" assertions="6" time="0.000543"/>
      </testsuite>
      <testsuite name="PdfExporterTest" file="/workspace/FoodBank-Manager/tests/Unit/Exports/PdfExporterTest.php" tests="1" assertions="3" errors="0" warnings="0" failures="0" skipped="0" time="0.000594">
        <testcase name="testRenderEntryHandlesEngines" class="PdfExporterTest" classname="PdfExporterTest" file="/workspace/FoodBank-Manager/tests/Unit/Exports/PdfExporterTest.php" line="8" assertions="3" time="0.000594"/>
      </testsuite>
      <testsuite name="SarExporterTest" file="/workspace/FoodBank-Manager/tests/Unit/Exports/SarExporterTest.php" tests="4" assertions="0" errors="4" warnings="0" failures="0" skipped="0" time="0.000615">
        <testcase name="testMaskedExport" class="SarExporterTest" classname="SarExporterTest" file="/workspace/FoodBank-Manager/tests/Unit/Exports/SarExporterTest.php" line="17" assertions="0" time="0.000325">
          <error type="Error">SarExporterTest::testMaskedExport
Error: Call to undefined method FBM\Exports\SarExporter::build_zip()

/workspace/FoodBank-Manager/tests/Unit/Exports/SarExporterTest.php:33
/workspace/FoodBank-Manager/vendor/bin/phpunit:122</error>
        </testcase>
        <testcase name="testUnmaskedExport" class="SarExporterTest" classname="SarExporterTest" file="/workspace/FoodBank-Manager/tests/Unit/Exports/SarExporterTest.php" line="47" assertions="0" time="0.000177">
          <error type="Error">SarExporterTest::testUnmaskedExport
Error: Call to undefined method FBM\Exports\SarExporter::build_zip()

/workspace/FoodBank-Manager/tests/Unit/Exports/SarExporterTest.php:62
/workspace/FoodBank-Manager/vendor/bin/phpunit:122</error>
        </testcase>
        <testcase name="testFilenameSanitized" class="SarExporterTest" classname="SarExporterTest" file="/workspace/FoodBank-Manager/tests/Unit/Exports/SarExporterTest.php" line="72" assertions="0" time="0.000046">
          <error type="Error">SarExporterTest::testFilenameSanitized
Error: Call to undefined method FBM\Exports\SarExporter::build_zip()

/workspace/FoodBank-Manager/tests/Unit/Exports/SarExporterTest.php:84
/workspace/FoodBank-Manager/vendor/bin/phpunit:122</error>
        </testcase>
        <testcase name="testHtmlFallback" class="SarExporterTest" classname="SarExporterTest" file="/workspace/FoodBank-Manager/tests/Unit/Exports/SarExporterTest.php" line="99" assertions="0" time="0.000067">
          <error type="Error">SarExporterTest::testHtmlFallback
Error: Call to undefined method FBM\Exports\SarExporter::render_html()

/workspace/FoodBank-Manager/tests/Unit/Exports/SarExporterTest.php:110
/workspace/FoodBank-Manager/vendor/bin/phpunit:122</error>
        </testcase>
      </testsuite>
      <testsuite name="FoodBankManager\Tests\Unit\Forms\PresetsRepoTest" file="/workspace/FoodBank-Manager/tests/Unit/Forms/PresetsRepoTest.php" tests="1" assertions="4" errors="0" warnings="0" failures="0" skipped="0" time="0.001274">
        <testcase name="testUpsertGetDelete" class="FoodBankManager\Tests\Unit\Forms\PresetsRepoTest" classname="FoodBankManager.Tests.Unit.Forms.PresetsRepoTest" file="/workspace/FoodBank-Manager/tests/Unit/Forms/PresetsRepoTest.php" line="18" assertions="4" time="0.001274"/>
      </testsuite>
      <testsuite name="FoodBankManager\Tests\Unit\Forms\SchemaTest" file="/workspace/FoodBank-Manager/tests/Unit/Forms/SchemaTest.php" tests="4" assertions="7" errors="0" warnings="0" failures="0" skipped="0" time="0.000242">
        <testcase name="testNormalizeValid" class="FoodBankManager\Tests\Unit\Forms\SchemaTest" classname="FoodBankManager.Tests.Unit.Forms.SchemaTest" file="/workspace/FoodBank-Manager/tests/Unit/Forms/SchemaTest.php" line="10" assertions="3" time="0.000077"/>
        <testcase name="testInvalidTypeThrows" class="FoodBankManager\Tests\Unit\Forms\SchemaTest" classname="FoodBankManager.Tests.Unit.Forms.SchemaTest" file="/workspace/FoodBank-Manager/tests/Unit/Forms/SchemaTest.php" line="24" assertions="1" time="0.000051"/>
        <testcase name="testDuplicateIdThrows" class="FoodBankManager\Tests\Unit\Forms\SchemaTest" classname="FoodBankManager.Tests.Unit.Forms.SchemaTest" file="/workspace/FoodBank-Manager/tests/Unit/Forms/SchemaTest.php" line="36" assertions="1" time="0.000058"/>
        <testcase name="testConsentAndFileFieldsNormalized" class="FoodBankManager\Tests\Unit\Forms\SchemaTest" classname="FoodBankManager.Tests.Unit.Forms.SchemaTest" file="/workspace/FoodBank-Manager/tests/Unit/Forms/SchemaTest.php" line="49" assertions="2" time="0.000056"/>
      </testsuite>
      <testsuite name="FormsPresetsTest" file="/workspace/FoodBank-Manager/tests/Unit/FormsPresetsTest.php" tests="5" assertions="5" errors="1" warnings="0" failures="0" skipped="0" time="0.001830">
        <testcase name="testResolveBuiltin" class="FormsPresetsTest" classname="FormsPresetsTest" file="/workspace/FoodBank-Manager/tests/Unit/FormsPresetsTest.php" line="49" assertions="2" time="0.000527"/>
        <testcase name="testOptionsSanitizeCustomPresets" class="FormsPresetsTest" classname="FormsPresetsTest" file="/workspace/FoodBank-Manager/tests/Unit/FormsPresetsTest.php" line="55" assertions="0" time="0.000091">
          <error type="Error">FormsPresetsTest::testOptionsSanitizeCustomPresets
Error: Call to undefined method FoodBankManager\Core\Options::set_form_presets_custom()

/workspace/FoodBank-Manager/tests/Unit/FormsPresetsTest.php:62
/workspace/FoodBank-Manager/vendor/bin/phpunit:122</error>
        </testcase>
        <testcase name="testFormsPageRequiresCap" class="FormsPresetsTest" classname="FormsPresetsTest" file="/workspace/FoodBank-Manager/tests/Unit/FormsPresetsTest.php" line="70" assertions="1" time="0.000188"/>
        <testcase name="testFormsPageListsPresets" class="FormsPresetsTest" classname="FormsPresetsTest" file="/workspace/FoodBank-Manager/tests/Unit/FormsPresetsTest.php" line="76" assertions="1" time="0.000368"/>
        <testcase name="testShortcodePresetFallback" class="FormsPresetsTest" classname="FormsPresetsTest" file="/workspace/FoodBank-Manager/tests/Unit/FormsPresetsTest.php" line="84" assertions="1" time="0.000656"/>
      </testsuite>
      <testsuite name="FoodBankManager\Tests\Unit\Http\FormSubmitControllerTest" file="/workspace/FoodBank-Manager/tests/Unit/Http/FormSubmitControllerTest.php" tests="5" assertions="5" errors="0" warnings="0" failures="0" skipped="0" time="0.001637">
        <testcase name="testHappyPath" class="FoodBankManager\Tests\Unit\Http\FormSubmitControllerTest" classname="FoodBankManager.Tests.Unit.Http.FormSubmitControllerTest" file="/workspace/FoodBank-Manager/tests/Unit/Http/FormSubmitControllerTest.php" line="30" assertions="1" time="0.001291"/>
        <testcase name="testUnknownFieldRejected" class="FoodBankManager\Tests\Unit\Http\FormSubmitControllerTest" classname="FoodBankManager.Tests.Unit.Http.FormSubmitControllerTest" file="/workspace/FoodBank-Manager/tests/Unit/Http/FormSubmitControllerTest.php" line="36" assertions="1" time="0.000081"/>
        <testcase name="testCaptchaFailure" class="FoodBankManager\Tests\Unit\Http\FormSubmitControllerTest" classname="FoodBankManager.Tests.Unit.Http.FormSubmitControllerTest" file="/workspace/FoodBank-Manager/tests/Unit/Http/FormSubmitControllerTest.php" line="42" assertions="1" time="0.000085"/>
        <testcase name="testHandleRejectsInvalidNonce" class="FoodBankManager\Tests\Unit\Http\FormSubmitControllerTest" classname="FoodBankManager.Tests.Unit.Http.FormSubmitControllerTest" file="/workspace/FoodBank-Manager/tests/Unit/Http/FormSubmitControllerTest.php" line="48" assertions="1" time="0.000076"/>
        <testcase name="testHandleRequiresCaptcha" class="FoodBankManager\Tests\Unit\Http\FormSubmitControllerTest" classname="FoodBankManager.Tests.Unit.Http.FormSubmitControllerTest" file="/workspace/FoodBank-Manager/tests/Unit/Http/FormSubmitControllerTest.php" line="63" assertions="1" time="0.000103"/>
      </testsuite>
      <testsuite name="InstallDuplicateDetectorTest" file="/workspace/FoodBank-Manager/tests/Unit/InstallDuplicateDetectorTest.php" tests="3" assertions="1" errors="2" warnings="0" failures="0" skipped="0" time="0.000457">
        <testcase name="testNoticeRendersForDuplicates" class="InstallDuplicateDetectorTest" classname="InstallDuplicateDetectorTest" file="/workspace/FoodBank-Manager/tests/Unit/InstallDuplicateDetectorTest.php" line="21" assertions="1" time="0.000137"/>
        <testcase name="testConsolidateActionDeactivatesDuplicates" class="InstallDuplicateDetectorTest" classname="InstallDuplicateDetectorTest" file="/workspace/FoodBank-Manager/tests/Unit/InstallDuplicateDetectorTest.php" line="29" assertions="0" time="0.000133">
          <error type="RuntimeException">InstallDuplicateDetectorTest::testConsolidateActionDeactivatesDuplicates
RuntimeException: redirect

/workspace/FoodBank-Manager/tests/Support/WPStubs.php:127
/workspace/FoodBank-Manager/includes/Admin/Notices.php:222
/workspace/FoodBank-Manager/tests/Unit/InstallDuplicateDetectorTest.php:32
/workspace/FoodBank-Manager/vendor/bin/phpunit:122</error>
        </testcase>
        <testcase name="testConsolidateActionNoOp" class="InstallDuplicateDetectorTest" classname="InstallDuplicateDetectorTest" file="/workspace/FoodBank-Manager/tests/Unit/InstallDuplicateDetectorTest.php" line="42" assertions="0" time="0.000188">
          <error type="RuntimeException">InstallDuplicateDetectorTest::testConsolidateActionNoOp
RuntimeException: redirect

/workspace/FoodBank-Manager/tests/Support/WPStubs.php:127
/workspace/FoodBank-Manager/includes/Admin/Notices.php:222
/workspace/FoodBank-Manager/tests/Unit/InstallDuplicateDetectorTest.php:44
/workspace/FoodBank-Manager/vendor/bin/phpunit:122</error>
        </testcase>
      </testsuite>
      <testsuite name="MenuTest" file="/workspace/FoodBank-Manager/tests/Unit/MenuTest.php" tests="1" assertions="14" errors="0" warnings="0" failures="0" skipped="0" time="0.001151">
        <testcase name="testRegisterIdempotent" class="MenuTest" classname="MenuTest" file="/workspace/FoodBank-Manager/tests/Unit/MenuTest.php" line="7" assertions="14" time="0.001151"/>
      </testsuite>
      <testsuite name="MenuVisibilityTest" file="/workspace/FoodBank-Manager/tests/Unit/MenuVisibilityTest.php" tests="2" assertions="23" errors="0" warnings="0" failures="0" skipped="0" time="0.000115">
        <testcase name="testParentMenuFallsBackToManageOptions" class="MenuVisibilityTest" classname="MenuVisibilityTest" file="/workspace/FoodBank-Manager/tests/Unit/MenuVisibilityTest.php" line="15" assertions="12" time="0.000073"/>
        <testcase name="testParentMenuUsesFbmCapWhenPresent" class="MenuVisibilityTest" classname="MenuVisibilityTest" file="/workspace/FoodBank-Manager/tests/Unit/MenuVisibilityTest.php" line="26" assertions="11" time="0.000043"/>
      </testsuite>
      <testsuite name="NoticesDeDupTest" file="/workspace/FoodBank-Manager/tests/Unit/NoticesDeDupTest.php" tests="3" assertions="4" errors="0" warnings="0" failures="2" skipped="0" time="0.000272">
        <testcase name="testRenderPrintsOncePerRequest" class="NoticesDeDupTest" classname="NoticesDeDupTest" file="/workspace/FoodBank-Manager/tests/Unit/NoticesDeDupTest.php" line="16" assertions="1" time="0.000135">
          <failure type="PHPUnit\Framework\ExpectationFailedException">NoticesDeDupTest::testRenderPrintsOncePerRequest
Failed asserting that '' contains "encryption key is not configured".

/workspace/FoodBank-Manager/tests/Unit/NoticesDeDupTest.php:23
/workspace/FoodBank-Manager/vendor/bin/phpunit:122</failure>
        </testcase>
        <testcase name="testRenderBailsOnNonFbmScreen" class="NoticesDeDupTest" classname="NoticesDeDupTest" file="/workspace/FoodBank-Manager/tests/Unit/NoticesDeDupTest.php" line="27" assertions="2" time="0.000043"/>
        <testcase name="testRenderCountTracksSingleRender" class="NoticesDeDupTest" classname="NoticesDeDupTest" file="/workspace/FoodBank-Manager/tests/Unit/NoticesDeDupTest.php" line="37" assertions="1" time="0.000094">
          <failure type="PHPUnit\Framework\ExpectationFailedException">NoticesDeDupTest::testRenderCountTracksSingleRender
Failed asserting that 0 is identical to 1.

/workspace/FoodBank-Manager/tests/Unit/NoticesDeDupTest.php:42
/workspace/FoodBank-Manager/vendor/bin/phpunit:122</failure>
        </testcase>
      </testsuite>
      <testsuite name="NoticesTest" file="/workspace/FoodBank-Manager/tests/Unit/NoticesTest.php" tests="3" assertions="4" errors="0" warnings="0" failures="2" skipped="0" time="0.000485">
        <testcase name="testMissingKekBailsOnNonFbmScreen" class="NoticesTest" classname="NoticesTest" file="/workspace/FoodBank-Manager/tests/Unit/NoticesTest.php" line="7" assertions="2" time="0.000044"/>
        <testcase name="testMissingKekShowsOnFbmScreen" class="NoticesTest" classname="NoticesTest" file="/workspace/FoodBank-Manager/tests/Unit/NoticesTest.php" line="18" assertions="1" time="0.000182">
          <failure type="PHPUnit\Framework\ExpectationFailedException">NoticesTest::testMissingKekShowsOnFbmScreen
Failed asserting that '' contains "FoodBank Manager encryption key is not configured.".

/workspace/FoodBank-Manager/tests/Unit/NoticesTest.php:28
/workspace/FoodBank-Manager/vendor/bin/phpunit:122</failure>
        </testcase>
        <testcase name="testCapsFixNoticeShownForAdminsWithoutCaps" class="NoticesTest" classname="NoticesTest" file="/workspace/FoodBank-Manager/tests/Unit/NoticesTest.php" line="32" assertions="1" time="0.000260">
          <failure type="PHPUnit\Framework\ExpectationFailedException">NoticesTest::testCapsFixNoticeShownForAdminsWithoutCaps
Failed asserting that 0 is identical to 1.

/workspace/FoodBank-Manager/tests/Unit/NoticesTest.php:39
/workspace/FoodBank-Manager/vendor/bin/phpunit:122</failure>
        </testcase>
      </testsuite>
      <testsuite name="OptionsTest" file="/workspace/FoodBank-Manager/tests/Unit/OptionsTest.php" tests="1" assertions="2" errors="0" warnings="0" failures="0" skipped="0" time="0.000383">
        <testcase name="testDefaultsAndSave" class="OptionsTest" classname="OptionsTest" file="/workspace/FoodBank-Manager/tests/Unit/OptionsTest.php" line="5" assertions="2" time="0.000383"/>
      </testsuite>
      <testsuite name="PermissionsPageTest" file="/workspace/FoodBank-Manager/tests/Unit/PermissionsPageTest.php" tests="3" assertions="4" errors="0" warnings="0" failures="0" skipped="0" time="0.001679">
        <testcase name="test_import_rejects_bad_json" class="PermissionsPageTest" classname="PermissionsPageTest" file="/workspace/FoodBank-Manager/tests/Unit/PermissionsPageTest.php" line="12" assertions="1" time="0.001299"/>
        <testcase name="test_user_override_add_and_remove" class="PermissionsPageTest" classname="PermissionsPageTest" file="/workspace/FoodBank-Manager/tests/Unit/PermissionsPageTest.php" line="31" assertions="2" time="0.000287"/>
        <testcase name="test_export_json" class="PermissionsPageTest" classname="PermissionsPageTest" file="/workspace/FoodBank-Manager/tests/Unit/PermissionsPageTest.php" line="69" assertions="1" time="0.000094">
          <system-out>{"roles":{"administrator":[]},"overrides":[]}</system-out>
        </testcase>
      </testsuite>
      <testsuite name="SecurityCryptoTest" file="/workspace/FoodBank-Manager/tests/Unit/SecurityCryptoTest.php" tests="3" assertions="2" errors="1" warnings="0" failures="2" skipped="0" time="0.000525">
        <testcase name="testRoundTrip" class="SecurityCryptoTest" classname="SecurityCryptoTest" file="/workspace/FoodBank-Manager/tests/Unit/SecurityCryptoTest.php" line="19" assertions="1" time="0.000409">
          <failure type="PHPUnit\Framework\ExpectationFailedException">SecurityCryptoTest::testRoundTrip
Failed asserting that two strings are not identical.

/workspace/FoodBank-Manager/tests/Unit/SecurityCryptoTest.php:22
/workspace/FoodBank-Manager/vendor/bin/phpunit:122</failure>
        </testcase>
        <testcase name="testNonDeterministic" class="SecurityCryptoTest" classname="SecurityCryptoTest" file="/workspace/FoodBank-Manager/tests/Unit/SecurityCryptoTest.php" line="27" assertions="1" time="0.000067">
          <failure type="PHPUnit\Framework\ExpectationFailedException">SecurityCryptoTest::testNonDeterministic
Failed asserting that two strings are not identical.

/workspace/FoodBank-Manager/tests/Unit/SecurityCryptoTest.php:31
/workspace/FoodBank-Manager/vendor/bin/phpunit:122</failure>
        </testcase>
        <testcase name="testTamperDetection" class="SecurityCryptoTest" classname="SecurityCryptoTest" file="/workspace/FoodBank-Manager/tests/Unit/SecurityCryptoTest.php" line="34" assertions="0" time="0.000049">
          <error type="PHPUnit\Framework\Error\Warning">SecurityCryptoTest::testTamperDetection
Uninitialized string offset 10

/workspace/FoodBank-Manager/tests/Unit/SecurityCryptoTest.php:37
/workspace/FoodBank-Manager/vendor/bin/phpunit:122</error>
        </testcase>
      </testsuite>
      <testsuite name="SettingsPageTest" file="/workspace/FoodBank-Manager/tests/Unit/SettingsPageTest.php" tests="3" assertions="4" errors="0" warnings="0" failures="1" skipped="0" time="0.000817">
        <testcase name="testMissingNonceBlocked" class="SettingsPageTest" classname="SettingsPageTest" file="/workspace/FoodBank-Manager/tests/Unit/SettingsPageTest.php" line="15" assertions="1" time="0.000622"/>
        <testcase name="testUserWithoutCapBlocked" class="SettingsPageTest" classname="SettingsPageTest" file="/workspace/FoodBank-Manager/tests/Unit/SettingsPageTest.php" line="24" assertions="1" time="0.000057"/>
        <testcase name="testSuccessfulSaveSanitizes" class="SettingsPageTest" classname="SettingsPageTest" file="/workspace/FoodBank-Manager/tests/Unit/SettingsPageTest.php" line="35" assertions="2" time="0.000138">
          <failure type="PHPUnit\Framework\ExpectationFailedException">SettingsPageTest::testSuccessfulSaveSanitizes
Failed asserting that null is identical to 'Test'.

/workspace/FoodBank-Manager/tests/Unit/SettingsPageTest.php:52
/workspace/FoodBank-Manager/vendor/bin/phpunit:122</failure>
        </testcase>
      </testsuite>
      <testsuite name="FBM\Tests\Unit\Shortcodes\DashboardShortcodeUXTest" file="/workspace/FoodBank-Manager/tests/Unit/Shortcodes/DashboardShortcodeUXTest.php" tests="5" assertions="7" errors="0" warnings="0" failures="0" skipped="0" time="0.002824">
        <testcase name="testEmptyStateRenders" class="FBM\Tests\Unit\Shortcodes\DashboardShortcodeUXTest" classname="FBM.Tests.Unit.Shortcodes.DashboardShortcodeUXTest" file="/workspace/FoodBank-Manager/tests/Unit/Shortcodes/DashboardShortcodeUXTest.php" line="34" assertions="1" time="0.001628"/>
        <testcase name="testFilterFormLabelsAndValues" class="FBM\Tests\Unit\Shortcodes\DashboardShortcodeUXTest" classname="FBM.Tests.Unit.Shortcodes.DashboardShortcodeUXTest" file="/workspace/FoodBank-Manager/tests/Unit/Shortcodes/DashboardShortcodeUXTest.php" line="41" assertions="3" time="0.000429"/>
        <testcase name="testCopyShortcodeBlockAppearsWithCap" class="FBM\Tests\Unit\Shortcodes\DashboardShortcodeUXTest" classname="FBM.Tests.Unit.Shortcodes.DashboardShortcodeUXTest" file="/workspace/FoodBank-Manager/tests/Unit/Shortcodes/DashboardShortcodeUXTest.php" line="54" assertions="1" time="0.000375"/>
        <testcase name="testCopyShortcodeBlockHiddenWithoutCap" class="FBM\Tests\Unit\Shortcodes\DashboardShortcodeUXTest" classname="FBM.Tests.Unit.Shortcodes.DashboardShortcodeUXTest" file="/workspace/FoodBank-Manager/tests/Unit/Shortcodes/DashboardShortcodeUXTest.php" line="61" assertions="1" time="0.000343"/>
        <testcase name="testPermissionDeniedMessage" class="FBM\Tests\Unit\Shortcodes\DashboardShortcodeUXTest" classname="FBM.Tests.Unit.Shortcodes.DashboardShortcodeUXTest" file="/workspace/FoodBank-Manager/tests/Unit/Shortcodes/DashboardShortcodeUXTest.php" line="68" assertions="1" time="0.000048"/>
      </testsuite>
      <testsuite name="FBM\Tests\Unit\Shortcodes\FormShortcodeTest" file="/workspace/FoodBank-Manager/tests/Unit/Shortcodes/FormShortcodeTest.php" tests="3" assertions="4" errors="1" warnings="0" failures="0" skipped="0" time="0.000819">
        <testcase name="testRendersCaptchaAndFields" class="FBM\Tests\Unit\Shortcodes\FormShortcodeTest" classname="FBM.Tests.Unit.Shortcodes.FormShortcodeTest" file="/workspace/FoodBank-Manager/tests/Unit/Shortcodes/FormShortcodeTest.php" line="35" assertions="3" time="0.000552"/>
        <testcase name="testSubmitFlowSucceeds" class="FBM\Tests\Unit\Shortcodes\FormShortcodeTest" classname="FBM.Tests.Unit.Shortcodes.FormShortcodeTest" file="/workspace/FoodBank-Manager/tests/Unit/Shortcodes/FormShortcodeTest.php" line="46" assertions="0" time="0.000146">
          <error type="FbmDieException">FBM\Tests\Unit\Shortcodes\FormShortcodeTest::testSubmitFlowSucceeds
FbmDieException: Invalid form.

/workspace/FoodBank-Manager/tests/Support/WPStubs.php:128
/workspace/FoodBank-Manager/includes/Http/FormSubmitController.php:42
/workspace/FoodBank-Manager/tests/Unit/Shortcodes/FormShortcodeTest.php:57
/workspace/FoodBank-Manager/vendor/bin/phpunit:122</error>
        </testcase>
        <testcase name="testTamperedSchemaReturnsEmpty" class="FBM\Tests\Unit\Shortcodes\FormShortcodeTest" classname="FBM.Tests.Unit.Shortcodes.FormShortcodeTest" file="/workspace/FoodBank-Manager/tests/Unit/Shortcodes/FormShortcodeTest.php" line="61" assertions="1" time="0.000120"/>
      </testsuite>
      <testsuite name="TemplatesTest" file="/workspace/FoodBank-Manager/tests/Unit/TemplatesTest.php" tests="3" assertions="6" errors="0" warnings="0" failures="0" skipped="0" time="0.000142">
        <testcase name="testDefaultsContainTemplates" class="TemplatesTest" classname="TemplatesTest" file="/workspace/FoodBank-Manager/tests/Unit/TemplatesTest.php" line="8" assertions="2" time="0.000033"/>
        <testcase name="testRenderReplacesWhitelistedTokensOnly" class="TemplatesTest" classname="TemplatesTest" file="/workspace/FoodBank-Manager/tests/Unit/TemplatesTest.php" line="14" assertions="3" time="0.000053"/>
        <testcase name="testUnknownTokensLeftAsIs" class="TemplatesTest" classname="TemplatesTest" file="/workspace/FoodBank-Manager/tests/Unit/TemplatesTest.php" line="31" assertions="1" time="0.000055"/>
      </testsuite>
      <testsuite name="ThemePageTest" file="/workspace/FoodBank-Manager/tests/Unit/ThemePageTest.php" tests="6" assertions="14" errors="0" warnings="0" failures="0" skipped="0" time="0.001073">
        <testcase name="testMissingNonceBlocked" class="ThemePageTest" classname="ThemePageTest" file="/workspace/FoodBank-Manager/tests/Unit/ThemePageTest.php" line="33" assertions="1" time="0.000270"/>
        <testcase name="testUserWithoutCapBlocked" class="ThemePageTest" classname="ThemePageTest" file="/workspace/FoodBank-Manager/tests/Unit/ThemePageTest.php" line="40" assertions="1" time="0.000095"/>
        <testcase name="testSuccessfulSave" class="ThemePageTest" classname="ThemePageTest" file="/workspace/FoodBank-Manager/tests/Unit/ThemePageTest.php" line="49" assertions="3" time="0.000124"/>
        <testcase name="testInvalidTokensClampToDefaults" class="ThemePageTest" classname="ThemePageTest" file="/workspace/FoodBank-Manager/tests/Unit/ThemePageTest.php" line="68" assertions="5" time="0.000422"/>
        <testcase name="testCssVarsOutput" class="ThemePageTest" classname="ThemePageTest" file="/workspace/FoodBank-Manager/tests/Unit/ThemePageTest.php" line="84" assertions="1" time="0.000066"/>
        <testcase name="testPreviewMarkupScoped" class="ThemePageTest" classname="ThemePageTest" file="/workspace/FoodBank-Manager/tests/Unit/ThemePageTest.php" line="98" assertions="3" time="0.000096"/>
      </testsuite>
      <testsuite name="TokenServiceTest" file="/workspace/FoodBank-Manager/tests/Unit/TokenServiceTest.php" tests="4" assertions="5" errors="0" warnings="0" failures="0" skipped="0" time="0.000455">
        <testcase name="testValidToken" class="TokenServiceTest" classname="TokenServiceTest" file="/workspace/FoodBank-Manager/tests/Unit/TokenServiceTest.php" line="8" assertions="1" time="0.000301"/>
        <testcase name="testBadTokenFails" class="TokenServiceTest" classname="TokenServiceTest" file="/workspace/FoodBank-Manager/tests/Unit/TokenServiceTest.php" line="14" assertions="1" time="0.000045"/>
        <testcase name="testFreshnessWindow" class="TokenServiceTest" classname="TokenServiceTest" file="/workspace/FoodBank-Manager/tests/Unit/TokenServiceTest.php" line="19" assertions="2" time="0.000066"/>
        <testcase name="testFutureToken" class="TokenServiceTest" classname="TokenServiceTest" file="/workspace/FoodBank-Manager/tests/Unit/TokenServiceTest.php" line="30" assertions="1" time="0.000044"/>
      </testsuite>
      <testsuite name="WPUrlHelpersTest" file="/workspace/FoodBank-Manager/tests/Unit/WPUrlHelpersTest.php" tests="3" assertions="5" errors="0" warnings="0" failures="0" skipped="0" time="0.000134">
        <testcase name="testAddQueryArgFormsAndFragments" class="WPUrlHelpersTest" classname="WPUrlHelpersTest" file="/workspace/FoodBank-Manager/tests/Unit/WPUrlHelpersTest.php" line="7" assertions="2" time="0.000042"/>
        <testcase name="testRemoveQueryArgPreservesFragment" class="WPUrlHelpersTest" classname="WPUrlHelpersTest" file="/workspace/FoodBank-Manager/tests/Unit/WPUrlHelpersTest.php" line="15" assertions="2" time="0.000038"/>
        <testcase name="testNonceUrlAppendsNonce" class="WPUrlHelpersTest" classname="WPUrlHelpersTest" file="/workspace/FoodBank-Manager/tests/Unit/WPUrlHelpersTest.php" line="21" assertions="1" time="0.000054"/>
      </testsuite>
    </testsuite>
  </testsuite>
</testsuites>
