<?xml version="1.0" encoding="UTF-8"?>
<testsuites>
  <testsuite name="" tests="198" assertions="507" errors="0" warnings="0" failures="0" skipped="0" time="0.100681">
    <testsuite name="Unit" tests="198" assertions="507" errors="0" warnings="0" failures="0" skipped="0" time="0.100681">
      <testsuite name="ShortcodesPageTest" file="/workspace/FoodBank-Manager/tests/Unit/AAAShortcodesPageTest.php" tests="6" assertions="16" errors="0" warnings="0" failures="0" skipped="0" time="0.006735">
        <testcase name="testDiscoverShortcodesMetadata" class="ShortcodesPageTest" classname="ShortcodesPageTest" file="/workspace/FoodBank-Manager/tests/Unit/AAAShortcodesPageTest.php" line="35" assertions="3" time="0.004471"/>
        <testcase name="testCapabilityRequired" class="ShortcodesPageTest" classname="ShortcodesPageTest" file="/workspace/FoodBank-Manager/tests/Unit/AAAShortcodesPageTest.php" line="46" assertions="1" time="0.000365"/>
        <testcase name="testInvalidNonceBlocksPreview" class="ShortcodesPageTest" classname="ShortcodesPageTest" file="/workspace/FoodBank-Manager/tests/Unit/AAAShortcodesPageTest.php" line="52" assertions="1" time="0.000289"/>
        <testcase name="testUnknownShortcodeRejected" class="ShortcodesPageTest" classname="ShortcodesPageTest" file="/workspace/FoodBank-Manager/tests/Unit/AAAShortcodesPageTest.php" line="61" assertions="3" time="0.000644"/>
        <testcase name="testAttributeSanitizer" class="ShortcodesPageTest" classname="ShortcodesPageTest" file="/workspace/FoodBank-Manager/tests/Unit/AAAShortcodesPageTest.php" line="75" assertions="4" time="0.000443"/>
        <testcase name="testPreviewFiltersHtml" class="ShortcodesPageTest" classname="ShortcodesPageTest" file="/workspace/FoodBank-Manager/tests/Unit/AAAShortcodesPageTest.php" line="98" assertions="4" time="0.000523"/>
      </testsuite>
      <testsuite name="Tests\Unit\Admin\DatabasePageTest" file="/workspace/FoodBank-Manager/tests/Unit/Admin/DatabasePageTest.php" tests="2" assertions="7" errors="0" warnings="0" failures="0" skipped="0" time="0.002114">
        <testcase name="testRenderDenied" class="Tests\Unit\Admin\DatabasePageTest" classname="Tests.Unit.Admin.DatabasePageTest" file="/workspace/FoodBank-Manager/tests/Unit/Admin/DatabasePageTest.php" line="21" assertions="2" time="0.000985"/>
        <testcase name="testFilterInputsSanitizedAndWhitelisted" class="Tests\Unit\Admin\DatabasePageTest" classname="Tests.Unit.Admin.DatabasePageTest" file="/workspace/FoodBank-Manager/tests/Unit/Admin/DatabasePageTest.php" line="28" assertions="5" time="0.001129"/>
      </testsuite>
      <testsuite name="DiagnosticsPageTest" file="/workspace/FoodBank-Manager/tests/Unit/Admin/DiagnosticsPageTest.php" tests="5" assertions="15" errors="0" warnings="0" failures="0" skipped="0" time="0.015570">
        <testcase name="testTemplateRendersSmtpInfo" class="DiagnosticsPageTest" classname="DiagnosticsPageTest" file="/workspace/FoodBank-Manager/tests/Unit/Admin/DiagnosticsPageTest.php" line="121" assertions="5" time="0.003623"/>
        <testcase name="testCronTableShowsOverdue" class="DiagnosticsPageTest" classname="DiagnosticsPageTest" file="/workspace/FoodBank-Manager/tests/Unit/Admin/DiagnosticsPageTest.php" line="138" assertions="3" time="0.003557"/>
        <testcase name="testRetentionRunOutputsSummary" class="DiagnosticsPageTest" classname="DiagnosticsPageTest" file="/workspace/FoodBank-Manager/tests/Unit/Admin/DiagnosticsPageTest.php" line="171" assertions="3" time="0.003411"/>
        <testcase name="testRetentionDryRunOutputsSummary" class="DiagnosticsPageTest" classname="DiagnosticsPageTest" file="/workspace/FoodBank-Manager/tests/Unit/Admin/DiagnosticsPageTest.php" line="200" assertions="3" time="0.003292"/>
        <testcase name="testRepairCapsActionEnsuresCaps" class="DiagnosticsPageTest" classname="DiagnosticsPageTest" file="/workspace/FoodBank-Manager/tests/Unit/Admin/DiagnosticsPageTest.php" line="229" assertions="1" time="0.001687"/>
      </testsuite>
      <testsuite name="Tests\Unit\Admin\EntryPageTest" file="/workspace/FoodBank-Manager/tests/Unit/Admin/EntryPageTest.php" tests="6" assertions="10" errors="0" warnings="0" failures="0" skipped="0" time="0.013109">
        <testcase name="testRenderDenied" class="Tests\Unit\Admin\EntryPageTest" classname="Tests.Unit.Admin.EntryPageTest" file="/workspace/FoodBank-Manager/tests/Unit/Admin/EntryPageTest.php" line="35" assertions="2" time="0.002033"/>
        <testcase name="testRenderMasksEmailWithoutSensitiveCap" class="Tests\Unit\Admin\EntryPageTest" classname="Tests.Unit.Admin.EntryPageTest" file="/workspace/FoodBank-Manager/tests/Unit/Admin/EntryPageTest.php" line="50" assertions="4" time="0.002425"/>
        <testcase name="testUnmaskShowsPlaintextWithCapability" class="Tests\Unit\Admin\EntryPageTest" classname="Tests.Unit.Admin.EntryPageTest" file="/workspace/FoodBank-Manager/tests/Unit/Admin/EntryPageTest.php" line="67" assertions="1" time="0.002265"/>
        <testcase name="testUnmaskDeniedWithoutNonce" class="Tests\Unit\Admin\EntryPageTest" classname="Tests.Unit.Admin.EntryPageTest" file="/workspace/FoodBank-Manager/tests/Unit/Admin/EntryPageTest.php" line="91" assertions="1" time="0.002246"/>
        <testcase name="testPdfDeniedWithoutNonce" class="Tests\Unit\Admin\EntryPageTest" classname="Tests.Unit.Admin.EntryPageTest" file="/workspace/FoodBank-Manager/tests/Unit/Admin/EntryPageTest.php" line="107" assertions="1" time="0.001972"/>
        <testcase name="testPdfExportHandlesEngines" class="Tests\Unit\Admin\EntryPageTest" classname="Tests.Unit.Admin.EntryPageTest" file="/workspace/FoodBank-Manager/tests/Unit/Admin/EntryPageTest.php" line="122" assertions="1" time="0.002167"/>
      </testsuite>
      <testsuite name="Tests\Unit\Admin\EventsPageTest" file="/workspace/FoodBank-Manager/tests/Unit/Admin/EventsPageTest.php" tests="3" assertions="8" errors="0" warnings="0" failures="0" skipped="0" time="0.001424">
        <testcase name="testRenderDenied" class="Tests\Unit\Admin\EventsPageTest" classname="Tests.Unit.Admin.EventsPageTest" file="/workspace/FoodBank-Manager/tests/Unit/Admin/EventsPageTest.php" line="31" assertions="1" time="0.000483"/>
        <testcase name="testListRenderEscapesOutput" class="Tests\Unit\Admin\EventsPageTest" classname="Tests.Unit.Admin.EventsPageTest" file="/workspace/FoodBank-Manager/tests/Unit/Admin/EventsPageTest.php" line="39" assertions="2" time="0.000672"/>
        <testcase name="testAddEditDeleteFlow" class="Tests\Unit\Admin\EventsPageTest" classname="Tests.Unit.Admin.EventsPageTest" file="/workspace/FoodBank-Manager/tests/Unit/Admin/EventsPageTest.php" line="59" assertions="5" time="0.000269"/>
      </testsuite>
      <testsuite name="Tests\Unit\Admin\FormBuilderPageTest" file="/workspace/FoodBank-Manager/tests/Unit/Admin/FormBuilderPageTest.php" tests="2" assertions="4" errors="0" warnings="0" failures="0" skipped="0" time="0.000699">
        <testcase name="testRenderDenied" class="Tests\Unit\Admin\FormBuilderPageTest" classname="Tests.Unit.Admin.FormBuilderPageTest" file="/workspace/FoodBank-Manager/tests/Unit/Admin/FormBuilderPageTest.php" line="11" assertions="1" time="0.000205"/>
        <testcase name="testCreatePreviewAndDelete" class="Tests\Unit\Admin\FormBuilderPageTest" classname="Tests.Unit.Admin.FormBuilderPageTest" file="/workspace/FoodBank-Manager/tests/Unit/Admin/FormBuilderPageTest.php" line="19" assertions="3" time="0.000494"/>
      </testsuite>
      <testsuite name="Tests\Unit\Admin\GDPRPageTest" file="/workspace/FoodBank-Manager/tests/Unit/Admin/GDPRPageTest.php" tests="5" assertions="8" errors="0" warnings="0" failures="0" skipped="0" time="0.011338">
        <testcase name="testRenderDenied" class="Tests\Unit\Admin\GDPRPageTest" classname="Tests.Unit.Admin.GDPRPageTest" file="/workspace/FoodBank-Manager/tests/Unit/Admin/GDPRPageTest.php" line="53" assertions="2" time="0.002187"/>
        <testcase name="testSearchPreview" class="Tests\Unit\Admin\GDPRPageTest" classname="Tests.Unit.Admin.GDPRPageTest" file="/workspace/FoodBank-Manager/tests/Unit/Admin/GDPRPageTest.php" line="62" assertions="1" time="0.002204"/>
        <testcase name="testExportRequiresNonce" class="Tests\Unit\Admin\GDPRPageTest" classname="Tests.Unit.Admin.GDPRPageTest" file="/workspace/FoodBank-Manager/tests/Unit/Admin/GDPRPageTest.php" line="70" assertions="1" time="0.002368"/>
        <testcase name="testMaskedByDefault" class="Tests\Unit\Admin\GDPRPageTest" classname="Tests.Unit.Admin.GDPRPageTest" file="/workspace/FoodBank-Manager/tests/Unit/Admin/GDPRPageTest.php" line="79" assertions="2" time="0.002343"/>
        <testcase name="testUnmaskedWithCapability" class="Tests\Unit\Admin\GDPRPageTest" classname="Tests.Unit.Admin.GDPRPageTest" file="/workspace/FoodBank-Manager/tests/Unit/Admin/GDPRPageTest.php" line="94" assertions="2" time="0.002236"/>
      </testsuite>
      <testsuite name="JobsPanelTest" file="/workspace/FoodBank-Manager/tests/Unit/Admin/JobsPanelTest.php" tests="1" assertions="2" errors="0" warnings="0" failures="0" skipped="0" time="0.000287">
        <testcase name="testPanelRenders" class="JobsPanelTest" classname="JobsPanelTest" file="/workspace/FoodBank-Manager/tests/Unit/Admin/JobsPanelTest.php" line="6" assertions="2" time="0.000287"/>
      </testsuite>
      <testsuite name="Tests\Unit\Admin\ReportsPageTest" file="/workspace/FoodBank-Manager/tests/Unit/Admin/ReportsPageTest.php" tests="2" assertions="5" errors="0" warnings="0" failures="0" skipped="0" time="0.001325">
        <testcase name="testDenied" class="Tests\Unit\Admin\ReportsPageTest" classname="Tests.Unit.Admin.ReportsPageTest" file="/workspace/FoodBank-Manager/tests/Unit/Admin/ReportsPageTest.php" line="57" assertions="1" time="0.000601"/>
        <testcase name="testRender" class="Tests\Unit\Admin\ReportsPageTest" classname="Tests.Unit.Admin.ReportsPageTest" file="/workspace/FoodBank-Manager/tests/Unit/Admin/ReportsPageTest.php" line="65" assertions="4" time="0.000725"/>
      </testsuite>
      <testsuite name="Tests\Unit\Admin\ScanPageTest" file="/workspace/FoodBank-Manager/tests/Unit/Admin/ScanPageTest.php" tests="2" assertions="5" errors="0" warnings="0" failures="0" skipped="0" time="0.000687">
        <testcase name="testRenderDenied" class="Tests\Unit\Admin\ScanPageTest" classname="Tests.Unit.Admin.ScanPageTest" file="/workspace/FoodBank-Manager/tests/Unit/Admin/ScanPageTest.php" line="49" assertions="2" time="0.000178">
          <system-out>
Deprecated: Calling ReflectionProperty::setValue() with a single argument is deprecated in /workspace/FoodBank-Manager/tests/Unit/Admin/ScanPageTest.php on line 28

Deprecated: Calling ReflectionProperty::setValue() with a single argument is deprecated in /workspace/FoodBank-Manager/tests/Unit/Admin/ScanPageTest.php on line 31
</system-out>
        </testcase>
        <testcase name="testRenderAndSubmit" class="Tests\Unit\Admin\ScanPageTest" classname="Tests.Unit.Admin.ScanPageTest" file="/workspace/FoodBank-Manager/tests/Unit/Admin/ScanPageTest.php" line="58" assertions="3" time="0.000509">
          <system-out>
Deprecated: Calling ReflectionProperty::setValue() with a single argument is deprecated in /workspace/FoodBank-Manager/tests/Unit/Admin/ScanPageTest.php on line 28

Deprecated: Calling ReflectionProperty::setValue() with a single argument is deprecated in /workspace/FoodBank-Manager/tests/Unit/Admin/ScanPageTest.php on line 31
</system-out>
        </testcase>
      </testsuite>
      <testsuite name="SettingsThemeTest" file="/workspace/FoodBank-Manager/tests/Unit/Admin/SettingsThemeTest.php" tests="2" assertions="2" errors="0" warnings="0" failures="0" skipped="0" time="0.000554">
        <testcase name="test_saves_and_renders_theme_options" class="SettingsThemeTest" classname="SettingsThemeTest" file="/workspace/FoodBank-Manager/tests/Unit/Admin/SettingsThemeTest.php" line="15" assertions="1" time="0.000458"/>
        <testcase name="test_invalid_rtl_falls_back_to_auto" class="SettingsThemeTest" classname="SettingsThemeTest" file="/workspace/FoodBank-Manager/tests/Unit/Admin/SettingsThemeTest.php" line="42" assertions="1" time="0.000096"/>
      </testsuite>
      <testsuite name="AdminTemplatesTest" file="/workspace/FoodBank-Manager/tests/Unit/AdminTemplatesTest.php" tests="1" assertions="1" errors="0" warnings="0" failures="0" skipped="0" time="0.000042">
        <testcase name="testSettingsTemplateWrapped" class="AdminTemplatesTest" classname="AdminTemplatesTest" file="/workspace/FoodBank-Manager/tests/Unit/AdminTemplatesTest.php" line="8" assertions="1" time="0.000042"/>
      </testsuite>
      <testsuite name="AssetsRtlTest" file="/workspace/FoodBank-Manager/tests/Unit/AssetsRtlTest.php" tests="2" assertions="4" errors="0" warnings="0" failures="0" skipped="0" time="0.005092">
        <testcase name="test_high_contrast_force_on_emits_rtl_selector" class="AssetsRtlTest" classname="AssetsRtlTest" file="/workspace/FoodBank-Manager/tests/Unit/AssetsRtlTest.php" line="10" assertions="2" time="0.002393"/>
        <testcase name="test_force_off_sets_ltr_only" class="AssetsRtlTest" classname="AssetsRtlTest" file="/workspace/FoodBank-Manager/tests/Unit/AssetsRtlTest.php" line="21" assertions="2" time="0.002699"/>
      </testsuite>
      <testsuite name="AssetsTest" file="/workspace/FoodBank-Manager/tests/Unit/AssetsTest.php" tests="2" assertions="8" errors="0" warnings="0" failures="0" skipped="0" time="0.000736">
        <testcase name="test_admin_css_vars_only_on_fbm_screens" class="AssetsTest" classname="AssetsTest" file="/workspace/FoodBank-Manager/tests/Unit/AssetsTest.php" line="10" assertions="6" time="0.000506"/>
        <testcase name="test_frontend_dashboard_css_gated_by_shortcode" class="AssetsTest" classname="AssetsTest" file="/workspace/FoodBank-Manager/tests/Unit/AssetsTest.php" line="32" assertions="2" time="0.000229"/>
      </testsuite>
      <testsuite name="AttendanceRepoCompatTest" file="/workspace/FoodBank-Manager/tests/Unit/Attendance/AttendanceRepoCompatTest.php" tests="1" assertions="4" errors="0" warnings="0" failures="0" skipped="0" time="0.000226">
        <testcase name="testCamelCaseProxies" class="AttendanceRepoCompatTest" classname="AttendanceRepoCompatTest" file="/workspace/FoodBank-Manager/tests/Unit/Attendance/AttendanceRepoCompatTest.php" line="15" assertions="4" time="0.000226"/>
      </testsuite>
      <testsuite name="Tests\Unit\Attendance\CheckinsRepoTest" file="/workspace/FoodBank-Manager/tests/Unit/Attendance/CheckinsRepoTest.php" tests="2" assertions="6" errors="0" warnings="0" failures="0" skipped="0" time="0.000364">
        <testcase name="testListFiltersAndOrder" class="Tests\Unit\Attendance\CheckinsRepoTest" classname="Tests.Unit.Attendance.CheckinsRepoTest" file="/workspace/FoodBank-Manager/tests/Unit/Attendance/CheckinsRepoTest.php" line="41" assertions="5" time="0.000283">
          <system-out>
Deprecated: Calling ReflectionProperty::setValue() with a single argument is deprecated in /workspace/FoodBank-Manager/tests/Unit/Attendance/CheckinsRepoTest.php on line 15

Deprecated: Calling ReflectionProperty::setValue() with a single argument is deprecated in /workspace/FoodBank-Manager/tests/Unit/Attendance/CheckinsRepoTest.php on line 18
</system-out>
        </testcase>
        <testcase name="testReplayGuard" class="Tests\Unit\Attendance\CheckinsRepoTest" classname="Tests.Unit.Attendance.CheckinsRepoTest" file="/workspace/FoodBank-Manager/tests/Unit/Attendance/CheckinsRepoTest.php" line="51" assertions="1" time="0.000081">
          <system-out>
Deprecated: Calling ReflectionProperty::setValue() with a single argument is deprecated in /workspace/FoodBank-Manager/tests/Unit/Attendance/CheckinsRepoTest.php on line 15

Deprecated: Calling ReflectionProperty::setValue() with a single argument is deprecated in /workspace/FoodBank-Manager/tests/Unit/Attendance/CheckinsRepoTest.php on line 18
</system-out>
        </testcase>
      </testsuite>
      <testsuite name="EventsRepoTest" file="/workspace/FoodBank-Manager/tests/Unit/Attendance/EventsRepoTest.php" tests="2" assertions="12" errors="0" warnings="0" failures="0" skipped="0" time="0.000114">
        <testcase name="testCrudFlow" class="EventsRepoTest" classname="EventsRepoTest" file="/workspace/FoodBank-Manager/tests/Unit/Attendance/EventsRepoTest.php" line="26" assertions="7" time="0.000059"/>
        <testcase name="testListFiltersAndOrdering" class="EventsRepoTest" classname="EventsRepoTest" file="/workspace/FoodBank-Manager/tests/Unit/Attendance/EventsRepoTest.php" line="51" assertions="5" time="0.000055"/>
      </testsuite>
      <testsuite name="Tests\Unit\Attendance\ManualCheckinServiceTest" file="/workspace/FoodBank-Manager/tests/Unit/Attendance/ManualCheckinServiceTest.php" tests="3" assertions="7" errors="0" warnings="0" failures="0" skipped="0" time="0.000482">
        <testcase name="testSuccess" class="Tests\Unit\Attendance\ManualCheckinServiceTest" classname="Tests.Unit.Attendance.ManualCheckinServiceTest" file="/workspace/FoodBank-Manager/tests/Unit/Attendance/ManualCheckinServiceTest.php" line="40" assertions="5" time="0.000306">
          <system-out>
Deprecated: Calling ReflectionProperty::setValue() with a single argument is deprecated in /workspace/FoodBank-Manager/tests/Unit/Attendance/ManualCheckinServiceTest.php on line 22

Deprecated: Calling ReflectionProperty::setValue() with a single argument is deprecated in /workspace/FoodBank-Manager/tests/Unit/Attendance/ManualCheckinServiceTest.php on line 25
</system-out>
        </testcase>
        <testcase name="testValidationFailures" class="Tests\Unit\Attendance\ManualCheckinServiceTest" classname="Tests.Unit.Attendance.ManualCheckinServiceTest" file="/workspace/FoodBank-Manager/tests/Unit/Attendance/ManualCheckinServiceTest.php" line="51" assertions="1" time="0.000092">
          <system-out>
Deprecated: Calling ReflectionProperty::setValue() with a single argument is deprecated in /workspace/FoodBank-Manager/tests/Unit/Attendance/ManualCheckinServiceTest.php on line 22

Deprecated: Calling ReflectionProperty::setValue() with a single argument is deprecated in /workspace/FoodBank-Manager/tests/Unit/Attendance/ManualCheckinServiceTest.php on line 25
</system-out>
        </testcase>
        <testcase name="testInactiveEvent" class="Tests\Unit\Attendance\ManualCheckinServiceTest" classname="Tests.Unit.Attendance.ManualCheckinServiceTest" file="/workspace/FoodBank-Manager/tests/Unit/Attendance/ManualCheckinServiceTest.php" line="56" assertions="1" time="0.000084">
          <system-out>
Deprecated: Calling ReflectionProperty::setValue() with a single argument is deprecated in /workspace/FoodBank-Manager/tests/Unit/Attendance/ManualCheckinServiceTest.php on line 22

Deprecated: Calling ReflectionProperty::setValue() with a single argument is deprecated in /workspace/FoodBank-Manager/tests/Unit/Attendance/ManualCheckinServiceTest.php on line 25
</system-out>
        </testcase>
      </testsuite>
      <testsuite name="Tests\Unit\Attendance\ReportsServiceTest" file="/workspace/FoodBank-Manager/tests/Unit/Attendance/ReportsServiceTest.php" tests="3" assertions="11" errors="0" warnings="0" failures="0" skipped="0" time="0.000259">
        <testcase name="testDailyCounts" class="Tests\Unit\Attendance\ReportsServiceTest" classname="Tests.Unit.Attendance.ReportsServiceTest" file="/workspace/FoodBank-Manager/tests/Unit/Attendance/ReportsServiceTest.php" line="74" assertions="4" time="0.000108"/>
        <testcase name="testPeriodSummary" class="Tests\Unit\Attendance\ReportsServiceTest" classname="Tests.Unit.Attendance.ReportsServiceTest" file="/workspace/FoodBank-Manager/tests/Unit/Attendance/ReportsServiceTest.php" line="82" assertions="5" time="0.000084"/>
        <testcase name="testExportRowsMasking" class="Tests\Unit\Attendance\ReportsServiceTest" classname="Tests.Unit.Attendance.ReportsServiceTest" file="/workspace/FoodBank-Manager/tests/Unit/Attendance/ReportsServiceTest.php" line="91" assertions="2" time="0.000067"/>
      </testsuite>
      <testsuite name="FoodBankManager\Tests\Unit\Attendance\TicketServiceTest" file="/workspace/FoodBank-Manager/tests/Unit/Attendance/TicketServiceTest.php" tests="1" assertions="4" errors="0" warnings="0" failures="0" skipped="0" time="0.000172">
        <testcase name="testCreateAndVerify" class="FoodBankManager\Tests\Unit\Attendance\TicketServiceTest" classname="FoodBankManager.Tests.Unit.Attendance.TicketServiceTest" file="/workspace/FoodBank-Manager/tests/Unit/Attendance/TicketServiceTest.php" line="14" assertions="4" time="0.000172"/>
      </testsuite>
      <testsuite name="FoodBankManager\Tests\Unit\Attendance\TicketsRepoTest" file="/workspace/FoodBank-Manager/tests/Unit/Attendance/TicketsRepoTest.php" tests="2" assertions="5" errors="0" warnings="0" failures="0" skipped="0" time="0.000062">
        <testcase name="testIssueAndList" class="FoodBankManager\Tests\Unit\Attendance\TicketsRepoTest" classname="FoodBankManager.Tests.Unit.Attendance.TicketsRepoTest" file="/workspace/FoodBank-Manager/tests/Unit/Attendance/TicketsRepoTest.php" line="29" assertions="3" time="0.000040"/>
        <testcase name="testRegenerateAndRevoke" class="FoodBankManager\Tests\Unit\Attendance\TicketsRepoTest" classname="FoodBankManager.Tests.Unit.Attendance.TicketsRepoTest" file="/workspace/FoodBank-Manager/tests/Unit/Attendance/TicketsRepoTest.php" line="37" assertions="2" time="0.000021"/>
      </testsuite>
      <testsuite name="AttendancePolicyTest" file="/workspace/FoodBank-Manager/tests/Unit/AttendancePolicyTest.php" tests="1" assertions="3" errors="0" warnings="0" failures="0" skipped="0" time="0.000210">
        <testcase name="testBreachWithinDays" class="AttendancePolicyTest" classname="AttendancePolicyTest" file="/workspace/FoodBank-Manager/tests/Unit/AttendancePolicyTest.php" line="8" assertions="3" time="0.000210"/>
      </testsuite>
      <testsuite name="AttendanceRepoCountsTest" file="/workspace/FoodBank-Manager/tests/Unit/AttendanceRepoCountsTest.php" tests="1" assertions="5" errors="0" warnings="0" failures="0" skipped="0" time="0.000039">
        <testcase name="testCountsReturnInts" class="AttendanceRepoCountsTest" classname="AttendanceRepoCountsTest" file="/workspace/FoodBank-Manager/tests/Unit/AttendanceRepoCountsTest.php" line="14" assertions="5" time="0.000039"/>
      </testsuite>
      <testsuite name="AttendanceRepoDailyCountsTest" file="/workspace/FoodBank-Manager/tests/Unit/AttendanceRepoDailyCountsTest.php" tests="1" assertions="3" errors="0" warnings="0" failures="0" skipped="0" time="0.000077">
        <testcase name="testCountsLength" class="AttendanceRepoDailyCountsTest" classname="AttendanceRepoDailyCountsTest" file="/workspace/FoodBank-Manager/tests/Unit/AttendanceRepoDailyCountsTest.php" line="14" assertions="3" time="0.000077"/>
      </testsuite>
      <testsuite name="AttendanceRepoFilterTest" file="/workspace/FoodBank-Manager/tests/Unit/AttendanceRepoFilterTest.php" tests="1" assertions="4" errors="0" warnings="0" failures="0" skipped="0" time="0.000026">
        <testcase name="testFiltersPrepared" class="AttendanceRepoFilterTest" classname="AttendanceRepoFilterTest" file="/workspace/FoodBank-Manager/tests/Unit/AttendanceRepoFilterTest.php" line="14" assertions="4" time="0.000026"/>
      </testsuite>
      <testsuite name="AttendanceRepoTest" file="/workspace/FoodBank-Manager/tests/Unit/AttendanceRepoTest.php" tests="1" assertions="4" errors="0" warnings="0" failures="0" skipped="0" time="0.000062">
        <testcase name="testPeopleSummaryExcludesVoidedByDefault" class="AttendanceRepoTest" classname="AttendanceRepoTest" file="/workspace/FoodBank-Manager/tests/Unit/AttendanceRepoTest.php" line="9" assertions="4" time="0.000062"/>
      </testsuite>
      <testsuite name="AuditTest" file="/workspace/FoodBank-Manager/tests/Unit/AuditTest.php" tests="1" assertions="4" errors="0" warnings="0" failures="0" skipped="0" time="0.000057">
        <testcase name="testLogInsertsRow" class="AuditTest" classname="AuditTest" file="/workspace/FoodBank-Manager/tests/Unit/AuditTest.php" line="9" assertions="4" time="0.000057"/>
      </testsuite>
      <testsuite name="CapabilitiesTest" file="/workspace/FoodBank-Manager/tests/Unit/Auth/CapabilitiesTest.php" tests="1" assertions="13" errors="0" warnings="0" failures="0" skipped="0" time="0.000051">
        <testcase name="testEnsureForAdminAddsAllCapsIdempotently" class="CapabilitiesTest" classname="CapabilitiesTest" file="/workspace/FoodBank-Manager/tests/Unit/Auth/CapabilitiesTest.php" line="13" assertions="13" time="0.000051"/>
      </testsuite>
      <testsuite name="CapabilitiesResolverTest" file="/workspace/FoodBank-Manager/tests/Unit/CapabilitiesResolverTest.php" tests="2" assertions="4" errors="0" warnings="0" failures="0" skipped="0" time="0.000133">
        <testcase name="testMergesRoleAndOverrides" class="CapabilitiesResolverTest" classname="CapabilitiesResolverTest" file="/workspace/FoodBank-Manager/tests/Unit/CapabilitiesResolverTest.php" line="13" assertions="3" time="0.000110"/>
        <testcase name="testUnknownCapsIgnored" class="CapabilitiesResolverTest" classname="CapabilitiesResolverTest" file="/workspace/FoodBank-Manager/tests/Unit/CapabilitiesResolverTest.php" line="28" assertions="1" time="0.000022"/>
      </testsuite>
      <testsuite name="JobsRepoTest" file="/workspace/FoodBank-Manager/tests/Unit/Core/JobsRepoTest.php" tests="1" assertions="10" errors="0" warnings="0" failures="0" skipped="0" time="0.000600">
        <testcase name="testLifecycleAndListing" class="JobsRepoTest" classname="JobsRepoTest" file="/workspace/FoodBank-Manager/tests/Unit/Core/JobsRepoTest.php" line="19" assertions="10" time="0.000600"/>
      </testsuite>
      <testsuite name="JobsWorkerTest" file="/workspace/FoodBank-Manager/tests/Unit/Core/JobsWorkerTest.php" tests="1" assertions="4" errors="0" warnings="0" failures="0" skipped="0" time="0.000876">
        <testcase name="testTickSuccessAndFailure" class="JobsWorkerTest" classname="JobsWorkerTest" file="/workspace/FoodBank-Manager/tests/Unit/Core/JobsWorkerTest.php" line="63" assertions="4" time="0.000876"/>
      </testsuite>
      <testsuite name="RetentionConfigTest" file="/workspace/FoodBank-Manager/tests/Unit/Core/RetentionConfigTest.php" tests="4" assertions="6" errors="0" warnings="0" failures="0" skipped="0" time="0.000199">
        <testcase name="testNullYieldsDefaults" class="RetentionConfigTest" classname="RetentionConfigTest" file="/workspace/FoodBank-Manager/tests/Unit/Core/RetentionConfigTest.php" line="9" assertions="1" time="0.000139"/>
        <testcase name="testJsonStringIsParsed" class="RetentionConfigTest" classname="RetentionConfigTest" file="/workspace/FoodBank-Manager/tests/Unit/Core/RetentionConfigTest.php" line="15" assertions="2" time="0.000027"/>
        <testcase name="testInvalidPolicyAndNegativeDaysAreCorrected" class="RetentionConfigTest" classname="RetentionConfigTest" file="/workspace/FoodBank-Manager/tests/Unit/Core/RetentionConfigTest.php" line="23" assertions="2" time="0.000018"/>
        <testcase name="testMailLogKeyIsMapped" class="RetentionConfigTest" classname="RetentionConfigTest" file="/workspace/FoodBank-Manager/tests/Unit/Core/RetentionConfigTest.php" line="31" assertions="1" time="0.000015"/>
      </testsuite>
      <testsuite name="RetentionTest" file="/workspace/FoodBank-Manager/tests/Unit/Core/RetentionTest.php" tests="2" assertions="9" errors="0" warnings="0" failures="0" skipped="0" time="0.000786">
        <testcase name="testRunProcessesAndLimits" class="RetentionTest" classname="RetentionTest" file="/workspace/FoodBank-Manager/tests/Unit/Core/RetentionTest.php" line="108" assertions="6" time="0.000640"/>
        <testcase name="testDryRunDoesNotWrite" class="RetentionTest" classname="RetentionTest" file="/workspace/FoodBank-Manager/tests/Unit/Core/RetentionTest.php" line="120" assertions="3" time="0.000146"/>
      </testsuite>
      <testsuite name="TraceTest" file="/workspace/FoodBank-Manager/tests/Unit/Core/TraceTest.php" tests="2" assertions="2" errors="0" warnings="0" failures="0" skipped="0" time="0.000042">
        <testcase name="testCountsIncrement" class="TraceTest" classname="TraceTest" file="/workspace/FoodBank-Manager/tests/Unit/Core/TraceTest.php" line="8" assertions="1" time="0.000025">
          <system-out>
&lt;!-- fbm-render count-test pass=1 --&gt;

&lt;!-- fbm-render count-test pass=2 --&gt;
</system-out>
        </testcase>
        <testcase name="testMarkOutputsComment" class="TraceTest" classname="TraceTest" file="/workspace/FoodBank-Manager/tests/Unit/Core/TraceTest.php" line="15" assertions="1" time="0.000017"/>
      </testsuite>
      <testsuite name="CssSanitizerTest" file="/workspace/FoodBank-Manager/tests/Unit/CssSanitizerTest.php" tests="1" assertions="1" errors="0" warnings="0" failures="0" skipped="0" time="0.000233">
        <testcase name="testStripsForbidden" class="CssSanitizerTest" classname="CssSanitizerTest" file="/workspace/FoodBank-Manager/tests/Unit/CssSanitizerTest.php" line="8" assertions="1" time="0.000233"/>
      </testsuite>
      <testsuite name="CsvExporterTest" file="/workspace/FoodBank-Manager/tests/Unit/CsvExporterTest.php" tests="3" assertions="8" errors="0" warnings="0" failures="0" skipped="0" time="0.000498">
        <testcase name="testStreamListMasksSensitiveByDefault" class="CsvExporterTest" classname="CsvExporterTest" file="/workspace/FoodBank-Manager/tests/Unit/CsvExporterTest.php" line="14" assertions="3" time="0.000432"/>
        <testcase name="testStreamListUnmaskedWhenAllowed" class="CsvExporterTest" classname="CsvExporterTest" file="/workspace/FoodBank-Manager/tests/Unit/CsvExporterTest.php" line="36" assertions="4" time="0.000046"/>
        <testcase name="testStreamListEmptyRowsOutputsOnlyBom" class="CsvExporterTest" classname="CsvExporterTest" file="/workspace/FoodBank-Manager/tests/Unit/CsvExporterTest.php" line="66" assertions="1" time="0.000021"/>
      </testsuite>
      <testsuite name="DashboardDeltaTest" file="/workspace/FoodBank-Manager/tests/Unit/DashboardDeltaTest.php" tests="1" assertions="3" errors="0" warnings="0" failures="0" skipped="0" time="0.000536">
        <testcase name="testDeltaMath" class="DashboardDeltaTest" classname="DashboardDeltaTest" file="/workspace/FoodBank-Manager/tests/Unit/DashboardDeltaTest.php" line="8" assertions="3" time="0.000536"/>
      </testsuite>
      <testsuite name="DashboardExportControllerTest" file="/workspace/FoodBank-Manager/tests/Unit/DashboardExportControllerTest.php" tests="2" assertions="2" errors="0" warnings="0" failures="0" skipped="0" time="0.000520">
        <testcase name="testNonceRequired" class="DashboardExportControllerTest" classname="DashboardExportControllerTest" file="/workspace/FoodBank-Manager/tests/Unit/DashboardExportControllerTest.php" line="17" assertions="1" time="0.000271"/>
        <testcase name="testExportsCsv" class="DashboardExportControllerTest" classname="DashboardExportControllerTest" file="/workspace/FoodBank-Manager/tests/Unit/DashboardExportControllerTest.php" line="26" assertions="1" time="0.000248"/>
      </testsuite>
      <testsuite name="FoodBankManagerTest\DashboardShortcodeTest" file="/workspace/FoodBank-Manager/tests/Unit/DashboardShortcodeTest.php" tests="4" assertions="8" errors="0" warnings="0" failures="0" skipped="0" time="0.000927">
        <testcase name="testSanitizePeriod" class="FoodBankManagerTest\DashboardShortcodeTest" classname="FoodBankManagerTest.DashboardShortcodeTest" file="/workspace/FoodBank-Manager/tests/Unit/DashboardShortcodeTest.php" line="16" assertions="1" time="0.000057"/>
        <testcase name="testSanitizeTypeAndEvent" class="FoodBankManagerTest\DashboardShortcodeTest" classname="FoodBankManagerTest.DashboardShortcodeTest" file="/workspace/FoodBank-Manager/tests/Unit/DashboardShortcodeTest.php" line="21" assertions="4" time="0.000034"/>
        <testcase name="testUnauthorizedGated" class="FoodBankManagerTest\DashboardShortcodeTest" classname="FoodBankManagerTest.DashboardShortcodeTest" file="/workspace/FoodBank-Manager/tests/Unit/DashboardShortcodeTest.php" line="29" assertions="1" time="0.000050"/>
        <testcase name="testSafeHtmlOutput" class="FoodBankManagerTest\DashboardShortcodeTest" classname="FoodBankManagerTest.DashboardShortcodeTest" file="/workspace/FoodBank-Manager/tests/Unit/DashboardShortcodeTest.php" line="37" assertions="2" time="0.000785"/>
      </testsuite>
      <testsuite name="EmailsPageTest" file="/workspace/FoodBank-Manager/tests/Unit/EmailsPageTest.php" tests="11" assertions="27" errors="0" warnings="0" failures="0" skipped="0" time="0.002392">
        <testcase name="testCapabilityRequired" class="EmailsPageTest" classname="EmailsPageTest" file="/workspace/FoodBank-Manager/tests/Unit/EmailsPageTest.php" line="28" assertions="1" time="0.000386"/>
        <testcase name="testListRenders" class="EmailsPageTest" classname="EmailsPageTest" file="/workspace/FoodBank-Manager/tests/Unit/EmailsPageTest.php" line="34" assertions="3" time="0.000441"/>
        <testcase name="testSaveMissingNonceBlocked" class="EmailsPageTest" classname="EmailsPageTest" file="/workspace/FoodBank-Manager/tests/Unit/EmailsPageTest.php" line="43" assertions="1" time="0.000085"/>
        <testcase name="testSaveRequiresCapability" class="EmailsPageTest" classname="EmailsPageTest" file="/workspace/FoodBank-Manager/tests/Unit/EmailsPageTest.php" line="55" assertions="1" time="0.000036"/>
        <testcase name="testSuccessfulSaveSanitizes" class="EmailsPageTest" classname="EmailsPageTest" file="/workspace/FoodBank-Manager/tests/Unit/EmailsPageTest.php" line="69" assertions="6" time="0.000418"/>
        <testcase name="testPreviewMissingNonceBlocked" class="EmailsPageTest" classname="EmailsPageTest" file="/workspace/FoodBank-Manager/tests/Unit/EmailsPageTest.php" line="96" assertions="1" time="0.000043"/>
        <testcase name="testPreviewRequiresCapability" class="EmailsPageTest" classname="EmailsPageTest" file="/workspace/FoodBank-Manager/tests/Unit/EmailsPageTest.php" line="112" assertions="1" time="0.000034"/>
        <testcase name="testPreviewSubstitutesTokens" class="EmailsPageTest" classname="EmailsPageTest" file="/workspace/FoodBank-Manager/tests/Unit/EmailsPageTest.php" line="124" assertions="5" time="0.000608"/>
        <testcase name="testResetMissingNonceBlocked" class="EmailsPageTest" classname="EmailsPageTest" file="/workspace/FoodBank-Manager/tests/Unit/EmailsPageTest.php" line="149" assertions="1" time="0.000051"/>
        <testcase name="testResetRequiresCapability" class="EmailsPageTest" classname="EmailsPageTest" file="/workspace/FoodBank-Manager/tests/Unit/EmailsPageTest.php" line="159" assertions="1" time="0.000030"/>
        <testcase name="testResetRestoresDefaults" class="EmailsPageTest" classname="EmailsPageTest" file="/workspace/FoodBank-Manager/tests/Unit/EmailsPageTest.php" line="171" assertions="6" time="0.000260"/>
      </testsuite>
      <testsuite name="BulkPdfZipTest" file="/workspace/FoodBank-Manager/tests/Unit/Exports/BulkPdfZipTest.php" tests="2" assertions="6" errors="0" warnings="0" failures="0" skipped="0" time="0.002860">
        <testcase name="testBuildZipMasked" class="BulkPdfZipTest" classname="BulkPdfZipTest" file="/workspace/FoodBank-Manager/tests/Unit/Exports/BulkPdfZipTest.php" line="15" assertions="5" time="0.002134"/>
        <testcase name="testUnmasked" class="BulkPdfZipTest" classname="BulkPdfZipTest" file="/workspace/FoodBank-Manager/tests/Unit/Exports/BulkPdfZipTest.php" line="36" assertions="1" time="0.000726"/>
      </testsuite>
      <testsuite name="PdfExporterTest" file="/workspace/FoodBank-Manager/tests/Unit/Exports/PdfExporterTest.php" tests="1" assertions="3" errors="0" warnings="0" failures="0" skipped="0" time="0.000253">
        <testcase name="testRenderEntryHandlesEngines" class="PdfExporterTest" classname="PdfExporterTest" file="/workspace/FoodBank-Manager/tests/Unit/Exports/PdfExporterTest.php" line="8" assertions="3" time="0.000253"/>
      </testsuite>
      <testsuite name="PdfReceiptTest" file="/workspace/FoodBank-Manager/tests/Unit/Exports/PdfReceiptTest.php" tests="2" assertions="6" errors="0" warnings="0" failures="0" skipped="0" time="0.000139">
        <testcase name="testHtmlFallbackAndMasking" class="PdfReceiptTest" classname="PdfReceiptTest" file="/workspace/FoodBank-Manager/tests/Unit/Exports/PdfReceiptTest.php" line="13" assertions="4" time="0.000077"/>
        <testcase name="testPdfEnginePath" class="PdfReceiptTest" classname="PdfReceiptTest" file="/workspace/FoodBank-Manager/tests/Unit/Exports/PdfReceiptTest.php" line="26" assertions="2" time="0.000062"/>
      </testsuite>
      <testsuite name="SarExporterTest" file="/workspace/FoodBank-Manager/tests/Unit/Exports/SarExporterTest.php" tests="5" assertions="17" errors="0" warnings="0" failures="0" skipped="0" time="0.002347">
        <testcase name="testMaskedExport" class="SarExporterTest" classname="SarExporterTest" file="/workspace/FoodBank-Manager/tests/Unit/Exports/SarExporterTest.php" line="19" assertions="3" time="0.000896"/>
        <testcase name="testUnmaskedExport" class="SarExporterTest" classname="SarExporterTest" file="/workspace/FoodBank-Manager/tests/Unit/Exports/SarExporterTest.php" line="49" assertions="1" time="0.000504"/>
        <testcase name="testFilenameSanitized" class="SarExporterTest" classname="SarExporterTest" file="/workspace/FoodBank-Manager/tests/Unit/Exports/SarExporterTest.php" line="74" assertions="9" time="0.000508"/>
        <testcase name="testHtmlFallback" class="SarExporterTest" classname="SarExporterTest" file="/workspace/FoodBank-Manager/tests/Unit/Exports/SarExporterTest.php" line="101" assertions="2" time="0.000134"/>
        <testcase name="testStreamOutputsHeaders" class="SarExporterTest" classname="SarExporterTest" file="/workspace/FoodBank-Manager/tests/Unit/Exports/SarExporterTest.php" line="117" assertions="2" time="0.000304"/>
      </testsuite>
      <testsuite name="XlsxWriterTest" file="/workspace/FoodBank-Manager/tests/Unit/Exports/XlsxWriterTest.php" tests="1" assertions="4" errors="0" warnings="0" failures="0" skipped="0" time="0.001023">
        <testcase name="testBuildXlsx" class="XlsxWriterTest" classname="XlsxWriterTest" file="/workspace/FoodBank-Manager/tests/Unit/Exports/XlsxWriterTest.php" line="15" assertions="4" time="0.001023"/>
      </testsuite>
      <testsuite name="Tests\Unit\Forms\FormRepoTest" file="/workspace/FoodBank-Manager/tests/Unit/Forms/FormRepoTest.php" tests="2" assertions="7" errors="0" warnings="0" failures="0" skipped="0" time="0.000172">
        <testcase name="testCreateAndGet" class="Tests\Unit\Forms\FormRepoTest" classname="Tests.Unit.Forms.FormRepoTest" file="/workspace/FoodBank-Manager/tests/Unit/Forms/FormRepoTest.php" line="10" assertions="4" time="0.000075"/>
        <testcase name="testUpdateAndList" class="Tests\Unit\Forms\FormRepoTest" classname="Tests.Unit.Forms.FormRepoTest" file="/workspace/FoodBank-Manager/tests/Unit/Forms/FormRepoTest.php" line="25" assertions="3" time="0.000097"/>
      </testsuite>
      <testsuite name="FoodBankManager\Tests\Unit\Forms\PresetsRepoTest" file="/workspace/FoodBank-Manager/tests/Unit/Forms/PresetsRepoTest.php" tests="1" assertions="4" errors="0" warnings="0" failures="0" skipped="0" time="0.000584">
        <testcase name="testUpsertGetDelete" class="FoodBankManager\Tests\Unit\Forms\PresetsRepoTest" classname="FoodBankManager.Tests.Unit.Forms.PresetsRepoTest" file="/workspace/FoodBank-Manager/tests/Unit/Forms/PresetsRepoTest.php" line="18" assertions="4" time="0.000584"/>
      </testsuite>
      <testsuite name="FoodBankManager\Tests\Unit\Forms\SchemaTest" file="/workspace/FoodBank-Manager/tests/Unit/Forms/SchemaTest.php" tests="4" assertions="7" errors="0" warnings="0" failures="0" skipped="0" time="0.000183">
        <testcase name="testNormalizeValid" class="FoodBankManager\Tests\Unit\Forms\SchemaTest" classname="FoodBankManager.Tests.Unit.Forms.SchemaTest" file="/workspace/FoodBank-Manager/tests/Unit/Forms/SchemaTest.php" line="10" assertions="3" time="0.000049"/>
        <testcase name="testInvalidTypeThrows" class="FoodBankManager\Tests\Unit\Forms\SchemaTest" classname="FoodBankManager.Tests.Unit.Forms.SchemaTest" file="/workspace/FoodBank-Manager/tests/Unit/Forms/SchemaTest.php" line="24" assertions="1" time="0.000043"/>
        <testcase name="testDuplicateIdThrows" class="FoodBankManager\Tests\Unit\Forms\SchemaTest" classname="FoodBankManager.Tests.Unit.Forms.SchemaTest" file="/workspace/FoodBank-Manager/tests/Unit/Forms/SchemaTest.php" line="36" assertions="1" time="0.000056"/>
        <testcase name="testConsentAndFileFieldsNormalized" class="FoodBankManager\Tests\Unit\Forms\SchemaTest" classname="FoodBankManager.Tests.Unit.Forms.SchemaTest" file="/workspace/FoodBank-Manager/tests/Unit/Forms/SchemaTest.php" line="49" assertions="2" time="0.000036"/>
      </testsuite>
      <testsuite name="FormsPresetsTest" file="/workspace/FoodBank-Manager/tests/Unit/FormsPresetsTest.php" tests="5" assertions="9" errors="0" warnings="0" failures="0" skipped="0" time="0.001216">
        <testcase name="testResolveBuiltin" class="FormsPresetsTest" classname="FormsPresetsTest" file="/workspace/FoodBank-Manager/tests/Unit/FormsPresetsTest.php" line="48" assertions="2" time="0.000374"/>
        <testcase name="testOptionsSanitizeCustomPresets" class="FormsPresetsTest" classname="FormsPresetsTest" file="/workspace/FoodBank-Manager/tests/Unit/FormsPresetsTest.php" line="54" assertions="4" time="0.000048"/>
        <testcase name="testFormsPageRequiresCap" class="FormsPresetsTest" classname="FormsPresetsTest" file="/workspace/FoodBank-Manager/tests/Unit/FormsPresetsTest.php" line="68" assertions="1" time="0.000112"/>
        <testcase name="testFormsPageListsPresets" class="FormsPresetsTest" classname="FormsPresetsTest" file="/workspace/FoodBank-Manager/tests/Unit/FormsPresetsTest.php" line="74" assertions="1" time="0.000211"/>
        <testcase name="testShortcodePresetFallback" class="FormsPresetsTest" classname="FormsPresetsTest" file="/workspace/FoodBank-Manager/tests/Unit/FormsPresetsTest.php" line="82" assertions="1" time="0.000472"/>
      </testsuite>
      <testsuite name="Tests\Unit\Http\AttendanceExportControllerTest" file="/workspace/FoodBank-Manager/tests/Unit/Http/AttendanceExportControllerTest.php" tests="3" assertions="8" errors="0" warnings="0" failures="0" skipped="0" time="0.001585">
        <testcase name="testCsvExport" class="Tests\Unit\Http\AttendanceExportControllerTest" classname="Tests.Unit.Http.AttendanceExportControllerTest" file="/workspace/FoodBank-Manager/tests/Unit/Http/AttendanceExportControllerTest.php" line="55" assertions="3" time="0.000519"/>
        <testcase name="testXlsxExport" class="Tests\Unit\Http\AttendanceExportControllerTest" classname="Tests.Unit.Http.AttendanceExportControllerTest" file="/workspace/FoodBank-Manager/tests/Unit/Http/AttendanceExportControllerTest.php" line="68" assertions="3" time="0.000904"/>
        <testcase name="testPdfExport" class="Tests\Unit\Http\AttendanceExportControllerTest" classname="Tests.Unit.Http.AttendanceExportControllerTest" file="/workspace/FoodBank-Manager/tests/Unit/Http/AttendanceExportControllerTest.php" line="88" assertions="2" time="0.000163"/>
      </testsuite>
      <testsuite name="FoodBankManager\Tests\Unit\Http\DiagnosticsControllerTest" file="/workspace/FoodBank-Manager/tests/Unit/Http/DiagnosticsControllerTest.php" tests="2" assertions="2" errors="0" warnings="0" failures="0" skipped="0" time="0.000557">
        <testcase name="testMailTestSuccess" class="FoodBankManager\Tests\Unit\Http\DiagnosticsControllerTest" classname="FoodBankManager.Tests.Unit.Http.DiagnosticsControllerTest" file="/workspace/FoodBank-Manager/tests/Unit/Http/DiagnosticsControllerTest.php" line="17" assertions="1" time="0.000488"/>
        <testcase name="testMailTestFailure" class="FoodBankManager\Tests\Unit\Http\DiagnosticsControllerTest" classname="FoodBankManager.Tests.Unit.Http.DiagnosticsControllerTest" file="/workspace/FoodBank-Manager/tests/Unit/Http/DiagnosticsControllerTest.php" line="28" assertions="1" time="0.000069"/>
      </testsuite>
      <testsuite name="FoodBankManager\Tests\Unit\Http\ExportControllerTest" file="/workspace/FoodBank-Manager/tests/Unit/Http/ExportControllerTest.php" tests="4" assertions="6" errors="0" warnings="0" failures="0" skipped="0" time="0.001750">
        <testcase name="testEntryPdf" class="FoodBankManager\Tests\Unit\Http\ExportControllerTest" classname="FoodBankManager.Tests.Unit.Http.ExportControllerTest" file="/workspace/FoodBank-Manager/tests/Unit/Http/ExportControllerTest.php" line="30" assertions="1" time="0.000408"/>
        <testcase name="testEntryPdfDenied" class="FoodBankManager\Tests\Unit\Http\ExportControllerTest" classname="FoodBankManager.Tests.Unit.Http.ExportControllerTest" file="/workspace/FoodBank-Manager/tests/Unit/Http/ExportControllerTest.php" line="44" assertions="1" time="0.000068"/>
        <testcase name="testEntriesZip" class="FoodBankManager\Tests\Unit\Http\ExportControllerTest" classname="FoodBankManager.Tests.Unit.Http.ExportControllerTest" file="/workspace/FoodBank-Manager/tests/Unit/Http/ExportControllerTest.php" line="56" assertions="2" time="0.000680"/>
        <testcase name="testDashboardXlsx" class="FoodBankManager\Tests\Unit\Http\ExportControllerTest" classname="FoodBankManager.Tests.Unit.Http.ExportControllerTest" file="/workspace/FoodBank-Manager/tests/Unit/Http/ExportControllerTest.php" line="77" assertions="2" time="0.000594"/>
      </testsuite>
      <testsuite name="ExportJobsControllerTest" file="/workspace/FoodBank-Manager/tests/Unit/Http/ExportJobsControllerTest.php" tests="3" assertions="4" errors="0" warnings="0" failures="0" skipped="0" time="0.000715">
        <testcase name="testQueue" class="ExportJobsControllerTest" classname="ExportJobsControllerTest" file="/workspace/FoodBank-Manager/tests/Unit/Http/ExportJobsControllerTest.php" line="34" assertions="1" time="0.000362"/>
        <testcase name="testDownload" class="ExportJobsControllerTest" classname="ExportJobsControllerTest" file="/workspace/FoodBank-Manager/tests/Unit/Http/ExportJobsControllerTest.php" line="46" assertions="2" time="0.000282"/>
        <testcase name="testDownloadRedirectWhenPending" class="ExportJobsControllerTest" classname="ExportJobsControllerTest" file="/workspace/FoodBank-Manager/tests/Unit/Http/ExportJobsControllerTest.php" line="62" assertions="1" time="0.000071"/>
      </testsuite>
      <testsuite name="FoodBankManager\Tests\Unit\Http\FormSubmitControllerTest" file="/workspace/FoodBank-Manager/tests/Unit/Http/FormSubmitControllerTest.php" tests="5" assertions="5" errors="0" warnings="0" failures="0" skipped="0" time="0.001028">
        <testcase name="testHappyPath" class="FoodBankManager\Tests\Unit\Http\FormSubmitControllerTest" classname="FoodBankManager.Tests.Unit.Http.FormSubmitControllerTest" file="/workspace/FoodBank-Manager/tests/Unit/Http/FormSubmitControllerTest.php" line="30" assertions="1" time="0.000717"/>
        <testcase name="testUnknownFieldRejected" class="FoodBankManager\Tests\Unit\Http\FormSubmitControllerTest" classname="FoodBankManager.Tests.Unit.Http.FormSubmitControllerTest" file="/workspace/FoodBank-Manager/tests/Unit/Http/FormSubmitControllerTest.php" line="36" assertions="1" time="0.000070"/>
        <testcase name="testCaptchaFailure" class="FoodBankManager\Tests\Unit\Http\FormSubmitControllerTest" classname="FoodBankManager.Tests.Unit.Http.FormSubmitControllerTest" file="/workspace/FoodBank-Manager/tests/Unit/Http/FormSubmitControllerTest.php" line="42" assertions="1" time="0.000062"/>
        <testcase name="testHandleRejectsInvalidNonce" class="FoodBankManager\Tests\Unit\Http\FormSubmitControllerTest" classname="FoodBankManager.Tests.Unit.Http.FormSubmitControllerTest" file="/workspace/FoodBank-Manager/tests/Unit/Http/FormSubmitControllerTest.php" line="48" assertions="1" time="0.000074"/>
        <testcase name="testHandleRequiresCaptcha" class="FoodBankManager\Tests\Unit\Http\FormSubmitControllerTest" classname="FoodBankManager.Tests.Unit.Http.FormSubmitControllerTest" file="/workspace/FoodBank-Manager/tests/Unit/Http/FormSubmitControllerTest.php" line="63" assertions="1" time="0.000105"/>
      </testsuite>
      <testsuite name="FoodBankManager\Tests\Unit\Http\MailResendControllerTest" file="/workspace/FoodBank-Manager/tests/Unit/Http/MailResendControllerTest.php" tests="3" assertions="3" errors="0" warnings="0" failures="0" skipped="0" time="0.000336">
        <testcase name="testSuccess" class="FoodBankManager\Tests\Unit\Http\MailResendControllerTest" classname="FoodBankManager.Tests.Unit.Http.MailResendControllerTest" file="/workspace/FoodBank-Manager/tests/Unit/Http/MailResendControllerTest.php" line="41" assertions="1" time="0.000225"/>
        <testcase name="testTransportError" class="FoodBankManager\Tests\Unit\Http\MailResendControllerTest" classname="FoodBankManager.Tests.Unit.Http.MailResendControllerTest" file="/workspace/FoodBank-Manager/tests/Unit/Http/MailResendControllerTest.php" line="62" assertions="1" time="0.000068"/>
        <testcase name="testDenied" class="FoodBankManager\Tests\Unit\Http\MailResendControllerTest" classname="FoodBankManager.Tests.Unit.Http.MailResendControllerTest" file="/workspace/FoodBank-Manager/tests/Unit/Http/MailResendControllerTest.php" line="82" assertions="1" time="0.000043"/>
      </testsuite>
      <testsuite name="FoodBankManager\Tests\Unit\Http\TicketsControllerTest" file="/workspace/FoodBank-Manager/tests/Unit/Http/TicketsControllerTest.php" tests="4" assertions="4" errors="0" warnings="0" failures="0" skipped="0" time="0.000631">
        <testcase name="testIssue" class="FoodBankManager\Tests\Unit\Http\TicketsControllerTest" classname="FoodBankManager.Tests.Unit.Http.TicketsControllerTest" file="/workspace/FoodBank-Manager/tests/Unit/Http/TicketsControllerTest.php" line="52" assertions="1" time="0.000433"/>
        <testcase name="testSend" class="FoodBankManager\Tests\Unit\Http\TicketsControllerTest" classname="FoodBankManager.Tests.Unit.Http.TicketsControllerTest" file="/workspace/FoodBank-Manager/tests/Unit/Http/TicketsControllerTest.php" line="63" assertions="1" time="0.000075"/>
        <testcase name="testRegenAndRevoke" class="FoodBankManager\Tests\Unit\Http\TicketsControllerTest" classname="FoodBankManager.Tests.Unit.Http.TicketsControllerTest" file="/workspace/FoodBank-Manager/tests/Unit/Http/TicketsControllerTest.php" line="74" assertions="1" time="0.000077"/>
        <testcase name="testDenied" class="FoodBankManager\Tests\Unit\Http\TicketsControllerTest" classname="FoodBankManager.Tests.Unit.Http.TicketsControllerTest" file="/workspace/FoodBank-Manager/tests/Unit/Http/TicketsControllerTest.php" line="86" assertions="1" time="0.000045"/>
      </testsuite>
      <testsuite name="InstallDuplicateDetectorTest" file="/workspace/FoodBank-Manager/tests/Unit/InstallDuplicateDetectorTest.php" tests="3" assertions="11" errors="0" warnings="0" failures="0" skipped="0" time="0.000505">
        <testcase name="testNoticeRendersForDuplicates" class="InstallDuplicateDetectorTest" classname="InstallDuplicateDetectorTest" file="/workspace/FoodBank-Manager/tests/Unit/InstallDuplicateDetectorTest.php" line="23" assertions="1" time="0.000351"/>
        <testcase name="testConsolidateActionDeactivatesDuplicates" class="InstallDuplicateDetectorTest" classname="InstallDuplicateDetectorTest" file="/workspace/FoodBank-Manager/tests/Unit/InstallDuplicateDetectorTest.php" line="31" assertions="6" time="0.000085"/>
        <testcase name="testConsolidateActionNoOp" class="InstallDuplicateDetectorTest" classname="InstallDuplicateDetectorTest" file="/workspace/FoodBank-Manager/tests/Unit/InstallDuplicateDetectorTest.php" line="49" assertions="4" time="0.000069"/>
      </testsuite>
      <testsuite name="MenuTest" file="/workspace/FoodBank-Manager/tests/Unit/MenuTest.php" tests="1" assertions="15" errors="0" warnings="0" failures="0" skipped="0" time="0.001261">
        <testcase name="testRegisterIdempotent" class="MenuTest" classname="MenuTest" file="/workspace/FoodBank-Manager/tests/Unit/MenuTest.php" line="7" assertions="15" time="0.001261"/>
      </testsuite>
      <testsuite name="MenuVisibilityTest" file="/workspace/FoodBank-Manager/tests/Unit/MenuVisibilityTest.php" tests="2" assertions="23" errors="0" warnings="0" failures="0" skipped="0" time="0.000099">
        <testcase name="testParentMenuFallsBackToManageOptions" class="MenuVisibilityTest" classname="MenuVisibilityTest" file="/workspace/FoodBank-Manager/tests/Unit/MenuVisibilityTest.php" line="15" assertions="12" time="0.000049"/>
        <testcase name="testParentMenuUsesFbmCapWhenPresent" class="MenuVisibilityTest" classname="MenuVisibilityTest" file="/workspace/FoodBank-Manager/tests/Unit/MenuVisibilityTest.php" line="29" assertions="11" time="0.000049"/>
      </testsuite>
      <testsuite name="NoticesDeDupTest" file="/workspace/FoodBank-Manager/tests/Unit/NoticesDeDupTest.php" tests="3" assertions="5" errors="0" warnings="0" failures="0" skipped="0" time="0.000158">
        <testcase name="testRenderPrintsOncePerRequest" class="NoticesDeDupTest" classname="NoticesDeDupTest" file="/workspace/FoodBank-Manager/tests/Unit/NoticesDeDupTest.php" line="19" assertions="2" time="0.000074"/>
        <testcase name="testRenderBailsOnNonFbmScreen" class="NoticesDeDupTest" classname="NoticesDeDupTest" file="/workspace/FoodBank-Manager/tests/Unit/NoticesDeDupTest.php" line="30" assertions="2" time="0.000037"/>
        <testcase name="testRenderCountTracksSingleRender" class="NoticesDeDupTest" classname="NoticesDeDupTest" file="/workspace/FoodBank-Manager/tests/Unit/NoticesDeDupTest.php" line="40" assertions="1" time="0.000047"/>
      </testsuite>
      <testsuite name="NoticesTest" file="/workspace/FoodBank-Manager/tests/Unit/NoticesTest.php" tests="3" assertions="6" errors="0" warnings="0" failures="0" skipped="0" time="0.000207">
        <testcase name="testMissingKekBailsOnNonFbmScreen" class="NoticesTest" classname="NoticesTest" file="/workspace/FoodBank-Manager/tests/Unit/NoticesTest.php" line="15" assertions="2" time="0.000036"/>
        <testcase name="testMissingKekShowsOnFbmScreen" class="NoticesTest" classname="NoticesTest" file="/workspace/FoodBank-Manager/tests/Unit/NoticesTest.php" line="26" assertions="2" time="0.000053"/>
        <testcase name="testCapsFixNoticeShownForAdminsWithoutCaps" class="NoticesTest" classname="NoticesTest" file="/workspace/FoodBank-Manager/tests/Unit/NoticesTest.php" line="37" assertions="2" time="0.000117"/>
      </testsuite>
      <testsuite name="OptionsTest" file="/workspace/FoodBank-Manager/tests/Unit/OptionsTest.php" tests="1" assertions="2" errors="0" warnings="0" failures="0" skipped="0" time="0.000231">
        <testcase name="testDefaultsAndSave" class="OptionsTest" classname="OptionsTest" file="/workspace/FoodBank-Manager/tests/Unit/OptionsTest.php" line="5" assertions="2" time="0.000231"/>
      </testsuite>
      <testsuite name="PermissionsPageTest" file="/workspace/FoodBank-Manager/tests/Unit/PermissionsPageTest.php" tests="3" assertions="4" errors="0" warnings="0" failures="0" skipped="0" time="0.001153">
        <testcase name="test_import_rejects_bad_json" class="PermissionsPageTest" classname="PermissionsPageTest" file="/workspace/FoodBank-Manager/tests/Unit/PermissionsPageTest.php" line="12" assertions="1" time="0.000976"/>
        <testcase name="test_user_override_add_and_remove" class="PermissionsPageTest" classname="PermissionsPageTest" file="/workspace/FoodBank-Manager/tests/Unit/PermissionsPageTest.php" line="31" assertions="2" time="0.000110"/>
        <testcase name="test_export_json" class="PermissionsPageTest" classname="PermissionsPageTest" file="/workspace/FoodBank-Manager/tests/Unit/PermissionsPageTest.php" line="69" assertions="1" time="0.000068">
          <system-out>{"roles":{"administrator":[]},"overrides":[]}</system-out>
        </testcase>
      </testsuite>
      <testsuite name="Tests\Unit\Rest\ScanControllerTest" file="/workspace/FoodBank-Manager/tests/Unit/Rest/ScanControllerTest.php" tests="4" assertions="9" errors="0" warnings="0" failures="0" skipped="0" time="0.000373">
        <testcase name="testSuccessAndReplay" class="Tests\Unit\Rest\ScanControllerTest" classname="Tests.Unit.Rest.ScanControllerTest" file="/workspace/FoodBank-Manager/tests/Unit/Rest/ScanControllerTest.php" line="57" assertions="5" time="0.000201">
          <system-out>
Deprecated: Calling ReflectionProperty::setValue() with a single argument is deprecated in /workspace/FoodBank-Manager/tests/Unit/Rest/ScanControllerTest.php on line 31

Deprecated: Calling ReflectionProperty::setValue() with a single argument is deprecated in /workspace/FoodBank-Manager/tests/Unit/Rest/ScanControllerTest.php on line 34
</system-out>
        </testcase>
        <testcase name="testExpired" class="Tests\Unit\Rest\ScanControllerTest" classname="Tests.Unit.Rest.ScanControllerTest" file="/workspace/FoodBank-Manager/tests/Unit/Rest/ScanControllerTest.php" line="70" assertions="2" time="0.000066">
          <system-out>
Deprecated: Calling ReflectionProperty::setValue() with a single argument is deprecated in /workspace/FoodBank-Manager/tests/Unit/Rest/ScanControllerTest.php on line 31

Deprecated: Calling ReflectionProperty::setValue() with a single argument is deprecated in /workspace/FoodBank-Manager/tests/Unit/Rest/ScanControllerTest.php on line 34
</system-out>
        </testcase>
        <testcase name="testInvalid" class="Tests\Unit\Rest\ScanControllerTest" classname="Tests.Unit.Rest.ScanControllerTest" file="/workspace/FoodBank-Manager/tests/Unit/Rest/ScanControllerTest.php" line="78" assertions="1" time="0.000061">
          <system-out>
Deprecated: Calling ReflectionProperty::setValue() with a single argument is deprecated in /workspace/FoodBank-Manager/tests/Unit/Rest/ScanControllerTest.php on line 31

Deprecated: Calling ReflectionProperty::setValue() with a single argument is deprecated in /workspace/FoodBank-Manager/tests/Unit/Rest/ScanControllerTest.php on line 34
</system-out>
        </testcase>
        <testcase name="testDenied" class="Tests\Unit\Rest\ScanControllerTest" classname="Tests.Unit.Rest.ScanControllerTest" file="/workspace/FoodBank-Manager/tests/Unit/Rest/ScanControllerTest.php" line="84" assertions="1" time="0.000046">
          <system-out>
Deprecated: Calling ReflectionProperty::setValue() with a single argument is deprecated in /workspace/FoodBank-Manager/tests/Unit/Rest/ScanControllerTest.php on line 31

Deprecated: Calling ReflectionProperty::setValue() with a single argument is deprecated in /workspace/FoodBank-Manager/tests/Unit/Rest/ScanControllerTest.php on line 34
</system-out>
        </testcase>
      </testsuite>
      <testsuite name="SecurityCryptoTest" file="/workspace/FoodBank-Manager/tests/Unit/SecurityCryptoTest.php" tests="3" assertions="4" errors="0" warnings="0" failures="0" skipped="0" time="0.006411">
        <testcase name="testRoundTrip" class="SecurityCryptoTest" classname="SecurityCryptoTest" file="/workspace/FoodBank-Manager/tests/Unit/SecurityCryptoTest.php" line="20" assertions="2" time="0.004789"/>
        <testcase name="testNonDeterministic" class="SecurityCryptoTest" classname="SecurityCryptoTest" file="/workspace/FoodBank-Manager/tests/Unit/SecurityCryptoTest.php" line="28" assertions="1" time="0.000897"/>
        <testcase name="testTamperDetection" class="SecurityCryptoTest" classname="SecurityCryptoTest" file="/workspace/FoodBank-Manager/tests/Unit/SecurityCryptoTest.php" line="35" assertions="1" time="0.000725"/>
      </testsuite>
      <testsuite name="SettingsPageTest" file="/workspace/FoodBank-Manager/tests/Unit/SettingsPageTest.php" tests="3" assertions="8" errors="0" warnings="0" failures="0" skipped="0" time="0.000196">
        <testcase name="testMissingNonceBlocked" class="SettingsPageTest" classname="SettingsPageTest" file="/workspace/FoodBank-Manager/tests/Unit/SettingsPageTest.php" line="15" assertions="1" time="0.000082"/>
        <testcase name="testUserWithoutCapBlocked" class="SettingsPageTest" classname="SettingsPageTest" file="/workspace/FoodBank-Manager/tests/Unit/SettingsPageTest.php" line="24" assertions="1" time="0.000036"/>
        <testcase name="testSuccessfulSaveSanitizes" class="SettingsPageTest" classname="SettingsPageTest" file="/workspace/FoodBank-Manager/tests/Unit/SettingsPageTest.php" line="35" assertions="6" time="0.000078"/>
      </testsuite>
      <testsuite name="FBM\Tests\Unit\Shortcodes\DashboardCompareTest" file="/workspace/FoodBank-Manager/tests/Unit/Shortcodes/DashboardCompareTest.php" tests="2" assertions="3" errors="0" warnings="0" failures="0" skipped="0" time="0.001563">
        <testcase name="testCompareShowsDelta" class="FBM\Tests\Unit\Shortcodes\DashboardCompareTest" classname="FBM.Tests.Unit.Shortcodes.DashboardCompareTest" file="/workspace/FoodBank-Manager/tests/Unit/Shortcodes/DashboardCompareTest.php" line="41" assertions="2" time="0.001255"/>
        <testcase name="testDeltaHiddenWhenCompareOff" class="FBM\Tests\Unit\Shortcodes\DashboardCompareTest" classname="FBM.Tests.Unit.Shortcodes.DashboardCompareTest" file="/workspace/FoodBank-Manager/tests/Unit/Shortcodes/DashboardCompareTest.php" line="48" assertions="1" time="0.000309"/>
      </testsuite>
      <testsuite name="FBM\Tests\Unit\Shortcodes\DashboardPersistenceTest" file="/workspace/FoodBank-Manager/tests/Unit/Shortcodes/DashboardPersistenceTest.php" tests="1" assertions="8" errors="0" warnings="0" failures="0" skipped="0" time="0.000755">
        <testcase name="testFilterPersistencePerUser" class="FBM\Tests\Unit\Shortcodes\DashboardPersistenceTest" classname="FBM.Tests.Unit.Shortcodes.DashboardPersistenceTest" file="/workspace/FoodBank-Manager/tests/Unit/Shortcodes/DashboardPersistenceTest.php" line="32" assertions="8" time="0.000755"/>
      </testsuite>
      <testsuite name="FBM\Tests\Unit\Shortcodes\DashboardShortcodeUXTest" file="/workspace/FoodBank-Manager/tests/Unit/Shortcodes/DashboardShortcodeUXTest.php" tests="3" assertions="7" errors="0" warnings="0" failures="0" skipped="0" time="0.000857">
        <testcase name="testLoadedStateRendersTokens" class="FBM\Tests\Unit\Shortcodes\DashboardShortcodeUXTest" classname="FBM.Tests.Unit.Shortcodes.DashboardShortcodeUXTest" file="/workspace/FoodBank-Manager/tests/Unit/Shortcodes/DashboardShortcodeUXTest.php" line="37" assertions="4" time="0.000378"/>
        <testcase name="testEmptyStateMessage" class="FBM\Tests\Unit\Shortcodes\DashboardShortcodeUXTest" classname="FBM.Tests.Unit.Shortcodes.DashboardShortcodeUXTest" file="/workspace/FoodBank-Manager/tests/Unit/Shortcodes/DashboardShortcodeUXTest.php" line="46" assertions="1" time="0.000413"/>
        <testcase name="testAssetsOnlyWhenShortcodePresent" class="FBM\Tests\Unit\Shortcodes\DashboardShortcodeUXTest" classname="FBM.Tests.Unit.Shortcodes.DashboardShortcodeUXTest" file="/workspace/FoodBank-Manager/tests/Unit/Shortcodes/DashboardShortcodeUXTest.php" line="52" assertions="2" time="0.000067"/>
      </testsuite>
      <testsuite name="Tests\Unit\Shortcodes\FormCptIntegrationTest" file="/workspace/FoodBank-Manager/tests/Unit/Shortcodes/FormCptIntegrationTest.php" tests="2" assertions="3" errors="0" warnings="0" failures="0" skipped="0" time="0.000205">
        <testcase name="testRenderFromCpt" class="Tests\Unit\Shortcodes\FormCptIntegrationTest" classname="Tests.Unit.Shortcodes.FormCptIntegrationTest" file="/workspace/FoodBank-Manager/tests/Unit/Shortcodes/FormCptIntegrationTest.php" line="12" assertions="2" time="0.000125"/>
        <testcase name="testPresetFallbackStillWorks" class="Tests\Unit\Shortcodes\FormCptIntegrationTest" classname="Tests.Unit.Shortcodes.FormCptIntegrationTest" file="/workspace/FoodBank-Manager/tests/Unit/Shortcodes/FormCptIntegrationTest.php" line="24" assertions="1" time="0.000080"/>
      </testsuite>
      <testsuite name="FBM\Tests\Unit\Shortcodes\FormShortcodeTest" file="/workspace/FoodBank-Manager/tests/Unit/Shortcodes/FormShortcodeTest.php" tests="3" assertions="5" errors="0" warnings="0" failures="0" skipped="0" time="0.000437">
        <testcase name="testRendersCaptchaAndFields" class="FBM\Tests\Unit\Shortcodes\FormShortcodeTest" classname="FBM.Tests.Unit.Shortcodes.FormShortcodeTest" file="/workspace/FoodBank-Manager/tests/Unit/Shortcodes/FormShortcodeTest.php" line="45" assertions="3" time="0.000124"/>
        <testcase name="testSubmitInvalidFormDies" class="FBM\Tests\Unit\Shortcodes\FormShortcodeTest" classname="FBM.Tests.Unit.Shortcodes.FormShortcodeTest" file="/workspace/FoodBank-Manager/tests/Unit/Shortcodes/FormShortcodeTest.php" line="55" assertions="1" time="0.000090"/>
        <testcase name="testTamperedSchemaReturnsEmpty" class="FBM\Tests\Unit\Shortcodes\FormShortcodeTest" classname="FBM.Tests.Unit.Shortcodes.FormShortcodeTest" file="/workspace/FoodBank-Manager/tests/Unit/Shortcodes/FormShortcodeTest.php" line="71" assertions="1" time="0.000223"/>
      </testsuite>
      <testsuite name="TemplatesTest" file="/workspace/FoodBank-Manager/tests/Unit/TemplatesTest.php" tests="3" assertions="6" errors="0" warnings="0" failures="0" skipped="0" time="0.000095">
        <testcase name="testDefaultsContainTemplates" class="TemplatesTest" classname="TemplatesTest" file="/workspace/FoodBank-Manager/tests/Unit/TemplatesTest.php" line="8" assertions="2" time="0.000023"/>
        <testcase name="testRenderReplacesWhitelistedTokensOnly" class="TemplatesTest" classname="TemplatesTest" file="/workspace/FoodBank-Manager/tests/Unit/TemplatesTest.php" line="14" assertions="3" time="0.000037"/>
        <testcase name="testUnknownTokensLeftAsIs" class="TemplatesTest" classname="TemplatesTest" file="/workspace/FoodBank-Manager/tests/Unit/TemplatesTest.php" line="31" assertions="1" time="0.000035"/>
      </testsuite>
      <testsuite name="ThemePresetsTest" file="/workspace/FoodBank-Manager/tests/Unit/Theme/ThemePresetsTest.php" tests="2" assertions="5" errors="0" warnings="0" failures="0" skipped="0" time="0.000088">
        <testcase name="test_high_contrast_tokens_differ" class="ThemePresetsTest" classname="ThemePresetsTest" file="/workspace/FoodBank-Manager/tests/Unit/Theme/ThemePresetsTest.php" line="8" assertions="3" time="0.000065"/>
        <testcase name="test_css_vars_contains_tokens" class="ThemePresetsTest" classname="ThemePresetsTest" file="/workspace/FoodBank-Manager/tests/Unit/Theme/ThemePresetsTest.php" line="16" assertions="2" time="0.000023"/>
      </testsuite>
      <testsuite name="ThemePageTest" file="/workspace/FoodBank-Manager/tests/Unit/ThemePageTest.php" tests="6" assertions="14" errors="0" warnings="0" failures="0" skipped="0" time="0.000716">
        <testcase name="testMissingNonceBlocked" class="ThemePageTest" classname="ThemePageTest" file="/workspace/FoodBank-Manager/tests/Unit/ThemePageTest.php" line="33" assertions="1" time="0.000233"/>
        <testcase name="testUserWithoutCapBlocked" class="ThemePageTest" classname="ThemePageTest" file="/workspace/FoodBank-Manager/tests/Unit/ThemePageTest.php" line="40" assertions="1" time="0.000039"/>
        <testcase name="testSuccessfulSave" class="ThemePageTest" classname="ThemePageTest" file="/workspace/FoodBank-Manager/tests/Unit/ThemePageTest.php" line="49" assertions="3" time="0.000055"/>
        <testcase name="testInvalidTokensClampToDefaults" class="ThemePageTest" classname="ThemePageTest" file="/workspace/FoodBank-Manager/tests/Unit/ThemePageTest.php" line="68" assertions="5" time="0.000300"/>
        <testcase name="testCssVarsOutput" class="ThemePageTest" classname="ThemePageTest" file="/workspace/FoodBank-Manager/tests/Unit/ThemePageTest.php" line="84" assertions="1" time="0.000046"/>
        <testcase name="testPreviewMarkupScoped" class="ThemePageTest" classname="ThemePageTest" file="/workspace/FoodBank-Manager/tests/Unit/ThemePageTest.php" line="98" assertions="3" time="0.000043"/>
      </testsuite>
      <testsuite name="TokenServiceTest" file="/workspace/FoodBank-Manager/tests/Unit/TokenServiceTest.php" tests="4" assertions="5" errors="0" warnings="0" failures="0" skipped="0" time="0.000254">
        <testcase name="testValidToken" class="TokenServiceTest" classname="TokenServiceTest" file="/workspace/FoodBank-Manager/tests/Unit/TokenServiceTest.php" line="8" assertions="1" time="0.000173"/>
        <testcase name="testBadTokenFails" class="TokenServiceTest" classname="TokenServiceTest" file="/workspace/FoodBank-Manager/tests/Unit/TokenServiceTest.php" line="14" assertions="1" time="0.000024"/>
        <testcase name="testFreshnessWindow" class="TokenServiceTest" classname="TokenServiceTest" file="/workspace/FoodBank-Manager/tests/Unit/TokenServiceTest.php" line="19" assertions="2" time="0.000028"/>
        <testcase name="testFutureToken" class="TokenServiceTest" classname="TokenServiceTest" file="/workspace/FoodBank-Manager/tests/Unit/TokenServiceTest.php" line="30" assertions="1" time="0.000029"/>
      </testsuite>
      <testsuite name="WPUrlHelpersTest" file="/workspace/FoodBank-Manager/tests/Unit/WPUrlHelpersTest.php" tests="3" assertions="5" errors="0" warnings="0" failures="0" skipped="0" time="0.000084">
        <testcase name="testAddQueryArgFormsAndFragments" class="WPUrlHelpersTest" classname="WPUrlHelpersTest" file="/workspace/FoodBank-Manager/tests/Unit/WPUrlHelpersTest.php" line="7" assertions="2" time="0.000040"/>
        <testcase name="testRemoveQueryArgPreservesFragment" class="WPUrlHelpersTest" classname="WPUrlHelpersTest" file="/workspace/FoodBank-Manager/tests/Unit/WPUrlHelpersTest.php" line="15" assertions="2" time="0.000026"/>
        <testcase name="testNonceUrlAppendsNonce" class="WPUrlHelpersTest" classname="WPUrlHelpersTest" file="/workspace/FoodBank-Manager/tests/Unit/WPUrlHelpersTest.php" line="21" assertions="1" time="0.000019"/>
      </testsuite>
    </testsuite>
  </testsuite>
</testsuites>
