<?xml version="1.0" encoding="UTF-8"?>
<testsuites>
  <testsuite name="" tests="161" assertions="410" errors="0" warnings="0" failures="0" skipped="0" time="0.085880">
    <testsuite name="Unit" tests="161" assertions="410" errors="0" warnings="0" failures="0" skipped="0" time="0.085880">
      <testsuite name="ShortcodesPageTest" file="/workspace/FoodBank-Manager/tests/Unit/AAAShortcodesPageTest.php" tests="6" assertions="16" errors="0" warnings="0" failures="0" skipped="0" time="0.004898">
        <testcase name="testDiscoverShortcodesMetadata" class="ShortcodesPageTest" classname="ShortcodesPageTest" file="/workspace/FoodBank-Manager/tests/Unit/AAAShortcodesPageTest.php" line="35" assertions="3" time="0.003170"/>
        <testcase name="testCapabilityRequired" class="ShortcodesPageTest" classname="ShortcodesPageTest" file="/workspace/FoodBank-Manager/tests/Unit/AAAShortcodesPageTest.php" line="46" assertions="1" time="0.000344"/>
        <testcase name="testInvalidNonceBlocksPreview" class="ShortcodesPageTest" classname="ShortcodesPageTest" file="/workspace/FoodBank-Manager/tests/Unit/AAAShortcodesPageTest.php" line="52" assertions="1" time="0.000251"/>
        <testcase name="testUnknownShortcodeRejected" class="ShortcodesPageTest" classname="ShortcodesPageTest" file="/workspace/FoodBank-Manager/tests/Unit/AAAShortcodesPageTest.php" line="61" assertions="3" time="0.000468"/>
        <testcase name="testAttributeSanitizer" class="ShortcodesPageTest" classname="ShortcodesPageTest" file="/workspace/FoodBank-Manager/tests/Unit/AAAShortcodesPageTest.php" line="75" assertions="4" time="0.000346"/>
        <testcase name="testPreviewFiltersHtml" class="ShortcodesPageTest" classname="ShortcodesPageTest" file="/workspace/FoodBank-Manager/tests/Unit/AAAShortcodesPageTest.php" line="98" assertions="4" time="0.000319"/>
      </testsuite>
      <testsuite name="Tests\Unit\Admin\DatabasePageTest" file="/workspace/FoodBank-Manager/tests/Unit/Admin/DatabasePageTest.php" tests="2" assertions="7" errors="0" warnings="0" failures="0" skipped="0" time="0.003411">
        <testcase name="testRenderDenied" class="Tests\Unit\Admin\DatabasePageTest" classname="Tests.Unit.Admin.DatabasePageTest" file="/workspace/FoodBank-Manager/tests/Unit/Admin/DatabasePageTest.php" line="21" assertions="2" time="0.001005"/>
        <testcase name="testFilterInputsSanitizedAndWhitelisted" class="Tests\Unit\Admin\DatabasePageTest" classname="Tests.Unit.Admin.DatabasePageTest" file="/workspace/FoodBank-Manager/tests/Unit/Admin/DatabasePageTest.php" line="28" assertions="5" time="0.002406"/>
      </testsuite>
      <testsuite name="DiagnosticsPageTest" file="/workspace/FoodBank-Manager/tests/Unit/Admin/DiagnosticsPageTest.php" tests="5" assertions="15" errors="0" warnings="0" failures="0" skipped="0" time="0.017252">
        <testcase name="testTemplateRendersSmtpInfo" class="DiagnosticsPageTest" classname="DiagnosticsPageTest" file="/workspace/FoodBank-Manager/tests/Unit/Admin/DiagnosticsPageTest.php" line="121" assertions="5" time="0.003526"/>
        <testcase name="testCronTableShowsOverdue" class="DiagnosticsPageTest" classname="DiagnosticsPageTest" file="/workspace/FoodBank-Manager/tests/Unit/Admin/DiagnosticsPageTest.php" line="138" assertions="3" time="0.003555"/>
        <testcase name="testRetentionRunOutputsSummary" class="DiagnosticsPageTest" classname="DiagnosticsPageTest" file="/workspace/FoodBank-Manager/tests/Unit/Admin/DiagnosticsPageTest.php" line="171" assertions="3" time="0.003481"/>
        <testcase name="testRetentionDryRunOutputsSummary" class="DiagnosticsPageTest" classname="DiagnosticsPageTest" file="/workspace/FoodBank-Manager/tests/Unit/Admin/DiagnosticsPageTest.php" line="200" assertions="3" time="0.004623"/>
        <testcase name="testRepairCapsActionEnsuresCaps" class="DiagnosticsPageTest" classname="DiagnosticsPageTest" file="/workspace/FoodBank-Manager/tests/Unit/Admin/DiagnosticsPageTest.php" line="229" assertions="1" time="0.002068"/>
      </testsuite>
      <testsuite name="Tests\Unit\Admin\EntryPageTest" file="/workspace/FoodBank-Manager/tests/Unit/Admin/EntryPageTest.php" tests="6" assertions="10" errors="0" warnings="0" failures="0" skipped="0" time="0.014098">
        <testcase name="testRenderDenied" class="Tests\Unit\Admin\EntryPageTest" classname="Tests.Unit.Admin.EntryPageTest" file="/workspace/FoodBank-Manager/tests/Unit/Admin/EntryPageTest.php" line="35" assertions="2" time="0.002050"/>
        <testcase name="testRenderMasksEmailWithoutSensitiveCap" class="Tests\Unit\Admin\EntryPageTest" classname="Tests.Unit.Admin.EntryPageTest" file="/workspace/FoodBank-Manager/tests/Unit/Admin/EntryPageTest.php" line="50" assertions="4" time="0.002331"/>
        <testcase name="testUnmaskShowsPlaintextWithCapability" class="Tests\Unit\Admin\EntryPageTest" classname="Tests.Unit.Admin.EntryPageTest" file="/workspace/FoodBank-Manager/tests/Unit/Admin/EntryPageTest.php" line="67" assertions="1" time="0.002238"/>
        <testcase name="testUnmaskDeniedWithoutNonce" class="Tests\Unit\Admin\EntryPageTest" classname="Tests.Unit.Admin.EntryPageTest" file="/workspace/FoodBank-Manager/tests/Unit/Admin/EntryPageTest.php" line="91" assertions="1" time="0.002417"/>
        <testcase name="testPdfDeniedWithoutNonce" class="Tests\Unit\Admin\EntryPageTest" classname="Tests.Unit.Admin.EntryPageTest" file="/workspace/FoodBank-Manager/tests/Unit/Admin/EntryPageTest.php" line="107" assertions="1" time="0.002158"/>
        <testcase name="testPdfExportHandlesEngines" class="Tests\Unit\Admin\EntryPageTest" classname="Tests.Unit.Admin.EntryPageTest" file="/workspace/FoodBank-Manager/tests/Unit/Admin/EntryPageTest.php" line="122" assertions="1" time="0.002904"/>
      </testsuite>
      <testsuite name="Tests\Unit\Admin\EventsPageTest" file="/workspace/FoodBank-Manager/tests/Unit/Admin/EventsPageTest.php" tests="3" assertions="8" errors="0" warnings="0" failures="0" skipped="0" time="0.001521">
        <testcase name="testRenderDenied" class="Tests\Unit\Admin\EventsPageTest" classname="Tests.Unit.Admin.EventsPageTest" file="/workspace/FoodBank-Manager/tests/Unit/Admin/EventsPageTest.php" line="31" assertions="1" time="0.000478"/>
        <testcase name="testListRenderEscapesOutput" class="Tests\Unit\Admin\EventsPageTest" classname="Tests.Unit.Admin.EventsPageTest" file="/workspace/FoodBank-Manager/tests/Unit/Admin/EventsPageTest.php" line="39" assertions="2" time="0.000736"/>
        <testcase name="testAddEditDeleteFlow" class="Tests\Unit\Admin\EventsPageTest" classname="Tests.Unit.Admin.EventsPageTest" file="/workspace/FoodBank-Manager/tests/Unit/Admin/EventsPageTest.php" line="59" assertions="5" time="0.000306"/>
      </testsuite>
      <testsuite name="Tests\Unit\Admin\GDPRPageTest" file="/workspace/FoodBank-Manager/tests/Unit/Admin/GDPRPageTest.php" tests="5" assertions="8" errors="0" warnings="0" failures="0" skipped="0" time="0.011004">
        <testcase name="testRenderDenied" class="Tests\Unit\Admin\GDPRPageTest" classname="Tests.Unit.Admin.GDPRPageTest" file="/workspace/FoodBank-Manager/tests/Unit/Admin/GDPRPageTest.php" line="53" assertions="2" time="0.001965"/>
        <testcase name="testSearchPreview" class="Tests\Unit\Admin\GDPRPageTest" classname="Tests.Unit.Admin.GDPRPageTest" file="/workspace/FoodBank-Manager/tests/Unit/Admin/GDPRPageTest.php" line="62" assertions="1" time="0.002565"/>
        <testcase name="testExportRequiresNonce" class="Tests\Unit\Admin\GDPRPageTest" classname="Tests.Unit.Admin.GDPRPageTest" file="/workspace/FoodBank-Manager/tests/Unit/Admin/GDPRPageTest.php" line="70" assertions="1" time="0.002127"/>
        <testcase name="testMaskedByDefault" class="Tests\Unit\Admin\GDPRPageTest" classname="Tests.Unit.Admin.GDPRPageTest" file="/workspace/FoodBank-Manager/tests/Unit/Admin/GDPRPageTest.php" line="79" assertions="2" time="0.002196"/>
        <testcase name="testUnmaskedWithCapability" class="Tests\Unit\Admin\GDPRPageTest" classname="Tests.Unit.Admin.GDPRPageTest" file="/workspace/FoodBank-Manager/tests/Unit/Admin/GDPRPageTest.php" line="94" assertions="2" time="0.002151"/>
      </testsuite>
      <testsuite name="AdminTemplatesTest" file="/workspace/FoodBank-Manager/tests/Unit/AdminTemplatesTest.php" tests="1" assertions="1" errors="0" warnings="0" failures="0" skipped="0" time="0.000098">
        <testcase name="testSettingsTemplateWrapped" class="AdminTemplatesTest" classname="AdminTemplatesTest" file="/workspace/FoodBank-Manager/tests/Unit/AdminTemplatesTest.php" line="8" assertions="1" time="0.000098"/>
      </testsuite>
      <testsuite name="AssetsTest" file="/workspace/FoodBank-Manager/tests/Unit/AssetsTest.php" tests="2" assertions="9" errors="0" warnings="0" failures="0" skipped="0" time="0.000659">
        <testcase name="test_admin_css_vars_only_on_fbm_screens" class="AssetsTest" classname="AssetsTest" file="/workspace/FoodBank-Manager/tests/Unit/AssetsTest.php" line="10" assertions="7" time="0.000400"/>
        <testcase name="test_frontend_dashboard_css_gated_by_shortcode" class="AssetsTest" classname="AssetsTest" file="/workspace/FoodBank-Manager/tests/Unit/AssetsTest.php" line="33" assertions="2" time="0.000259"/>
      </testsuite>
      <testsuite name="AttendanceRepoCompatTest" file="/workspace/FoodBank-Manager/tests/Unit/Attendance/AttendanceRepoCompatTest.php" tests="1" assertions="4" errors="0" warnings="0" failures="0" skipped="0" time="0.000272">
        <testcase name="testCamelCaseProxies" class="AttendanceRepoCompatTest" classname="AttendanceRepoCompatTest" file="/workspace/FoodBank-Manager/tests/Unit/Attendance/AttendanceRepoCompatTest.php" line="15" assertions="4" time="0.000272"/>
      </testsuite>
      <testsuite name="EventsRepoTest" file="/workspace/FoodBank-Manager/tests/Unit/Attendance/EventsRepoTest.php" tests="2" assertions="12" errors="0" warnings="0" failures="0" skipped="0" time="0.000139">
        <testcase name="testCrudFlow" class="EventsRepoTest" classname="EventsRepoTest" file="/workspace/FoodBank-Manager/tests/Unit/Attendance/EventsRepoTest.php" line="26" assertions="7" time="0.000067"/>
        <testcase name="testListFiltersAndOrdering" class="EventsRepoTest" classname="EventsRepoTest" file="/workspace/FoodBank-Manager/tests/Unit/Attendance/EventsRepoTest.php" line="51" assertions="5" time="0.000072"/>
      </testsuite>
      <testsuite name="FoodBankManager\Tests\Unit\Attendance\TicketServiceTest" file="/workspace/FoodBank-Manager/tests/Unit/Attendance/TicketServiceTest.php" tests="1" assertions="4" errors="0" warnings="0" failures="0" skipped="0" time="0.000441">
        <testcase name="testCreateAndVerify" class="FoodBankManager\Tests\Unit\Attendance\TicketServiceTest" classname="FoodBankManager.Tests.Unit.Attendance.TicketServiceTest" file="/workspace/FoodBank-Manager/tests/Unit/Attendance/TicketServiceTest.php" line="14" assertions="4" time="0.000441"/>
      </testsuite>
      <testsuite name="FoodBankManager\Tests\Unit\Attendance\TicketsRepoTest" file="/workspace/FoodBank-Manager/tests/Unit/Attendance/TicketsRepoTest.php" tests="2" assertions="5" errors="0" warnings="0" failures="0" skipped="0" time="0.000107">
        <testcase name="testIssueAndList" class="FoodBankManager\Tests\Unit\Attendance\TicketsRepoTest" classname="FoodBankManager.Tests.Unit.Attendance.TicketsRepoTest" file="/workspace/FoodBank-Manager/tests/Unit/Attendance/TicketsRepoTest.php" line="29" assertions="3" time="0.000032"/>
        <testcase name="testRegenerateAndRevoke" class="FoodBankManager\Tests\Unit\Attendance\TicketsRepoTest" classname="FoodBankManager.Tests.Unit.Attendance.TicketsRepoTest" file="/workspace/FoodBank-Manager/tests/Unit/Attendance/TicketsRepoTest.php" line="37" assertions="2" time="0.000075"/>
      </testsuite>
      <testsuite name="AttendancePolicyTest" file="/workspace/FoodBank-Manager/tests/Unit/AttendancePolicyTest.php" tests="1" assertions="3" errors="0" warnings="0" failures="0" skipped="0" time="0.000148">
        <testcase name="testBreachWithinDays" class="AttendancePolicyTest" classname="AttendancePolicyTest" file="/workspace/FoodBank-Manager/tests/Unit/AttendancePolicyTest.php" line="8" assertions="3" time="0.000148"/>
      </testsuite>
      <testsuite name="AttendanceRepoCountsTest" file="/workspace/FoodBank-Manager/tests/Unit/AttendanceRepoCountsTest.php" tests="1" assertions="5" errors="0" warnings="0" failures="0" skipped="0" time="0.000045">
        <testcase name="testCountsReturnInts" class="AttendanceRepoCountsTest" classname="AttendanceRepoCountsTest" file="/workspace/FoodBank-Manager/tests/Unit/AttendanceRepoCountsTest.php" line="14" assertions="5" time="0.000045"/>
      </testsuite>
      <testsuite name="AttendanceRepoDailyCountsTest" file="/workspace/FoodBank-Manager/tests/Unit/AttendanceRepoDailyCountsTest.php" tests="1" assertions="3" errors="0" warnings="0" failures="0" skipped="0" time="0.000206">
        <testcase name="testCountsLength" class="AttendanceRepoDailyCountsTest" classname="AttendanceRepoDailyCountsTest" file="/workspace/FoodBank-Manager/tests/Unit/AttendanceRepoDailyCountsTest.php" line="14" assertions="3" time="0.000206"/>
      </testsuite>
      <testsuite name="AttendanceRepoFilterTest" file="/workspace/FoodBank-Manager/tests/Unit/AttendanceRepoFilterTest.php" tests="1" assertions="4" errors="0" warnings="0" failures="0" skipped="0" time="0.000032">
        <testcase name="testFiltersPrepared" class="AttendanceRepoFilterTest" classname="AttendanceRepoFilterTest" file="/workspace/FoodBank-Manager/tests/Unit/AttendanceRepoFilterTest.php" line="14" assertions="4" time="0.000032"/>
      </testsuite>
      <testsuite name="AttendanceRepoTest" file="/workspace/FoodBank-Manager/tests/Unit/AttendanceRepoTest.php" tests="1" assertions="4" errors="0" warnings="0" failures="0" skipped="0" time="0.000064">
        <testcase name="testPeopleSummaryExcludesVoidedByDefault" class="AttendanceRepoTest" classname="AttendanceRepoTest" file="/workspace/FoodBank-Manager/tests/Unit/AttendanceRepoTest.php" line="9" assertions="4" time="0.000064"/>
      </testsuite>
      <testsuite name="AuditTest" file="/workspace/FoodBank-Manager/tests/Unit/AuditTest.php" tests="1" assertions="4" errors="0" warnings="0" failures="0" skipped="0" time="0.000037">
        <testcase name="testLogInsertsRow" class="AuditTest" classname="AuditTest" file="/workspace/FoodBank-Manager/tests/Unit/AuditTest.php" line="9" assertions="4" time="0.000037"/>
      </testsuite>
      <testsuite name="CapabilitiesTest" file="/workspace/FoodBank-Manager/tests/Unit/Auth/CapabilitiesTest.php" tests="1" assertions="12" errors="0" warnings="0" failures="0" skipped="0" time="0.000050">
        <testcase name="testEnsureForAdminAddsAllCapsIdempotently" class="CapabilitiesTest" classname="CapabilitiesTest" file="/workspace/FoodBank-Manager/tests/Unit/Auth/CapabilitiesTest.php" line="13" assertions="12" time="0.000050"/>
      </testsuite>
      <testsuite name="CapabilitiesResolverTest" file="/workspace/FoodBank-Manager/tests/Unit/CapabilitiesResolverTest.php" tests="2" assertions="4" errors="0" warnings="0" failures="0" skipped="0" time="0.000068">
        <testcase name="testMergesRoleAndOverrides" class="CapabilitiesResolverTest" classname="CapabilitiesResolverTest" file="/workspace/FoodBank-Manager/tests/Unit/CapabilitiesResolverTest.php" line="13" assertions="3" time="0.000036"/>
        <testcase name="testUnknownCapsIgnored" class="CapabilitiesResolverTest" classname="CapabilitiesResolverTest" file="/workspace/FoodBank-Manager/tests/Unit/CapabilitiesResolverTest.php" line="28" assertions="1" time="0.000031"/>
      </testsuite>
      <testsuite name="RetentionConfigTest" file="/workspace/FoodBank-Manager/tests/Unit/Core/RetentionConfigTest.php" tests="4" assertions="6" errors="0" warnings="0" failures="0" skipped="0" time="0.000178">
        <testcase name="testNullYieldsDefaults" class="RetentionConfigTest" classname="RetentionConfigTest" file="/workspace/FoodBank-Manager/tests/Unit/Core/RetentionConfigTest.php" line="9" assertions="1" time="0.000117"/>
        <testcase name="testJsonStringIsParsed" class="RetentionConfigTest" classname="RetentionConfigTest" file="/workspace/FoodBank-Manager/tests/Unit/Core/RetentionConfigTest.php" line="15" assertions="2" time="0.000034"/>
        <testcase name="testInvalidPolicyAndNegativeDaysAreCorrected" class="RetentionConfigTest" classname="RetentionConfigTest" file="/workspace/FoodBank-Manager/tests/Unit/Core/RetentionConfigTest.php" line="23" assertions="2" time="0.000015"/>
        <testcase name="testMailLogKeyIsMapped" class="RetentionConfigTest" classname="RetentionConfigTest" file="/workspace/FoodBank-Manager/tests/Unit/Core/RetentionConfigTest.php" line="31" assertions="1" time="0.000013"/>
      </testsuite>
      <testsuite name="RetentionTest" file="/workspace/FoodBank-Manager/tests/Unit/Core/RetentionTest.php" tests="2" assertions="9" errors="0" warnings="0" failures="0" skipped="0" time="0.000540">
        <testcase name="testRunProcessesAndLimits" class="RetentionTest" classname="RetentionTest" file="/workspace/FoodBank-Manager/tests/Unit/Core/RetentionTest.php" line="108" assertions="6" time="0.000433"/>
        <testcase name="testDryRunDoesNotWrite" class="RetentionTest" classname="RetentionTest" file="/workspace/FoodBank-Manager/tests/Unit/Core/RetentionTest.php" line="120" assertions="3" time="0.000107"/>
      </testsuite>
      <testsuite name="TraceTest" file="/workspace/FoodBank-Manager/tests/Unit/Core/TraceTest.php" tests="2" assertions="2" errors="0" warnings="0" failures="0" skipped="0" time="0.000045">
        <testcase name="testCountsIncrement" class="TraceTest" classname="TraceTest" file="/workspace/FoodBank-Manager/tests/Unit/Core/TraceTest.php" line="8" assertions="1" time="0.000021">
          <system-out>
&lt;!-- fbm-render count-test pass=1 --&gt;

&lt;!-- fbm-render count-test pass=2 --&gt;
</system-out>
        </testcase>
        <testcase name="testMarkOutputsComment" class="TraceTest" classname="TraceTest" file="/workspace/FoodBank-Manager/tests/Unit/Core/TraceTest.php" line="15" assertions="1" time="0.000024"/>
      </testsuite>
      <testsuite name="CssSanitizerTest" file="/workspace/FoodBank-Manager/tests/Unit/CssSanitizerTest.php" tests="1" assertions="1" errors="0" warnings="0" failures="0" skipped="0" time="0.000196">
        <testcase name="testStripsForbidden" class="CssSanitizerTest" classname="CssSanitizerTest" file="/workspace/FoodBank-Manager/tests/Unit/CssSanitizerTest.php" line="8" assertions="1" time="0.000196"/>
      </testsuite>
      <testsuite name="CsvExporterTest" file="/workspace/FoodBank-Manager/tests/Unit/CsvExporterTest.php" tests="3" assertions="8" errors="0" warnings="0" failures="0" skipped="0" time="0.000559">
        <testcase name="testStreamListMasksSensitiveByDefault" class="CsvExporterTest" classname="CsvExporterTest" file="/workspace/FoodBank-Manager/tests/Unit/CsvExporterTest.php" line="14" assertions="3" time="0.000495"/>
        <testcase name="testStreamListUnmaskedWhenAllowed" class="CsvExporterTest" classname="CsvExporterTest" file="/workspace/FoodBank-Manager/tests/Unit/CsvExporterTest.php" line="36" assertions="4" time="0.000047"/>
        <testcase name="testStreamListEmptyRowsOutputsOnlyBom" class="CsvExporterTest" classname="CsvExporterTest" file="/workspace/FoodBank-Manager/tests/Unit/CsvExporterTest.php" line="66" assertions="1" time="0.000017"/>
      </testsuite>
      <testsuite name="DashboardDeltaTest" file="/workspace/FoodBank-Manager/tests/Unit/DashboardDeltaTest.php" tests="1" assertions="3" errors="0" warnings="0" failures="0" skipped="0" time="0.000434">
        <testcase name="testDeltaMath" class="DashboardDeltaTest" classname="DashboardDeltaTest" file="/workspace/FoodBank-Manager/tests/Unit/DashboardDeltaTest.php" line="8" assertions="3" time="0.000434"/>
      </testsuite>
      <testsuite name="DashboardExportControllerTest" file="/workspace/FoodBank-Manager/tests/Unit/DashboardExportControllerTest.php" tests="2" assertions="2" errors="0" warnings="0" failures="0" skipped="0" time="0.000500">
        <testcase name="testNonceRequired" class="DashboardExportControllerTest" classname="DashboardExportControllerTest" file="/workspace/FoodBank-Manager/tests/Unit/DashboardExportControllerTest.php" line="17" assertions="1" time="0.000293"/>
        <testcase name="testExportsCsv" class="DashboardExportControllerTest" classname="DashboardExportControllerTest" file="/workspace/FoodBank-Manager/tests/Unit/DashboardExportControllerTest.php" line="26" assertions="1" time="0.000207"/>
      </testsuite>
      <testsuite name="FoodBankManagerTest\DashboardShortcodeTest" file="/workspace/FoodBank-Manager/tests/Unit/DashboardShortcodeTest.php" tests="4" assertions="8" errors="0" warnings="0" failures="0" skipped="0" time="0.000729">
        <testcase name="testSanitizePeriod" class="FoodBankManagerTest\DashboardShortcodeTest" classname="FoodBankManagerTest.DashboardShortcodeTest" file="/workspace/FoodBank-Manager/tests/Unit/DashboardShortcodeTest.php" line="16" assertions="1" time="0.000039"/>
        <testcase name="testSanitizeTypeAndEvent" class="FoodBankManagerTest\DashboardShortcodeTest" classname="FoodBankManagerTest.DashboardShortcodeTest" file="/workspace/FoodBank-Manager/tests/Unit/DashboardShortcodeTest.php" line="21" assertions="4" time="0.000025"/>
        <testcase name="testUnauthorizedGated" class="FoodBankManagerTest\DashboardShortcodeTest" classname="FoodBankManagerTest.DashboardShortcodeTest" file="/workspace/FoodBank-Manager/tests/Unit/DashboardShortcodeTest.php" line="29" assertions="1" time="0.000031"/>
        <testcase name="testSafeHtmlOutput" class="FoodBankManagerTest\DashboardShortcodeTest" classname="FoodBankManagerTest.DashboardShortcodeTest" file="/workspace/FoodBank-Manager/tests/Unit/DashboardShortcodeTest.php" line="37" assertions="2" time="0.000633"/>
      </testsuite>
      <testsuite name="EmailsPageTest" file="/workspace/FoodBank-Manager/tests/Unit/EmailsPageTest.php" tests="11" assertions="27" errors="0" warnings="0" failures="0" skipped="0" time="0.001923">
        <testcase name="testCapabilityRequired" class="EmailsPageTest" classname="EmailsPageTest" file="/workspace/FoodBank-Manager/tests/Unit/EmailsPageTest.php" line="28" assertions="1" time="0.000399"/>
        <testcase name="testListRenders" class="EmailsPageTest" classname="EmailsPageTest" file="/workspace/FoodBank-Manager/tests/Unit/EmailsPageTest.php" line="34" assertions="3" time="0.000407"/>
        <testcase name="testSaveMissingNonceBlocked" class="EmailsPageTest" classname="EmailsPageTest" file="/workspace/FoodBank-Manager/tests/Unit/EmailsPageTest.php" line="43" assertions="1" time="0.000047"/>
        <testcase name="testSaveRequiresCapability" class="EmailsPageTest" classname="EmailsPageTest" file="/workspace/FoodBank-Manager/tests/Unit/EmailsPageTest.php" line="55" assertions="1" time="0.000025"/>
        <testcase name="testSuccessfulSaveSanitizes" class="EmailsPageTest" classname="EmailsPageTest" file="/workspace/FoodBank-Manager/tests/Unit/EmailsPageTest.php" line="69" assertions="6" time="0.000378"/>
        <testcase name="testPreviewMissingNonceBlocked" class="EmailsPageTest" classname="EmailsPageTest" file="/workspace/FoodBank-Manager/tests/Unit/EmailsPageTest.php" line="96" assertions="1" time="0.000037"/>
        <testcase name="testPreviewRequiresCapability" class="EmailsPageTest" classname="EmailsPageTest" file="/workspace/FoodBank-Manager/tests/Unit/EmailsPageTest.php" line="112" assertions="1" time="0.000024"/>
        <testcase name="testPreviewSubstitutesTokens" class="EmailsPageTest" classname="EmailsPageTest" file="/workspace/FoodBank-Manager/tests/Unit/EmailsPageTest.php" line="124" assertions="5" time="0.000343"/>
        <testcase name="testResetMissingNonceBlocked" class="EmailsPageTest" classname="EmailsPageTest" file="/workspace/FoodBank-Manager/tests/Unit/EmailsPageTest.php" line="149" assertions="1" time="0.000039"/>
        <testcase name="testResetRequiresCapability" class="EmailsPageTest" classname="EmailsPageTest" file="/workspace/FoodBank-Manager/tests/Unit/EmailsPageTest.php" line="159" assertions="1" time="0.000022"/>
        <testcase name="testResetRestoresDefaults" class="EmailsPageTest" classname="EmailsPageTest" file="/workspace/FoodBank-Manager/tests/Unit/EmailsPageTest.php" line="171" assertions="6" time="0.000202"/>
      </testsuite>
      <testsuite name="BulkPdfZipTest" file="/workspace/FoodBank-Manager/tests/Unit/Exports/BulkPdfZipTest.php" tests="2" assertions="6" errors="0" warnings="0" failures="0" skipped="0" time="0.003019">
        <testcase name="testBuildZipMasked" class="BulkPdfZipTest" classname="BulkPdfZipTest" file="/workspace/FoodBank-Manager/tests/Unit/Exports/BulkPdfZipTest.php" line="15" assertions="5" time="0.002070"/>
        <testcase name="testUnmasked" class="BulkPdfZipTest" classname="BulkPdfZipTest" file="/workspace/FoodBank-Manager/tests/Unit/Exports/BulkPdfZipTest.php" line="36" assertions="1" time="0.000950"/>
      </testsuite>
      <testsuite name="PdfExporterTest" file="/workspace/FoodBank-Manager/tests/Unit/Exports/PdfExporterTest.php" tests="1" assertions="3" errors="0" warnings="0" failures="0" skipped="0" time="0.000183">
        <testcase name="testRenderEntryHandlesEngines" class="PdfExporterTest" classname="PdfExporterTest" file="/workspace/FoodBank-Manager/tests/Unit/Exports/PdfExporterTest.php" line="8" assertions="3" time="0.000183"/>
      </testsuite>
      <testsuite name="PdfReceiptTest" file="/workspace/FoodBank-Manager/tests/Unit/Exports/PdfReceiptTest.php" tests="2" assertions="6" errors="0" warnings="0" failures="0" skipped="0" time="0.000089">
        <testcase name="testHtmlFallbackAndMasking" class="PdfReceiptTest" classname="PdfReceiptTest" file="/workspace/FoodBank-Manager/tests/Unit/Exports/PdfReceiptTest.php" line="13" assertions="4" time="0.000044"/>
        <testcase name="testPdfEnginePath" class="PdfReceiptTest" classname="PdfReceiptTest" file="/workspace/FoodBank-Manager/tests/Unit/Exports/PdfReceiptTest.php" line="26" assertions="2" time="0.000045"/>
      </testsuite>
      <testsuite name="SarExporterTest" file="/workspace/FoodBank-Manager/tests/Unit/Exports/SarExporterTest.php" tests="5" assertions="17" errors="0" warnings="0" failures="0" skipped="0" time="0.002134">
        <testcase name="testMaskedExport" class="SarExporterTest" classname="SarExporterTest" file="/workspace/FoodBank-Manager/tests/Unit/Exports/SarExporterTest.php" line="19" assertions="3" time="0.000861"/>
        <testcase name="testUnmaskedExport" class="SarExporterTest" classname="SarExporterTest" file="/workspace/FoodBank-Manager/tests/Unit/Exports/SarExporterTest.php" line="49" assertions="1" time="0.000471"/>
        <testcase name="testFilenameSanitized" class="SarExporterTest" classname="SarExporterTest" file="/workspace/FoodBank-Manager/tests/Unit/Exports/SarExporterTest.php" line="74" assertions="9" time="0.000466"/>
        <testcase name="testHtmlFallback" class="SarExporterTest" classname="SarExporterTest" file="/workspace/FoodBank-Manager/tests/Unit/Exports/SarExporterTest.php" line="101" assertions="2" time="0.000112"/>
        <testcase name="testStreamOutputsHeaders" class="SarExporterTest" classname="SarExporterTest" file="/workspace/FoodBank-Manager/tests/Unit/Exports/SarExporterTest.php" line="117" assertions="2" time="0.000223"/>
      </testsuite>
      <testsuite name="XlsxWriterTest" file="/workspace/FoodBank-Manager/tests/Unit/Exports/XlsxWriterTest.php" tests="1" assertions="4" errors="0" warnings="0" failures="0" skipped="0" time="0.000909">
        <testcase name="testBuildXlsx" class="XlsxWriterTest" classname="XlsxWriterTest" file="/workspace/FoodBank-Manager/tests/Unit/Exports/XlsxWriterTest.php" line="15" assertions="4" time="0.000909"/>
      </testsuite>
      <testsuite name="FoodBankManager\Tests\Unit\Forms\PresetsRepoTest" file="/workspace/FoodBank-Manager/tests/Unit/Forms/PresetsRepoTest.php" tests="1" assertions="4" errors="0" warnings="0" failures="0" skipped="0" time="0.000373">
        <testcase name="testUpsertGetDelete" class="FoodBankManager\Tests\Unit\Forms\PresetsRepoTest" classname="FoodBankManager.Tests.Unit.Forms.PresetsRepoTest" file="/workspace/FoodBank-Manager/tests/Unit/Forms/PresetsRepoTest.php" line="18" assertions="4" time="0.000373"/>
      </testsuite>
      <testsuite name="FoodBankManager\Tests\Unit\Forms\SchemaTest" file="/workspace/FoodBank-Manager/tests/Unit/Forms/SchemaTest.php" tests="4" assertions="7" errors="0" warnings="0" failures="0" skipped="0" time="0.000125">
        <testcase name="testNormalizeValid" class="FoodBankManager\Tests\Unit\Forms\SchemaTest" classname="FoodBankManager.Tests.Unit.Forms.SchemaTest" file="/workspace/FoodBank-Manager/tests/Unit/Forms/SchemaTest.php" line="10" assertions="3" time="0.000039"/>
        <testcase name="testInvalidTypeThrows" class="FoodBankManager\Tests\Unit\Forms\SchemaTest" classname="FoodBankManager.Tests.Unit.Forms.SchemaTest" file="/workspace/FoodBank-Manager/tests/Unit/Forms/SchemaTest.php" line="24" assertions="1" time="0.000030"/>
        <testcase name="testDuplicateIdThrows" class="FoodBankManager\Tests\Unit\Forms\SchemaTest" classname="FoodBankManager.Tests.Unit.Forms.SchemaTest" file="/workspace/FoodBank-Manager/tests/Unit/Forms/SchemaTest.php" line="36" assertions="1" time="0.000032"/>
        <testcase name="testConsentAndFileFieldsNormalized" class="FoodBankManager\Tests\Unit\Forms\SchemaTest" classname="FoodBankManager.Tests.Unit.Forms.SchemaTest" file="/workspace/FoodBank-Manager/tests/Unit/Forms/SchemaTest.php" line="49" assertions="2" time="0.000023"/>
      </testsuite>
      <testsuite name="FormsPresetsTest" file="/workspace/FoodBank-Manager/tests/Unit/FormsPresetsTest.php" tests="5" assertions="9" errors="0" warnings="0" failures="0" skipped="0" time="0.000785">
        <testcase name="testResolveBuiltin" class="FormsPresetsTest" classname="FormsPresetsTest" file="/workspace/FoodBank-Manager/tests/Unit/FormsPresetsTest.php" line="48" assertions="2" time="0.000228"/>
        <testcase name="testOptionsSanitizeCustomPresets" class="FormsPresetsTest" classname="FormsPresetsTest" file="/workspace/FoodBank-Manager/tests/Unit/FormsPresetsTest.php" line="54" assertions="4" time="0.000038"/>
        <testcase name="testFormsPageRequiresCap" class="FormsPresetsTest" classname="FormsPresetsTest" file="/workspace/FoodBank-Manager/tests/Unit/FormsPresetsTest.php" line="68" assertions="1" time="0.000081"/>
        <testcase name="testFormsPageListsPresets" class="FormsPresetsTest" classname="FormsPresetsTest" file="/workspace/FoodBank-Manager/tests/Unit/FormsPresetsTest.php" line="74" assertions="1" time="0.000132"/>
        <testcase name="testShortcodePresetFallback" class="FormsPresetsTest" classname="FormsPresetsTest" file="/workspace/FoodBank-Manager/tests/Unit/FormsPresetsTest.php" line="82" assertions="1" time="0.000306"/>
      </testsuite>
      <testsuite name="FoodBankManager\Tests\Unit\Http\DiagnosticsControllerTest" file="/workspace/FoodBank-Manager/tests/Unit/Http/DiagnosticsControllerTest.php" tests="2" assertions="2" errors="0" warnings="0" failures="0" skipped="0" time="0.000483">
        <testcase name="testMailTestSuccess" class="FoodBankManager\Tests\Unit\Http\DiagnosticsControllerTest" classname="FoodBankManager.Tests.Unit.Http.DiagnosticsControllerTest" file="/workspace/FoodBank-Manager/tests/Unit/Http/DiagnosticsControllerTest.php" line="17" assertions="1" time="0.000427"/>
        <testcase name="testMailTestFailure" class="FoodBankManager\Tests\Unit\Http\DiagnosticsControllerTest" classname="FoodBankManager.Tests.Unit.Http.DiagnosticsControllerTest" file="/workspace/FoodBank-Manager/tests/Unit/Http/DiagnosticsControllerTest.php" line="28" assertions="1" time="0.000056"/>
      </testsuite>
      <testsuite name="FoodBankManager\Tests\Unit\Http\ExportControllerTest" file="/workspace/FoodBank-Manager/tests/Unit/Http/ExportControllerTest.php" tests="4" assertions="6" errors="0" warnings="0" failures="0" skipped="0" time="0.001476">
        <testcase name="testEntryPdf" class="FoodBankManager\Tests\Unit\Http\ExportControllerTest" classname="FoodBankManager.Tests.Unit.Http.ExportControllerTest" file="/workspace/FoodBank-Manager/tests/Unit/Http/ExportControllerTest.php" line="30" assertions="1" time="0.000249"/>
        <testcase name="testEntryPdfDenied" class="FoodBankManager\Tests\Unit\Http\ExportControllerTest" classname="FoodBankManager.Tests.Unit.Http.ExportControllerTest" file="/workspace/FoodBank-Manager/tests/Unit/Http/ExportControllerTest.php" line="44" assertions="1" time="0.000043"/>
        <testcase name="testEntriesZip" class="FoodBankManager\Tests\Unit\Http\ExportControllerTest" classname="FoodBankManager.Tests.Unit.Http.ExportControllerTest" file="/workspace/FoodBank-Manager/tests/Unit/Http/ExportControllerTest.php" line="56" assertions="2" time="0.000637"/>
        <testcase name="testDashboardXlsx" class="FoodBankManager\Tests\Unit\Http\ExportControllerTest" classname="FoodBankManager.Tests.Unit.Http.ExportControllerTest" file="/workspace/FoodBank-Manager/tests/Unit/Http/ExportControllerTest.php" line="77" assertions="2" time="0.000546"/>
      </testsuite>
      <testsuite name="FoodBankManager\Tests\Unit\Http\FormSubmitControllerTest" file="/workspace/FoodBank-Manager/tests/Unit/Http/FormSubmitControllerTest.php" tests="5" assertions="5" errors="0" warnings="0" failures="0" skipped="0" time="0.001259">
        <testcase name="testHappyPath" class="FoodBankManager\Tests\Unit\Http\FormSubmitControllerTest" classname="FoodBankManager.Tests.Unit.Http.FormSubmitControllerTest" file="/workspace/FoodBank-Manager/tests/Unit/Http/FormSubmitControllerTest.php" line="30" assertions="1" time="0.000783"/>
        <testcase name="testUnknownFieldRejected" class="FoodBankManager\Tests\Unit\Http\FormSubmitControllerTest" classname="FoodBankManager.Tests.Unit.Http.FormSubmitControllerTest" file="/workspace/FoodBank-Manager/tests/Unit/Http/FormSubmitControllerTest.php" line="36" assertions="1" time="0.000056"/>
        <testcase name="testCaptchaFailure" class="FoodBankManager\Tests\Unit\Http\FormSubmitControllerTest" classname="FoodBankManager.Tests.Unit.Http.FormSubmitControllerTest" file="/workspace/FoodBank-Manager/tests/Unit/Http/FormSubmitControllerTest.php" line="42" assertions="1" time="0.000262"/>
        <testcase name="testHandleRejectsInvalidNonce" class="FoodBankManager\Tests\Unit\Http\FormSubmitControllerTest" classname="FoodBankManager.Tests.Unit.Http.FormSubmitControllerTest" file="/workspace/FoodBank-Manager/tests/Unit/Http/FormSubmitControllerTest.php" line="48" assertions="1" time="0.000109"/>
        <testcase name="testHandleRequiresCaptcha" class="FoodBankManager\Tests\Unit\Http\FormSubmitControllerTest" classname="FoodBankManager.Tests.Unit.Http.FormSubmitControllerTest" file="/workspace/FoodBank-Manager/tests/Unit/Http/FormSubmitControllerTest.php" line="63" assertions="1" time="0.000048"/>
      </testsuite>
      <testsuite name="FoodBankManager\Tests\Unit\Http\MailResendControllerTest" file="/workspace/FoodBank-Manager/tests/Unit/Http/MailResendControllerTest.php" tests="3" assertions="3" errors="0" warnings="0" failures="0" skipped="0" time="0.000374">
        <testcase name="testSuccess" class="FoodBankManager\Tests\Unit\Http\MailResendControllerTest" classname="FoodBankManager.Tests.Unit.Http.MailResendControllerTest" file="/workspace/FoodBank-Manager/tests/Unit/Http/MailResendControllerTest.php" line="41" assertions="1" time="0.000282"/>
        <testcase name="testTransportError" class="FoodBankManager\Tests\Unit\Http\MailResendControllerTest" classname="FoodBankManager.Tests.Unit.Http.MailResendControllerTest" file="/workspace/FoodBank-Manager/tests/Unit/Http/MailResendControllerTest.php" line="62" assertions="1" time="0.000067"/>
        <testcase name="testDenied" class="FoodBankManager\Tests\Unit\Http\MailResendControllerTest" classname="FoodBankManager.Tests.Unit.Http.MailResendControllerTest" file="/workspace/FoodBank-Manager/tests/Unit/Http/MailResendControllerTest.php" line="82" assertions="1" time="0.000026"/>
      </testsuite>
      <testsuite name="FoodBankManager\Tests\Unit\Http\TicketsControllerTest" file="/workspace/FoodBank-Manager/tests/Unit/Http/TicketsControllerTest.php" tests="4" assertions="4" errors="0" warnings="0" failures="0" skipped="0" time="0.000575">
        <testcase name="testIssue" class="FoodBankManager\Tests\Unit\Http\TicketsControllerTest" classname="FoodBankManager.Tests.Unit.Http.TicketsControllerTest" file="/workspace/FoodBank-Manager/tests/Unit/Http/TicketsControllerTest.php" line="47" assertions="1" time="0.000429"/>
        <testcase name="testSend" class="FoodBankManager\Tests\Unit\Http\TicketsControllerTest" classname="FoodBankManager.Tests.Unit.Http.TicketsControllerTest" file="/workspace/FoodBank-Manager/tests/Unit/Http/TicketsControllerTest.php" line="58" assertions="1" time="0.000072"/>
        <testcase name="testRegenAndRevoke" class="FoodBankManager\Tests\Unit\Http\TicketsControllerTest" classname="FoodBankManager.Tests.Unit.Http.TicketsControllerTest" file="/workspace/FoodBank-Manager/tests/Unit/Http/TicketsControllerTest.php" line="69" assertions="1" time="0.000045"/>
        <testcase name="testDenied" class="FoodBankManager\Tests\Unit\Http\TicketsControllerTest" classname="FoodBankManager.Tests.Unit.Http.TicketsControllerTest" file="/workspace/FoodBank-Manager/tests/Unit/Http/TicketsControllerTest.php" line="81" assertions="1" time="0.000029"/>
      </testsuite>
      <testsuite name="InstallDuplicateDetectorTest" file="/workspace/FoodBank-Manager/tests/Unit/InstallDuplicateDetectorTest.php" tests="3" assertions="11" errors="0" warnings="0" failures="0" skipped="0" time="0.000512">
        <testcase name="testNoticeRendersForDuplicates" class="InstallDuplicateDetectorTest" classname="InstallDuplicateDetectorTest" file="/workspace/FoodBank-Manager/tests/Unit/InstallDuplicateDetectorTest.php" line="23" assertions="1" time="0.000387"/>
        <testcase name="testConsolidateActionDeactivatesDuplicates" class="InstallDuplicateDetectorTest" classname="InstallDuplicateDetectorTest" file="/workspace/FoodBank-Manager/tests/Unit/InstallDuplicateDetectorTest.php" line="31" assertions="6" time="0.000066"/>
        <testcase name="testConsolidateActionNoOp" class="InstallDuplicateDetectorTest" classname="InstallDuplicateDetectorTest" file="/workspace/FoodBank-Manager/tests/Unit/InstallDuplicateDetectorTest.php" line="49" assertions="4" time="0.000059"/>
      </testsuite>
      <testsuite name="MenuTest" file="/workspace/FoodBank-Manager/tests/Unit/MenuTest.php" tests="1" assertions="14" errors="0" warnings="0" failures="0" skipped="0" time="0.001260">
        <testcase name="testRegisterIdempotent" class="MenuTest" classname="MenuTest" file="/workspace/FoodBank-Manager/tests/Unit/MenuTest.php" line="7" assertions="14" time="0.001260"/>
      </testsuite>
      <testsuite name="MenuVisibilityTest" file="/workspace/FoodBank-Manager/tests/Unit/MenuVisibilityTest.php" tests="2" assertions="23" errors="0" warnings="0" failures="0" skipped="0" time="0.000114">
        <testcase name="testParentMenuFallsBackToManageOptions" class="MenuVisibilityTest" classname="MenuVisibilityTest" file="/workspace/FoodBank-Manager/tests/Unit/MenuVisibilityTest.php" line="15" assertions="12" time="0.000079"/>
        <testcase name="testParentMenuUsesFbmCapWhenPresent" class="MenuVisibilityTest" classname="MenuVisibilityTest" file="/workspace/FoodBank-Manager/tests/Unit/MenuVisibilityTest.php" line="29" assertions="11" time="0.000035"/>
      </testsuite>
      <testsuite name="NoticesDeDupTest" file="/workspace/FoodBank-Manager/tests/Unit/NoticesDeDupTest.php" tests="3" assertions="5" errors="0" warnings="0" failures="0" skipped="0" time="0.000184">
        <testcase name="testRenderPrintsOncePerRequest" class="NoticesDeDupTest" classname="NoticesDeDupTest" file="/workspace/FoodBank-Manager/tests/Unit/NoticesDeDupTest.php" line="19" assertions="2" time="0.000088"/>
        <testcase name="testRenderBailsOnNonFbmScreen" class="NoticesDeDupTest" classname="NoticesDeDupTest" file="/workspace/FoodBank-Manager/tests/Unit/NoticesDeDupTest.php" line="30" assertions="2" time="0.000032"/>
        <testcase name="testRenderCountTracksSingleRender" class="NoticesDeDupTest" classname="NoticesDeDupTest" file="/workspace/FoodBank-Manager/tests/Unit/NoticesDeDupTest.php" line="40" assertions="1" time="0.000065"/>
      </testsuite>
      <testsuite name="NoticesTest" file="/workspace/FoodBank-Manager/tests/Unit/NoticesTest.php" tests="3" assertions="6" errors="0" warnings="0" failures="0" skipped="0" time="0.000156">
        <testcase name="testMissingKekBailsOnNonFbmScreen" class="NoticesTest" classname="NoticesTest" file="/workspace/FoodBank-Manager/tests/Unit/NoticesTest.php" line="15" assertions="2" time="0.000049"/>
        <testcase name="testMissingKekShowsOnFbmScreen" class="NoticesTest" classname="NoticesTest" file="/workspace/FoodBank-Manager/tests/Unit/NoticesTest.php" line="26" assertions="2" time="0.000040"/>
        <testcase name="testCapsFixNoticeShownForAdminsWithoutCaps" class="NoticesTest" classname="NoticesTest" file="/workspace/FoodBank-Manager/tests/Unit/NoticesTest.php" line="37" assertions="2" time="0.000067"/>
      </testsuite>
      <testsuite name="OptionsTest" file="/workspace/FoodBank-Manager/tests/Unit/OptionsTest.php" tests="1" assertions="2" errors="0" warnings="0" failures="0" skipped="0" time="0.000314">
        <testcase name="testDefaultsAndSave" class="OptionsTest" classname="OptionsTest" file="/workspace/FoodBank-Manager/tests/Unit/OptionsTest.php" line="5" assertions="2" time="0.000314"/>
      </testsuite>
      <testsuite name="PermissionsPageTest" file="/workspace/FoodBank-Manager/tests/Unit/PermissionsPageTest.php" tests="3" assertions="4" errors="0" warnings="0" failures="0" skipped="0" time="0.001166">
        <testcase name="test_import_rejects_bad_json" class="PermissionsPageTest" classname="PermissionsPageTest" file="/workspace/FoodBank-Manager/tests/Unit/PermissionsPageTest.php" line="12" assertions="1" time="0.001040"/>
        <testcase name="test_user_override_add_and_remove" class="PermissionsPageTest" classname="PermissionsPageTest" file="/workspace/FoodBank-Manager/tests/Unit/PermissionsPageTest.php" line="31" assertions="2" time="0.000072"/>
        <testcase name="test_export_json" class="PermissionsPageTest" classname="PermissionsPageTest" file="/workspace/FoodBank-Manager/tests/Unit/PermissionsPageTest.php" line="69" assertions="1" time="0.000054">
          <system-out>{"roles":{"administrator":[]},"overrides":[]}</system-out>
        </testcase>
      </testsuite>
      <testsuite name="SecurityCryptoTest" file="/workspace/FoodBank-Manager/tests/Unit/SecurityCryptoTest.php" tests="3" assertions="4" errors="0" warnings="0" failures="0" skipped="0" time="0.005976">
        <testcase name="testRoundTrip" class="SecurityCryptoTest" classname="SecurityCryptoTest" file="/workspace/FoodBank-Manager/tests/Unit/SecurityCryptoTest.php" line="20" assertions="2" time="0.004505"/>
        <testcase name="testNonDeterministic" class="SecurityCryptoTest" classname="SecurityCryptoTest" file="/workspace/FoodBank-Manager/tests/Unit/SecurityCryptoTest.php" line="28" assertions="1" time="0.000893"/>
        <testcase name="testTamperDetection" class="SecurityCryptoTest" classname="SecurityCryptoTest" file="/workspace/FoodBank-Manager/tests/Unit/SecurityCryptoTest.php" line="35" assertions="1" time="0.000578"/>
      </testsuite>
      <testsuite name="SettingsPageTest" file="/workspace/FoodBank-Manager/tests/Unit/SettingsPageTest.php" tests="3" assertions="8" errors="0" warnings="0" failures="0" skipped="0" time="0.000449">
        <testcase name="testMissingNonceBlocked" class="SettingsPageTest" classname="SettingsPageTest" file="/workspace/FoodBank-Manager/tests/Unit/SettingsPageTest.php" line="15" assertions="1" time="0.000337"/>
        <testcase name="testUserWithoutCapBlocked" class="SettingsPageTest" classname="SettingsPageTest" file="/workspace/FoodBank-Manager/tests/Unit/SettingsPageTest.php" line="24" assertions="1" time="0.000038"/>
        <testcase name="testSuccessfulSaveSanitizes" class="SettingsPageTest" classname="SettingsPageTest" file="/workspace/FoodBank-Manager/tests/Unit/SettingsPageTest.php" line="35" assertions="6" time="0.000073"/>
      </testsuite>
      <testsuite name="FBM\Tests\Unit\Shortcodes\DashboardCompareTest" file="/workspace/FoodBank-Manager/tests/Unit/Shortcodes/DashboardCompareTest.php" tests="2" assertions="3" errors="0" warnings="0" failures="0" skipped="0" time="0.001929">
        <testcase name="testCompareShowsDelta" class="FBM\Tests\Unit\Shortcodes\DashboardCompareTest" classname="FBM.Tests.Unit.Shortcodes.DashboardCompareTest" file="/workspace/FoodBank-Manager/tests/Unit/Shortcodes/DashboardCompareTest.php" line="41" assertions="2" time="0.001448"/>
        <testcase name="testDeltaHiddenWhenCompareOff" class="FBM\Tests\Unit\Shortcodes\DashboardCompareTest" classname="FBM.Tests.Unit.Shortcodes.DashboardCompareTest" file="/workspace/FoodBank-Manager/tests/Unit/Shortcodes/DashboardCompareTest.php" line="48" assertions="1" time="0.000481"/>
      </testsuite>
      <testsuite name="FBM\Tests\Unit\Shortcodes\DashboardPersistenceTest" file="/workspace/FoodBank-Manager/tests/Unit/Shortcodes/DashboardPersistenceTest.php" tests="1" assertions="8" errors="0" warnings="0" failures="0" skipped="0" time="0.000668">
        <testcase name="testFilterPersistencePerUser" class="FBM\Tests\Unit\Shortcodes\DashboardPersistenceTest" classname="FBM.Tests.Unit.Shortcodes.DashboardPersistenceTest" file="/workspace/FoodBank-Manager/tests/Unit/Shortcodes/DashboardPersistenceTest.php" line="32" assertions="8" time="0.000668"/>
      </testsuite>
      <testsuite name="FBM\Tests\Unit\Shortcodes\DashboardShortcodeUXTest" file="/workspace/FoodBank-Manager/tests/Unit/Shortcodes/DashboardShortcodeUXTest.php" tests="3" assertions="7" errors="0" warnings="0" failures="0" skipped="0" time="0.000521">
        <testcase name="testLoadedStateRendersTokens" class="FBM\Tests\Unit\Shortcodes\DashboardShortcodeUXTest" classname="FBM.Tests.Unit.Shortcodes.DashboardShortcodeUXTest" file="/workspace/FoodBank-Manager/tests/Unit/Shortcodes/DashboardShortcodeUXTest.php" line="37" assertions="4" time="0.000254"/>
        <testcase name="testEmptyStateMessage" class="FBM\Tests\Unit\Shortcodes\DashboardShortcodeUXTest" classname="FBM.Tests.Unit.Shortcodes.DashboardShortcodeUXTest" file="/workspace/FoodBank-Manager/tests/Unit/Shortcodes/DashboardShortcodeUXTest.php" line="46" assertions="1" time="0.000225"/>
        <testcase name="testAssetsOnlyWhenShortcodePresent" class="FBM\Tests\Unit\Shortcodes\DashboardShortcodeUXTest" classname="FBM.Tests.Unit.Shortcodes.DashboardShortcodeUXTest" file="/workspace/FoodBank-Manager/tests/Unit/Shortcodes/DashboardShortcodeUXTest.php" line="52" assertions="2" time="0.000042"/>
      </testsuite>
      <testsuite name="FBM\Tests\Unit\Shortcodes\FormShortcodeTest" file="/workspace/FoodBank-Manager/tests/Unit/Shortcodes/FormShortcodeTest.php" tests="3" assertions="5" errors="0" warnings="0" failures="0" skipped="0" time="0.000265">
        <testcase name="testRendersCaptchaAndFields" class="FBM\Tests\Unit\Shortcodes\FormShortcodeTest" classname="FBM.Tests.Unit.Shortcodes.FormShortcodeTest" file="/workspace/FoodBank-Manager/tests/Unit/Shortcodes/FormShortcodeTest.php" line="45" assertions="3" time="0.000145"/>
        <testcase name="testSubmitInvalidFormDies" class="FBM\Tests\Unit\Shortcodes\FormShortcodeTest" classname="FBM.Tests.Unit.Shortcodes.FormShortcodeTest" file="/workspace/FoodBank-Manager/tests/Unit/Shortcodes/FormShortcodeTest.php" line="55" assertions="1" time="0.000049"/>
        <testcase name="testTamperedSchemaReturnsEmpty" class="FBM\Tests\Unit\Shortcodes\FormShortcodeTest" classname="FBM.Tests.Unit.Shortcodes.FormShortcodeTest" file="/workspace/FoodBank-Manager/tests/Unit/Shortcodes/FormShortcodeTest.php" line="71" assertions="1" time="0.000071"/>
      </testsuite>
      <testsuite name="TemplatesTest" file="/workspace/FoodBank-Manager/tests/Unit/TemplatesTest.php" tests="3" assertions="6" errors="0" warnings="0" failures="0" skipped="0" time="0.000062">
        <testcase name="testDefaultsContainTemplates" class="TemplatesTest" classname="TemplatesTest" file="/workspace/FoodBank-Manager/tests/Unit/TemplatesTest.php" line="8" assertions="2" time="0.000019"/>
        <testcase name="testRenderReplacesWhitelistedTokensOnly" class="TemplatesTest" classname="TemplatesTest" file="/workspace/FoodBank-Manager/tests/Unit/TemplatesTest.php" line="14" assertions="3" time="0.000030"/>
        <testcase name="testUnknownTokensLeftAsIs" class="TemplatesTest" classname="TemplatesTest" file="/workspace/FoodBank-Manager/tests/Unit/TemplatesTest.php" line="31" assertions="1" time="0.000013"/>
      </testsuite>
      <testsuite name="ThemePageTest" file="/workspace/FoodBank-Manager/tests/Unit/ThemePageTest.php" tests="6" assertions="14" errors="0" warnings="0" failures="0" skipped="0" time="0.000589">
        <testcase name="testMissingNonceBlocked" class="ThemePageTest" classname="ThemePageTest" file="/workspace/FoodBank-Manager/tests/Unit/ThemePageTest.php" line="33" assertions="1" time="0.000161"/>
        <testcase name="testUserWithoutCapBlocked" class="ThemePageTest" classname="ThemePageTest" file="/workspace/FoodBank-Manager/tests/Unit/ThemePageTest.php" line="40" assertions="1" time="0.000036"/>
        <testcase name="testSuccessfulSave" class="ThemePageTest" classname="ThemePageTest" file="/workspace/FoodBank-Manager/tests/Unit/ThemePageTest.php" line="49" assertions="3" time="0.000053"/>
        <testcase name="testInvalidTokensClampToDefaults" class="ThemePageTest" classname="ThemePageTest" file="/workspace/FoodBank-Manager/tests/Unit/ThemePageTest.php" line="68" assertions="5" time="0.000226"/>
        <testcase name="testCssVarsOutput" class="ThemePageTest" classname="ThemePageTest" file="/workspace/FoodBank-Manager/tests/Unit/ThemePageTest.php" line="84" assertions="1" time="0.000069"/>
        <testcase name="testPreviewMarkupScoped" class="ThemePageTest" classname="ThemePageTest" file="/workspace/FoodBank-Manager/tests/Unit/ThemePageTest.php" line="98" assertions="3" time="0.000043"/>
      </testsuite>
      <testsuite name="TokenServiceTest" file="/workspace/FoodBank-Manager/tests/Unit/TokenServiceTest.php" tests="4" assertions="5" errors="0" warnings="0" failures="0" skipped="0" time="0.000215">
        <testcase name="testValidToken" class="TokenServiceTest" classname="TokenServiceTest" file="/workspace/FoodBank-Manager/tests/Unit/TokenServiceTest.php" line="8" assertions="1" time="0.000150"/>
        <testcase name="testBadTokenFails" class="TokenServiceTest" classname="TokenServiceTest" file="/workspace/FoodBank-Manager/tests/Unit/TokenServiceTest.php" line="14" assertions="1" time="0.000024"/>
        <testcase name="testFreshnessWindow" class="TokenServiceTest" classname="TokenServiceTest" file="/workspace/FoodBank-Manager/tests/Unit/TokenServiceTest.php" line="19" assertions="2" time="0.000025"/>
        <testcase name="testFutureToken" class="TokenServiceTest" classname="TokenServiceTest" file="/workspace/FoodBank-Manager/tests/Unit/TokenServiceTest.php" line="30" assertions="1" time="0.000017"/>
      </testsuite>
      <testsuite name="WPUrlHelpersTest" file="/workspace/FoodBank-Manager/tests/Unit/WPUrlHelpersTest.php" tests="3" assertions="5" errors="0" warnings="0" failures="0" skipped="0" time="0.000062">
        <testcase name="testAddQueryArgFormsAndFragments" class="WPUrlHelpersTest" classname="WPUrlHelpersTest" file="/workspace/FoodBank-Manager/tests/Unit/WPUrlHelpersTest.php" line="7" assertions="2" time="0.000027"/>
        <testcase name="testRemoveQueryArgPreservesFragment" class="WPUrlHelpersTest" classname="WPUrlHelpersTest" file="/workspace/FoodBank-Manager/tests/Unit/WPUrlHelpersTest.php" line="15" assertions="2" time="0.000019"/>
        <testcase name="testNonceUrlAppendsNonce" class="WPUrlHelpersTest" classname="WPUrlHelpersTest" file="/workspace/FoodBank-Manager/tests/Unit/WPUrlHelpersTest.php" line="21" assertions="1" time="0.000016"/>
      </testsuite>
    </testsuite>
  </testsuite>
</testsuites>
